#
# There is insufficient memory for the Java Runtime Environment to continue.
# Native memory allocation (malloc) failed to allocate 2412656 bytes for Chunk::new
# Possible reasons:
#   The system is out of physical RAM or swap space
#   The process is running with CompressedOops enabled, and the Java Heap may be blocking the growth of the native heap
# Possible solutions:
#   Reduce memory load on the system
#   Increase physical memory or swap space
#   Check if swap backing store is full
#   Decrease Java heap size (-Xmx/-Xms)
#   Decrease number of Java threads
#   Decrease Java thread stack sizes (-Xss)
#   Set larger code cache with -XX:ReservedCodeCacheSize=
#   JVM is running with Unscaled Compressed Oops mode in which the Java heap is
#     placed in the first 4GB address space. The Java Heap base address is the
#     maximum limit for the native heap growth. Please use -XX:HeapBaseMinAddress
#     to set the Java Heap base and to place the Java Heap above 4GB virtual address.
# This output file may be truncated or incomplete.
#
#  Out of Memory Error (arena.cpp:189), pid=30404, tid=4428
#
# JRE version: Java(TM) SE Runtime Environment (17.0.10+11) (build 17.0.10+11-LTS-240)
# Java VM: Java HotSpot(TM) 64-Bit Server VM (17.0.10+11-LTS-240, mixed mode, sharing, tiered, compressed oops, compressed class ptrs, g1 gc, windows-amd64)
# No core dump will be written. Minidumps are not enabled by default on client versions of Windows
#

---------------  S U M M A R Y ------------

Command Line: -Dorg.gradle.internal.worker.tmpdir=D:\Users\82106\Desktop\SSAFY\CS\c4-cometrue-assignment\build\tmp\test\work -Dorg.gradle.native=false -javaagent:D:\Users\82106\Desktop\SSAFY\CS\c4-cometrue-assignment\build\tmp\.cache\expanded\zip_0bd0851504e6286cb5fc6f37a81e25cc\jacocoagent.jar=destfile=build/jacoco/test.exec,append=true,inclnolocationclasses=false,dumponexit=true,output=file,jmx=false -Xmx512m -Dfile.encoding=UTF-8 -Duser.country=KR -Duser.language=ko -Duser.variant -ea worker.org.gradle.process.internal.worker.GradleWorkerMain 'Gradle Test Executor 2'

Host: Intel(R) Core(TM) i5-1035G4 CPU @ 1.10GHz, 8 cores, 7G,  Windows 10 , 64 bit Build 19041 (10.0.19041.3636)
Time: Tue Jun 25 22:19:57 2024  Windows 10 , 64 bit Build 19041 (10.0.19041.3636) elapsed time: 3.392251 seconds (0d 0h 0m 3s)

---------------  T H R E A D  ---------------

Current thread (0x000001a7388840a0):  JavaThread "C2 CompilerThread0" daemon [_thread_in_native, id=4428, stack(0x00000036cba00000,0x00000036cbb00000)]


Current CompileTask:
C2:   3392 1133       4       org.jacoco.agent.rt.internal_4481564.asm.ClassReader::readCode (5117 bytes)

Stack: [0x00000036cba00000,0x00000036cbb00000]
Native frames: (J=compiled Java code, j=interpreted, Vv=VM code, C=native code)
V  [jvm.dll+0x677a5a]
V  [jvm.dll+0x7d8b2d]
V  [jvm.dll+0x7da48e]
V  [jvm.dll+0x7daaf3]
V  [jvm.dll+0x2455ff]
V  [jvm.dll+0xaaafb]
V  [jvm.dll+0xab09c]
V  [jvm.dll+0x361b5f]
V  [jvm.dll+0x32c211]
V  [jvm.dll+0x32b6aa]
V  [jvm.dll+0x21794f]
V  [jvm.dll+0x216d81]
V  [jvm.dll+0x1a3410]
V  [jvm.dll+0x226aeb]
V  [jvm.dll+0x224cab]
V  [jvm.dll+0x78e45c]
V  [jvm.dll+0x78888a]
V  [jvm.dll+0x676935]
C  [ucrtbase.dll+0x21bb2]
C  [KERNEL32.DLL+0x17344]
C  [ntdll.dll+0x4cc91]


---------------  P R O C E S S  ---------------

Threads class SMR info:
_java_thread_list=0x000001a738bdfce0, length=13, elements={
0x000001a71dfb6d90, 0x000001a73885cc80, 0x000001a73885d840, 0x000001a738879990,
0x000001a73887c460, 0x000001a73887ee30, 0x000001a738882cf0, 0x000001a7388840a0,
0x000001a73888cb60, 0x000001a73889e130, 0x000001a738a34860, 0x000001a77e4d3aa0,
0x000001a77f9972f0
}

Java Threads: ( => current thread )
  0x000001a71dfb6d90 JavaThread "Test worker" [_thread_in_Java, id=32680, stack(0x00000036cad00000,0x00000036cae00000)]
  0x000001a73885cc80 JavaThread "Reference Handler" daemon [_thread_blocked, id=29452, stack(0x00000036cb400000,0x00000036cb500000)]
  0x000001a73885d840 JavaThread "Finalizer" daemon [_thread_blocked, id=28688, stack(0x00000036cb500000,0x00000036cb600000)]
  0x000001a738879990 JavaThread "Signal Dispatcher" daemon [_thread_blocked, id=32024, stack(0x00000036cb600000,0x00000036cb700000)]
  0x000001a73887c460 JavaThread "Attach Listener" daemon [_thread_blocked, id=32724, stack(0x00000036cb700000,0x00000036cb800000)]
  0x000001a73887ee30 JavaThread "Service Thread" daemon [_thread_blocked, id=16116, stack(0x00000036cb800000,0x00000036cb900000)]
  0x000001a738882cf0 JavaThread "Monitor Deflation Thread" daemon [_thread_blocked, id=31988, stack(0x00000036cb900000,0x00000036cba00000)]
=>0x000001a7388840a0 JavaThread "C2 CompilerThread0" daemon [_thread_in_native, id=4428, stack(0x00000036cba00000,0x00000036cbb00000)]
  0x000001a73888cb60 JavaThread "C1 CompilerThread0" daemon [_thread_blocked, id=28068, stack(0x00000036cbb00000,0x00000036cbc00000)]
  0x000001a73889e130 JavaThread "Sweeper thread" daemon [_thread_blocked, id=29624, stack(0x00000036cbc00000,0x00000036cbd00000)]
  0x000001a738a34860 JavaThread "Common-Cleaner" daemon [_thread_blocked, id=32596, stack(0x00000036cbd00000,0x00000036cbe00000)]
  0x000001a77e4d3aa0 JavaThread "Notification Thread" daemon [_thread_blocked, id=276, stack(0x00000036cbe00000,0x00000036cbf00000)]
  0x000001a77f9972f0 JavaThread "/127.0.0.1:58708 to /127.0.0.1:58706 workers" [_thread_blocked, id=32120, stack(0x00000036cc800000,0x00000036cc900000)]

Other Threads:
  0x000001a7388538f0 VMThread "VM Thread" [stack: 0x00000036cb300000,0x00000036cb400000] [id=21564]
  0x000001a71e000340 WatcherThread [stack: 0x00000036cbf00000,0x00000036cc000000] [id=5720]
  0x000001a71dfe5d10 GCTaskThread "GC Thread#0" [stack: 0x00000036cae00000,0x00000036caf00000] [id=31120]
  0x000001a77ec2eaf0 GCTaskThread "GC Thread#1" [stack: 0x00000036cc000000,0x00000036cc100000] [id=2560]
  0x000001a77eba0e50 GCTaskThread "GC Thread#2" [stack: 0x00000036cc100000,0x00000036cc200000] [id=32572]
  0x000001a77eba5120 GCTaskThread "GC Thread#3" [stack: 0x00000036cc200000,0x00000036cc300000] [id=32516]
  0x000001a77f1ded80 GCTaskThread "GC Thread#4" [stack: 0x00000036cc400000,0x00000036cc500000] [id=29840]
  0x000001a77f435d20 GCTaskThread "GC Thread#5" [stack: 0x00000036cc500000,0x00000036cc600000] [id=3400]
  0x000001a77f1f4090 GCTaskThread "GC Thread#6" [stack: 0x00000036cc600000,0x00000036cc700000] [id=27540]
  0x000001a77f4e61c0 GCTaskThread "GC Thread#7" [stack: 0x00000036cc700000,0x00000036cc800000] [id=30340]
  0x000001a71dfeac60 ConcurrentGCThread "G1 Main Marker" [stack: 0x00000036caf00000,0x00000036cb000000] [id=28764]
  0x000001a71dfebe10 ConcurrentGCThread "G1 Conc#0" [stack: 0x00000036cb000000,0x00000036cb100000] [id=22276]
  0x000001a71e0733e0 ConcurrentGCThread "G1 Refine#0" [stack: 0x00000036cb100000,0x00000036cb200000] [id=5488]
  0x000001a71e073e10 ConcurrentGCThread "G1 Service" [stack: 0x00000036cb200000,0x00000036cb300000] [id=31968]

Threads with active compile tasks:
C2 CompilerThread0     3489 1133       4       org.jacoco.agent.rt.internal_4481564.asm.ClassReader::readCode (5117 bytes)

VM state: not at safepoint (normal execution)

VM Mutex/Monitor currently owned by a thread: None

Heap address: 0x00000000e0000000, size: 512 MB, Compressed Oops mode: 32-bit

CDS archive(s) mapped at: [0x000001a739000000-0x000001a739bd0000-0x000001a739bd0000), size 12386304, SharedBaseAddress: 0x000001a739000000, ArchiveRelocationMode: 1.
Compressed class space mapped at: 0x000001a73a000000-0x000001a77a000000, reserved size: 1073741824
Narrow klass base: 0x000001a739000000, Narrow klass shift: 0, Narrow klass range: 0x100000000

GC Precious Log:
 CPUs: 8 total, 8 available
 Memory: 7901M
 Large Page Support: Disabled
 NUMA Support: Disabled
 Compressed Oops: Enabled (32-bit)
 Heap Region Size: 1M
 Heap Min Capacity: 8M
 Heap Initial Capacity: 124M
 Heap Max Capacity: 512M
 Pre-touch: Disabled
 Parallel Workers: 8
 Concurrent Workers: 2
 Concurrent Refinement Workers: 8
 Periodic GC: Disabled

Heap:
 garbage-first heap   total 126976K, used 17868K [0x00000000e0000000, 0x0000000100000000)
  region size 1024K, 10 young (10240K), 2 survivors (2048K)
 Metaspace       used 6788K, committed 7040K, reserved 1114112K
  class space    used 760K, committed 896K, reserved 1048576K

Heap Regions: E=young(eden), S=young(survivor), O=old, HS=humongous(starts), HC=humongous(continues), CS=collection set, F=free, OA=open archive, CA=closed archive, TAMS=top-at-mark-start (previous, next)
|   0|0x00000000e0000000, 0x00000000e0100000, 0x00000000e0100000|100%|HS|  |TAMS 0x00000000e0000000, 0x00000000e0000000| Complete 
|   1|0x00000000e0100000, 0x00000000e0200000, 0x00000000e0200000|100%| O|  |TAMS 0x00000000e0100000, 0x00000000e0100000| Untracked 
|   2|0x00000000e0200000, 0x00000000e0300000, 0x00000000e0300000|100%| O|  |TAMS 0x00000000e0200000, 0x00000000e0200000| Untracked 
|   3|0x00000000e0300000, 0x00000000e0400000, 0x00000000e0400000|100%| O|  |TAMS 0x00000000e0300000, 0x00000000e0300000| Untracked 
|   4|0x00000000e0400000, 0x00000000e0500000, 0x00000000e0500000|100%| O|  |TAMS 0x00000000e0400000, 0x00000000e0400000| Untracked 
|   5|0x00000000e0500000, 0x00000000e0600000, 0x00000000e0600000|100%| O|  |TAMS 0x00000000e0500000, 0x00000000e0500000| Untracked 
|   6|0x00000000e0600000, 0x00000000e0700000, 0x00000000e0700000|100%| O|  |TAMS 0x00000000e0600000, 0x00000000e0600000| Untracked 
|   7|0x00000000e0700000, 0x00000000e0800000, 0x00000000e0800000|100%| O|  |TAMS 0x00000000e0700000, 0x00000000e0700000| Untracked 
|   8|0x00000000e0800000, 0x00000000e08b3800, 0x00000000e0900000| 70%| O|  |TAMS 0x00000000e0800000, 0x00000000e0800000| Untracked 
|   9|0x00000000e0900000, 0x00000000e0900000, 0x00000000e0a00000|  0%| F|  |TAMS 0x00000000e0900000, 0x00000000e0900000| Untracked 
|  10|0x00000000e0a00000, 0x00000000e0a00000, 0x00000000e0b00000|  0%| F|  |TAMS 0x00000000e0a00000, 0x00000000e0a00000| Untracked 
|  11|0x00000000e0b00000, 0x00000000e0b00000, 0x00000000e0c00000|  0%| F|  |TAMS 0x00000000e0b00000, 0x00000000e0b00000| Untracked 
|  12|0x00000000e0c00000, 0x00000000e0c00000, 0x00000000e0d00000|  0%| F|  |TAMS 0x00000000e0c00000, 0x00000000e0c00000| Untracked 
|  13|0x00000000e0d00000, 0x00000000e0d00000, 0x00000000e0e00000|  0%| F|  |TAMS 0x00000000e0d00000, 0x00000000e0d00000| Untracked 
|  14|0x00000000e0e00000, 0x00000000e0e00000, 0x00000000e0f00000|  0%| F|  |TAMS 0x00000000e0e00000, 0x00000000e0e00000| Untracked 
|  15|0x00000000e0f00000, 0x00000000e0f00000, 0x00000000e1000000|  0%| F|  |TAMS 0x00000000e0f00000, 0x00000000e0f00000| Untracked 
|  16|0x00000000e1000000, 0x00000000e1000000, 0x00000000e1100000|  0%| F|  |TAMS 0x00000000e1000000, 0x00000000e1000000| Untracked 
|  17|0x00000000e1100000, 0x00000000e1100000, 0x00000000e1200000|  0%| F|  |TAMS 0x00000000e1100000, 0x00000000e1100000| Untracked 
|  18|0x00000000e1200000, 0x00000000e1200000, 0x00000000e1300000|  0%| F|  |TAMS 0x00000000e1200000, 0x00000000e1200000| Untracked 
|  19|0x00000000e1300000, 0x00000000e1300000, 0x00000000e1400000|  0%| F|  |TAMS 0x00000000e1300000, 0x00000000e1300000| Untracked 
|  20|0x00000000e1400000, 0x00000000e1400000, 0x00000000e1500000|  0%| F|  |TAMS 0x00000000e1400000, 0x00000000e1400000| Untracked 
|  21|0x00000000e1500000, 0x00000000e1500000, 0x00000000e1600000|  0%| F|  |TAMS 0x00000000e1500000, 0x00000000e1500000| Untracked 
|  22|0x00000000e1600000, 0x00000000e1600000, 0x00000000e1700000|  0%| F|  |TAMS 0x00000000e1600000, 0x00000000e1600000| Untracked 
|  23|0x00000000e1700000, 0x00000000e1700000, 0x00000000e1800000|  0%| F|  |TAMS 0x00000000e1700000, 0x00000000e1700000| Untracked 
|  24|0x00000000e1800000, 0x00000000e1800000, 0x00000000e1900000|  0%| F|  |TAMS 0x00000000e1800000, 0x00000000e1800000| Untracked 
|  25|0x00000000e1900000, 0x00000000e1900000, 0x00000000e1a00000|  0%| F|  |TAMS 0x00000000e1900000, 0x00000000e1900000| Untracked 
|  26|0x00000000e1a00000, 0x00000000e1a00000, 0x00000000e1b00000|  0%| F|  |TAMS 0x00000000e1a00000, 0x00000000e1a00000| Untracked 
|  27|0x00000000e1b00000, 0x00000000e1b00000, 0x00000000e1c00000|  0%| F|  |TAMS 0x00000000e1b00000, 0x00000000e1b00000| Untracked 
|  28|0x00000000e1c00000, 0x00000000e1c00000, 0x00000000e1d00000|  0%| F|  |TAMS 0x00000000e1c00000, 0x00000000e1c00000| Untracked 
|  29|0x00000000e1d00000, 0x00000000e1d00000, 0x00000000e1e00000|  0%| F|  |TAMS 0x00000000e1d00000, 0x00000000e1d00000| Untracked 
|  30|0x00000000e1e00000, 0x00000000e1e00000, 0x00000000e1f00000|  0%| F|  |TAMS 0x00000000e1e00000, 0x00000000e1e00000| Untracked 
|  31|0x00000000e1f00000, 0x00000000e1f00000, 0x00000000e2000000|  0%| F|  |TAMS 0x00000000e1f00000, 0x00000000e1f00000| Untracked 
|  32|0x00000000e2000000, 0x00000000e2000000, 0x00000000e2100000|  0%| F|  |TAMS 0x00000000e2000000, 0x00000000e2000000| Untracked 
|  33|0x00000000e2100000, 0x00000000e2100000, 0x00000000e2200000|  0%| F|  |TAMS 0x00000000e2100000, 0x00000000e2100000| Untracked 
|  34|0x00000000e2200000, 0x00000000e2200000, 0x00000000e2300000|  0%| F|  |TAMS 0x00000000e2200000, 0x00000000e2200000| Untracked 
|  35|0x00000000e2300000, 0x00000000e2300000, 0x00000000e2400000|  0%| F|  |TAMS 0x00000000e2300000, 0x00000000e2300000| Untracked 
|  36|0x00000000e2400000, 0x00000000e2400000, 0x00000000e2500000|  0%| F|  |TAMS 0x00000000e2400000, 0x00000000e2400000| Untracked 
|  37|0x00000000e2500000, 0x00000000e2500000, 0x00000000e2600000|  0%| F|  |TAMS 0x00000000e2500000, 0x00000000e2500000| Untracked 
|  38|0x00000000e2600000, 0x00000000e2600000, 0x00000000e2700000|  0%| F|  |TAMS 0x00000000e2600000, 0x00000000e2600000| Untracked 
|  39|0x00000000e2700000, 0x00000000e2700000, 0x00000000e2800000|  0%| F|  |TAMS 0x00000000e2700000, 0x00000000e2700000| Untracked 
|  40|0x00000000e2800000, 0x00000000e2800000, 0x00000000e2900000|  0%| F|  |TAMS 0x00000000e2800000, 0x00000000e2800000| Untracked 
|  41|0x00000000e2900000, 0x00000000e2900000, 0x00000000e2a00000|  0%| F|  |TAMS 0x00000000e2900000, 0x00000000e2900000| Untracked 
|  42|0x00000000e2a00000, 0x00000000e2a00000, 0x00000000e2b00000|  0%| F|  |TAMS 0x00000000e2a00000, 0x00000000e2a00000| Untracked 
|  43|0x00000000e2b00000, 0x00000000e2b00000, 0x00000000e2c00000|  0%| F|  |TAMS 0x00000000e2b00000, 0x00000000e2b00000| Untracked 
|  44|0x00000000e2c00000, 0x00000000e2c00000, 0x00000000e2d00000|  0%| F|  |TAMS 0x00000000e2c00000, 0x00000000e2c00000| Untracked 
|  45|0x00000000e2d00000, 0x00000000e2d00000, 0x00000000e2e00000|  0%| F|  |TAMS 0x00000000e2d00000, 0x00000000e2d00000| Untracked 
|  46|0x00000000e2e00000, 0x00000000e2e00000, 0x00000000e2f00000|  0%| F|  |TAMS 0x00000000e2e00000, 0x00000000e2e00000| Untracked 
|  47|0x00000000e2f00000, 0x00000000e2f00000, 0x00000000e3000000|  0%| F|  |TAMS 0x00000000e2f00000, 0x00000000e2f00000| Untracked 
|  48|0x00000000e3000000, 0x00000000e3000000, 0x00000000e3100000|  0%| F|  |TAMS 0x00000000e3000000, 0x00000000e3000000| Untracked 
|  49|0x00000000e3100000, 0x00000000e3100000, 0x00000000e3200000|  0%| F|  |TAMS 0x00000000e3100000, 0x00000000e3100000| Untracked 
|  50|0x00000000e3200000, 0x00000000e3200000, 0x00000000e3300000|  0%| F|  |TAMS 0x00000000e3200000, 0x00000000e3200000| Untracked 
|  51|0x00000000e3300000, 0x00000000e3300000, 0x00000000e3400000|  0%| F|  |TAMS 0x00000000e3300000, 0x00000000e3300000| Untracked 
|  52|0x00000000e3400000, 0x00000000e3400000, 0x00000000e3500000|  0%| F|  |TAMS 0x00000000e3400000, 0x00000000e3400000| Untracked 
|  53|0x00000000e3500000, 0x00000000e3500000, 0x00000000e3600000|  0%| F|  |TAMS 0x00000000e3500000, 0x00000000e3500000| Untracked 
|  54|0x00000000e3600000, 0x00000000e3600000, 0x00000000e3700000|  0%| F|  |TAMS 0x00000000e3600000, 0x00000000e3600000| Untracked 
|  55|0x00000000e3700000, 0x00000000e3700000, 0x00000000e3800000|  0%| F|  |TAMS 0x00000000e3700000, 0x00000000e3700000| Untracked 
|  56|0x00000000e3800000, 0x00000000e3800000, 0x00000000e3900000|  0%| F|  |TAMS 0x00000000e3800000, 0x00000000e3800000| Untracked 
|  57|0x00000000e3900000, 0x00000000e3900000, 0x00000000e3a00000|  0%| F|  |TAMS 0x00000000e3900000, 0x00000000e3900000| Untracked 
|  58|0x00000000e3a00000, 0x00000000e3a00000, 0x00000000e3b00000|  0%| F|  |TAMS 0x00000000e3a00000, 0x00000000e3a00000| Untracked 
|  59|0x00000000e3b00000, 0x00000000e3b00000, 0x00000000e3c00000|  0%| F|  |TAMS 0x00000000e3b00000, 0x00000000e3b00000| Untracked 
|  60|0x00000000e3c00000, 0x00000000e3c00000, 0x00000000e3d00000|  0%| F|  |TAMS 0x00000000e3c00000, 0x00000000e3c00000| Untracked 
|  61|0x00000000e3d00000, 0x00000000e3d00000, 0x00000000e3e00000|  0%| F|  |TAMS 0x00000000e3d00000, 0x00000000e3d00000| Untracked 
|  62|0x00000000e3e00000, 0x00000000e3e00000, 0x00000000e3f00000|  0%| F|  |TAMS 0x00000000e3e00000, 0x00000000e3e00000| Untracked 
|  63|0x00000000e3f00000, 0x00000000e3f00000, 0x00000000e4000000|  0%| F|  |TAMS 0x00000000e3f00000, 0x00000000e3f00000| Untracked 
|  64|0x00000000e4000000, 0x00000000e4000000, 0x00000000e4100000|  0%| F|  |TAMS 0x00000000e4000000, 0x00000000e4000000| Untracked 
|  65|0x00000000e4100000, 0x00000000e4100000, 0x00000000e4200000|  0%| F|  |TAMS 0x00000000e4100000, 0x00000000e4100000| Untracked 
|  66|0x00000000e4200000, 0x00000000e4200000, 0x00000000e4300000|  0%| F|  |TAMS 0x00000000e4200000, 0x00000000e4200000| Untracked 
|  67|0x00000000e4300000, 0x00000000e4300000, 0x00000000e4400000|  0%| F|  |TAMS 0x00000000e4300000, 0x00000000e4300000| Untracked 
|  68|0x00000000e4400000, 0x00000000e4400000, 0x00000000e4500000|  0%| F|  |TAMS 0x00000000e4400000, 0x00000000e4400000| Untracked 
|  69|0x00000000e4500000, 0x00000000e4500000, 0x00000000e4600000|  0%| F|  |TAMS 0x00000000e4500000, 0x00000000e4500000| Untracked 
|  70|0x00000000e4600000, 0x00000000e4600000, 0x00000000e4700000|  0%| F|  |TAMS 0x00000000e4600000, 0x00000000e4600000| Untracked 
|  71|0x00000000e4700000, 0x00000000e4700000, 0x00000000e4800000|  0%| F|  |TAMS 0x00000000e4700000, 0x00000000e4700000| Untracked 
|  72|0x00000000e4800000, 0x00000000e4800000, 0x00000000e4900000|  0%| F|  |TAMS 0x00000000e4800000, 0x00000000e4800000| Untracked 
|  73|0x00000000e4900000, 0x00000000e4900000, 0x00000000e4a00000|  0%| F|  |TAMS 0x00000000e4900000, 0x00000000e4900000| Untracked 
|  74|0x00000000e4a00000, 0x00000000e4a00000, 0x00000000e4b00000|  0%| F|  |TAMS 0x00000000e4a00000, 0x00000000e4a00000| Untracked 
|  75|0x00000000e4b00000, 0x00000000e4b00000, 0x00000000e4c00000|  0%| F|  |TAMS 0x00000000e4b00000, 0x00000000e4b00000| Untracked 
|  76|0x00000000e4c00000, 0x00000000e4c00000, 0x00000000e4d00000|  0%| F|  |TAMS 0x00000000e4c00000, 0x00000000e4c00000| Untracked 
|  77|0x00000000e4d00000, 0x00000000e4d00000, 0x00000000e4e00000|  0%| F|  |TAMS 0x00000000e4d00000, 0x00000000e4d00000| Untracked 
|  78|0x00000000e4e00000, 0x00000000e4e00000, 0x00000000e4f00000|  0%| F|  |TAMS 0x00000000e4e00000, 0x00000000e4e00000| Untracked 
|  79|0x00000000e4f00000, 0x00000000e4f00000, 0x00000000e5000000|  0%| F|  |TAMS 0x00000000e4f00000, 0x00000000e4f00000| Untracked 
|  80|0x00000000e5000000, 0x00000000e5000000, 0x00000000e5100000|  0%| F|  |TAMS 0x00000000e5000000, 0x00000000e5000000| Untracked 
|  81|0x00000000e5100000, 0x00000000e5100000, 0x00000000e5200000|  0%| F|  |TAMS 0x00000000e5100000, 0x00000000e5100000| Untracked 
|  82|0x00000000e5200000, 0x00000000e5200000, 0x00000000e5300000|  0%| F|  |TAMS 0x00000000e5200000, 0x00000000e5200000| Untracked 
|  83|0x00000000e5300000, 0x00000000e5300000, 0x00000000e5400000|  0%| F|  |TAMS 0x00000000e5300000, 0x00000000e5300000| Untracked 
|  84|0x00000000e5400000, 0x00000000e5400000, 0x00000000e5500000|  0%| F|  |TAMS 0x00000000e5400000, 0x00000000e5400000| Untracked 
|  85|0x00000000e5500000, 0x00000000e5500000, 0x00000000e5600000|  0%| F|  |TAMS 0x00000000e5500000, 0x00000000e5500000| Untracked 
|  86|0x00000000e5600000, 0x00000000e5600000, 0x00000000e5700000|  0%| F|  |TAMS 0x00000000e5600000, 0x00000000e5600000| Untracked 
|  87|0x00000000e5700000, 0x00000000e5700000, 0x00000000e5800000|  0%| F|  |TAMS 0x00000000e5700000, 0x00000000e5700000| Untracked 
|  88|0x00000000e5800000, 0x00000000e5800000, 0x00000000e5900000|  0%| F|  |TAMS 0x00000000e5800000, 0x00000000e5800000| Untracked 
|  89|0x00000000e5900000, 0x00000000e5900000, 0x00000000e5a00000|  0%| F|  |TAMS 0x00000000e5900000, 0x00000000e5900000| Untracked 
|  90|0x00000000e5a00000, 0x00000000e5a00000, 0x00000000e5b00000|  0%| F|  |TAMS 0x00000000e5a00000, 0x00000000e5a00000| Untracked 
|  91|0x00000000e5b00000, 0x00000000e5b00000, 0x00000000e5c00000|  0%| F|  |TAMS 0x00000000e5b00000, 0x00000000e5b00000| Untracked 
|  92|0x00000000e5c00000, 0x00000000e5c00000, 0x00000000e5d00000|  0%| F|  |TAMS 0x00000000e5c00000, 0x00000000e5c00000| Untracked 
|  93|0x00000000e5d00000, 0x00000000e5d00000, 0x00000000e5e00000|  0%| F|  |TAMS 0x00000000e5d00000, 0x00000000e5d00000| Untracked 
|  94|0x00000000e5e00000, 0x00000000e5e00000, 0x00000000e5f00000|  0%| F|  |TAMS 0x00000000e5e00000, 0x00000000e5e00000| Untracked 
|  95|0x00000000e5f00000, 0x00000000e5fbfb80, 0x00000000e6000000| 74%| S|CS|TAMS 0x00000000e5f00000, 0x00000000e5f00000| Complete 
|  96|0x00000000e6000000, 0x00000000e6100000, 0x00000000e6100000|100%| S|CS|TAMS 0x00000000e6000000, 0x00000000e6000000| Complete 
|  97|0x00000000e6100000, 0x00000000e6100000, 0x00000000e6200000|  0%| F|  |TAMS 0x00000000e6100000, 0x00000000e6100000| Untracked 
|  98|0x00000000e6200000, 0x00000000e6200000, 0x00000000e6300000|  0%| F|  |TAMS 0x00000000e6200000, 0x00000000e6200000| Untracked 
|  99|0x00000000e6300000, 0x00000000e6300000, 0x00000000e6400000|  0%| F|  |TAMS 0x00000000e6300000, 0x00000000e6300000| Untracked 
| 100|0x00000000e6400000, 0x00000000e6400000, 0x00000000e6500000|  0%| F|  |TAMS 0x00000000e6400000, 0x00000000e6400000| Untracked 
| 101|0x00000000e6500000, 0x00000000e6500000, 0x00000000e6600000|  0%| F|  |TAMS 0x00000000e6500000, 0x00000000e6500000| Untracked 
| 102|0x00000000e6600000, 0x00000000e6600000, 0x00000000e6700000|  0%| F|  |TAMS 0x00000000e6600000, 0x00000000e6600000| Untracked 
| 103|0x00000000e6700000, 0x00000000e6700000, 0x00000000e6800000|  0%| F|  |TAMS 0x00000000e6700000, 0x00000000e6700000| Untracked 
| 104|0x00000000e6800000, 0x00000000e6800000, 0x00000000e6900000|  0%| F|  |TAMS 0x00000000e6800000, 0x00000000e6800000| Untracked 
| 105|0x00000000e6900000, 0x00000000e6900000, 0x00000000e6a00000|  0%| F|  |TAMS 0x00000000e6900000, 0x00000000e6900000| Untracked 
| 106|0x00000000e6a00000, 0x00000000e6a00000, 0x00000000e6b00000|  0%| F|  |TAMS 0x00000000e6a00000, 0x00000000e6a00000| Untracked 
| 107|0x00000000e6b00000, 0x00000000e6b00000, 0x00000000e6c00000|  0%| F|  |TAMS 0x00000000e6b00000, 0x00000000e6b00000| Untracked 
| 108|0x00000000e6c00000, 0x00000000e6c00000, 0x00000000e6d00000|  0%| F|  |TAMS 0x00000000e6c00000, 0x00000000e6c00000| Untracked 
| 109|0x00000000e6d00000, 0x00000000e6d00000, 0x00000000e6e00000|  0%| F|  |TAMS 0x00000000e6d00000, 0x00000000e6d00000| Untracked 
| 110|0x00000000e6e00000, 0x00000000e6e00000, 0x00000000e6f00000|  0%| F|  |TAMS 0x00000000e6e00000, 0x00000000e6e00000| Untracked 
| 111|0x00000000e6f00000, 0x00000000e6f00000, 0x00000000e7000000|  0%| F|  |TAMS 0x00000000e6f00000, 0x00000000e6f00000| Untracked 
| 112|0x00000000e7000000, 0x00000000e7000000, 0x00000000e7100000|  0%| F|  |TAMS 0x00000000e7000000, 0x00000000e7000000| Untracked 
| 113|0x00000000e7100000, 0x00000000e7100000, 0x00000000e7200000|  0%| F|  |TAMS 0x00000000e7100000, 0x00000000e7100000| Untracked 
| 114|0x00000000e7200000, 0x00000000e7200000, 0x00000000e7300000|  0%| F|  |TAMS 0x00000000e7200000, 0x00000000e7200000| Untracked 
| 115|0x00000000e7300000, 0x00000000e7300000, 0x00000000e7400000|  0%| F|  |TAMS 0x00000000e7300000, 0x00000000e7300000| Untracked 
| 116|0x00000000e7400000, 0x00000000e7500000, 0x00000000e7500000|100%| E|  |TAMS 0x00000000e7400000, 0x00000000e7400000| Complete 
| 117|0x00000000e7500000, 0x00000000e7600000, 0x00000000e7600000|100%| E|CS|TAMS 0x00000000e7500000, 0x00000000e7500000| Complete 
| 118|0x00000000e7600000, 0x00000000e7700000, 0x00000000e7700000|100%| E|CS|TAMS 0x00000000e7600000, 0x00000000e7600000| Complete 
| 119|0x00000000e7700000, 0x00000000e7800000, 0x00000000e7800000|100%| E|CS|TAMS 0x00000000e7700000, 0x00000000e7700000| Complete 
| 120|0x00000000e7800000, 0x00000000e7900000, 0x00000000e7900000|100%| E|CS|TAMS 0x00000000e7800000, 0x00000000e7800000| Complete 
| 121|0x00000000e7900000, 0x00000000e7a00000, 0x00000000e7a00000|100%| E|CS|TAMS 0x00000000e7900000, 0x00000000e7900000| Complete 
| 122|0x00000000e7a00000, 0x00000000e7b00000, 0x00000000e7b00000|100%| E|CS|TAMS 0x00000000e7a00000, 0x00000000e7a00000| Complete 
| 123|0x00000000e7b00000, 0x00000000e7c00000, 0x00000000e7c00000|100%| E|CS|TAMS 0x00000000e7b00000, 0x00000000e7b00000| Complete 

Card table byte_map: [0x000001a734c90000,0x000001a734d90000] _byte_map_base: 0x000001a734590000

Marking Bits (Prev, Next): (CMBitMap*) 0x000001a71dfe6330, (CMBitMap*) 0x000001a71dfe6370
 Prev Bits: [0x000001a734e90000, 0x000001a735690000)
 Next Bits: [0x000001a735690000, 0x000001a735e90000)

Polling page: 0x000001a71d780000

Metaspace:

Usage:
  Non-class:      5.93 MB used.
      Class:    770.05 KB used.
       Both:      6.68 MB used.

Virtual space:
  Non-class space:       64.00 MB reserved,       6.06 MB (  9%) committed,  1 nodes.
      Class space:        1.00 GB reserved,     896.00 KB ( <1%) committed,  1 nodes.
             Both:        1.06 GB reserved,       6.94 MB ( <1%) committed. 

Chunk freelists:
   Non-Class:  9.54 MB
       Class:  15.03 MB
        Both:  24.57 MB

MaxMetaspaceSize: unlimited
CompressedClassSpaceSize: 1.00 GB
Initial GC threshold: 21.00 MB
Current GC threshold: 21.00 MB
CDS: on
MetaspaceReclaimPolicy: balanced
 - commit_granule_bytes: 65536.
 - commit_granule_words: 8192.
 - virtual_space_node_default_size: 8388608.
 - enlarge_chunks_in_place: 1.
 - new_chunks_are_fully_committed: 0.
 - uncommit_free_chunks: 1.
 - use_allocation_guard: 0.
 - handle_deallocations: 1.


Internal statistics:

num_allocs_failed_limit: 0.
num_arena_births: 88.
num_arena_deaths: 0.
num_vsnodes_births: 2.
num_vsnodes_deaths: 0.
num_space_committed: 111.
num_space_uncommitted: 0.
num_chunks_returned_to_freelist: 0.
num_chunks_taken_from_freelist: 243.
num_chunk_merges: 0.
num_chunk_splits: 147.
num_chunks_enlarged: 95.
num_inconsistent_stats: 0.

CodeHeap 'non-profiled nmethods': size=120000Kb used=437Kb max_used=437Kb free=119562Kb
 bounds [0x000001a72d330000, 0x000001a72d5a0000, 0x000001a734860000]
CodeHeap 'profiled nmethods': size=120000Kb used=3363Kb max_used=3363Kb free=116636Kb
 bounds [0x000001a725860000, 0x000001a725bb0000, 0x000001a72cd90000]
CodeHeap 'non-nmethods': size=5760Kb used=1172Kb max_used=1172Kb free=4588Kb
 bounds [0x000001a72cd90000, 0x000001a72d000000, 0x000001a72d330000]
 total_blobs=2031 nmethods=1578 adapters=366
 compilation: enabled
              stopped_count=0, restarted_count=0
 full_count=0

Compilation events (20 events):
Event: 3.196 Thread 0x000001a73888cb60 1566       2       java.lang.invoke.MethodHandle::<init> (37 bytes)
Event: 3.197 Thread 0x000001a73888cb60 nmethod 1566 0x000001a725b92410 code [0x000001a725b925e0, 0x000001a725b92978]
Event: 3.197 Thread 0x000001a73888cb60 1567       2       java.lang.invoke.LambdaForm::prepare (112 bytes)
Event: 3.197 Thread 0x000001a73888cb60 nmethod 1567 0x000001a725b92b90 code [0x000001a725b92d80, 0x000001a725b931b8]
Event: 3.198 Thread 0x000001a73888cb60 1568       2       java.lang.invoke.MethodHandleNatives::refKindIsMethod (19 bytes)
Event: 3.198 Thread 0x000001a73888cb60 nmethod 1568 0x000001a725b93410 code [0x000001a725b935a0, 0x000001a725b936b8]
Event: 3.202 Thread 0x000001a73888cb60 1570       2       java.security.Provider$UString::hashCode (8 bytes)
Event: 3.203 Thread 0x000001a73888cb60 nmethod 1570 0x000001a725b93790 code [0x000001a725b93920, 0x000001a725b93a48]
Event: 3.248 Thread 0x000001a73888cb60 1571       2       sun.security.provider.SHA::implCompress0 (506 bytes)
Event: 3.249 Thread 0x000001a73888cb60 nmethod 1571 0x000001a725b93b10 code [0x000001a725b93d00, 0x000001a725b945a8]
Event: 3.249 Thread 0x000001a73888cb60 1572 %     3       sun.security.provider.SHA::implCompress0 @ 294 (506 bytes)
Event: 3.250 Thread 0x000001a73888cb60 nmethod 1572% 0x000001a725b94a90 code [0x000001a725b94cc0, 0x000001a725b95848]
Event: 3.250 Thread 0x000001a73888cb60 1573       2       sun.security.provider.ByteArrayAccess::b2iBig64 (231 bytes)
Event: 3.257 Thread 0x000001a73888cb60 nmethod 1573 0x000001a725b95e10 code [0x000001a725b961a0, 0x000001a725b96f38]
Event: 3.257 Thread 0x000001a73888cb60 1576 %     3       sun.security.provider.SHA::implCompress0 @ 27 (506 bytes)
Event: 3.258 Thread 0x000001a73888cb60 nmethod 1576% 0x000001a725b97910 code [0x000001a725b97b40, 0x000001a725b98648]
Event: 3.258 Thread 0x000001a73888cb60 1574       2       sun.security.provider.SHA::implCompress (13 bytes)
Event: 3.259 Thread 0x000001a73888cb60 nmethod 1574 0x000001a725b98c10 code [0x000001a725b98de0, 0x000001a725b990a8]
Event: 3.259 Thread 0x000001a73888cb60 1575       2       sun.security.provider.SHA::implCompressCheck (27 bytes)
Event: 3.259 Thread 0x000001a73888cb60 nmethod 1575 0x000001a725b99290 code [0x000001a725b99440, 0x000001a725b996d8]

GC Heap History (4 events):
Event: 2.098 GC heap before
{Heap before GC invocations=0 (full 0):
 garbage-first heap   total 126976K, used 23552K [0x00000000e0000000, 0x0000000100000000)
  region size 1024K, 23 young (23552K), 0 survivors (0K)
 Metaspace       used 3023K, committed 3200K, reserved 1114112K
  class space    used 280K, committed 384K, reserved 1048576K
}
Event: 2.112 GC heap after
{Heap after GC invocations=1 (full 0):
 garbage-first heap   total 126976K, used 8730K [0x00000000e0000000, 0x0000000100000000)
  region size 1024K, 3 young (3072K), 3 survivors (3072K)
 Metaspace       used 3023K, committed 3200K, reserved 1114112K
  class space    used 280K, committed 384K, reserved 1048576K
}
Event: 2.959 GC heap before
{Heap before GC invocations=1 (full 0):
 garbage-first heap   total 126976K, used 33306K [0x00000000e0000000, 0x0000000100000000)
  region size 1024K, 27 young (27648K), 3 survivors (3072K)
 Metaspace       used 6029K, committed 6208K, reserved 1114112K
  class space    used 666K, committed 768K, reserved 1048576K
}
Event: 2.976 GC heap after
{Heap after GC invocations=2 (full 0):
 garbage-first heap   total 126976K, used 10700K [0x00000000e0000000, 0x0000000100000000)
  region size 1024K, 2 young (2048K), 2 survivors (2048K)
 Metaspace       used 6029K, committed 6208K, reserved 1114112K
  class space    used 666K, committed 768K, reserved 1048576K
}

Deoptimization events (20 events):
Event: 2.657 Thread 0x000001a71dfb6d90 DEOPT PACKING pc=0x000001a72d343c5c sp=0x00000036cadff1d0
Event: 2.657 Thread 0x000001a71dfb6d90 DEOPT UNPACKING pc=0x000001a72cde5ba3 sp=0x00000036cadff160 mode 2
Event: 2.887 Thread 0x000001a71dfb6d90 DEOPT PACKING pc=0x000001a7258700be sp=0x00000036cadfc140
Event: 2.887 Thread 0x000001a71dfb6d90 DEOPT UNPACKING pc=0x000001a72cde66e3 sp=0x00000036cadfb5b8 mode 0
Event: 2.912 Thread 0x000001a71dfb6d90 Uncommon trap: trap_request=0xffffffde fr.pc=0x000001a72d3861f8 relative=0x00000000000003b8
Event: 2.912 Thread 0x000001a71dfb6d90 Uncommon trap: reason=class_check action=maybe_recompile pc=0x000001a72d3861f8 method=java.util.HashMap.getNode(Ljava/lang/Object;)Ljava/util/HashMap$Node; @ 63 c2
Event: 2.912 Thread 0x000001a71dfb6d90 DEOPT PACKING pc=0x000001a72d3861f8 sp=0x00000036cadfeb40
Event: 2.912 Thread 0x000001a71dfb6d90 DEOPT UNPACKING pc=0x000001a72cde5ba3 sp=0x00000036cadfeab8 mode 2
Event: 3.092 Thread 0x000001a71dfb6d90 Uncommon trap: trap_request=0xffffffde fr.pc=0x000001a72d3861f8 relative=0x00000000000003b8
Event: 3.092 Thread 0x000001a71dfb6d90 Uncommon trap: reason=class_check action=maybe_recompile pc=0x000001a72d3861f8 method=java.util.HashMap.getNode(Ljava/lang/Object;)Ljava/util/HashMap$Node; @ 63 c2
Event: 3.092 Thread 0x000001a71dfb6d90 DEOPT PACKING pc=0x000001a72d3861f8 sp=0x00000036cadfc1e0
Event: 3.092 Thread 0x000001a71dfb6d90 DEOPT UNPACKING pc=0x000001a72cde5ba3 sp=0x00000036cadfc158 mode 2
Event: 3.092 Thread 0x000001a71dfb6d90 Uncommon trap: trap_request=0xffffffde fr.pc=0x000001a72d3861f8 relative=0x00000000000003b8
Event: 3.092 Thread 0x000001a71dfb6d90 Uncommon trap: reason=class_check action=maybe_recompile pc=0x000001a72d3861f8 method=java.util.HashMap.getNode(Ljava/lang/Object;)Ljava/util/HashMap$Node; @ 63 c2
Event: 3.092 Thread 0x000001a71dfb6d90 DEOPT PACKING pc=0x000001a72d3861f8 sp=0x00000036cadfc1e0
Event: 3.092 Thread 0x000001a71dfb6d90 DEOPT UNPACKING pc=0x000001a72cde5ba3 sp=0x00000036cadfc158 mode 2
Event: 3.093 Thread 0x000001a71dfb6d90 Uncommon trap: trap_request=0xffffffde fr.pc=0x000001a72d3861f8 relative=0x00000000000003b8
Event: 3.093 Thread 0x000001a71dfb6d90 Uncommon trap: reason=class_check action=maybe_recompile pc=0x000001a72d3861f8 method=java.util.HashMap.getNode(Ljava/lang/Object;)Ljava/util/HashMap$Node; @ 63 c2
Event: 3.093 Thread 0x000001a71dfb6d90 DEOPT PACKING pc=0x000001a72d3861f8 sp=0x00000036cadfc1e0
Event: 3.093 Thread 0x000001a71dfb6d90 DEOPT UNPACKING pc=0x000001a72cde5ba3 sp=0x00000036cadfc158 mode 2

Classes unloaded (0 events):
No events

Classes redefined (0 events):
No events

Internal exceptions (17 events):
Event: 1.530 Thread 0x000001a71dfb6d90 Exception <a 'java/lang/NoSuchMethodError'{0x00000000e71c0190}: 'void java.lang.invoke.DirectMethodHandle$Holder.invokeStatic(java.lang.Object, java.lang.Object, java.lang.Object)'> (0x00000000e71c0190) 
thrown [s\open\src\hotspot\share\interpreter\linkResolver.cpp, line 759]
Event: 1.531 Thread 0x000001a71dfb6d90 Exception <a 'java/lang/NoSuchMethodError'{0x00000000e71c6950}: 'void java.lang.invoke.DirectMethodHandle$Holder.invokeStatic(java.lang.Object, java.lang.Object, java.lang.Object, java.lang.Object)'> (0x00000000e71c6950) 
thrown [s\open\src\hotspot\share\interpreter\linkResolver.cpp, line 759]
Event: 1.816 Thread 0x000001a71dfb6d90 Exception <a 'java/lang/NoSuchMethodError'{0x00000000e6ca4588}: 'void java.lang.invoke.DirectMethodHandle$Holder.invokeInterface(java.lang.Object, java.lang.Object, java.lang.Object)'> (0x00000000e6ca4588) 
thrown [s\open\src\hotspot\share\interpreter\linkResolver.cpp, line 759]
Event: 2.143 Thread 0x000001a71dfb6d90 Exception <a 'java/lang/NoSuchMethodError'{0x00000000e7bf2268}: 'java.lang.Object java.lang.invoke.DirectMethodHandle$Holder.invokeStaticInit(java.lang.Object)'> (0x00000000e7bf2268) 
thrown [s\open\src\hotspot\share\interpreter\linkResolver.cpp, line 759]
Event: 2.187 Thread 0x000001a71dfb6d90 Exception <a 'java/lang/NoSuchMethodError'{0x00000000e79621e8}: static Ljava/lang/Object;.<clinit>()V> (0x00000000e79621e8) 
thrown [s\open\src\hotspot\share\prims\jni.cpp, line 1107]
Event: 2.231 Thread 0x000001a71dfb6d90 Exception <a 'java/lang/NoSuchMethodError'{0x00000000e782ddb8}: static Lorg/gradle/api/internal/tasks/testing/junitplatform/JUnitPlatformTestClassProcessorFactory;.<clinit>()V> (0x00000000e782ddb8) 
thrown [s\open\src\hotspot\share\prims\jni.cpp, line 1107]
Event: 2.234 Thread 0x000001a71dfb6d90 Exception <a 'java/lang/NoSuchMethodError'{0x00000000e7842c48}: static Lorg/gradle/api/internal/tasks/testing/junitplatform/JUnitPlatformSpec;.<clinit>()V> (0x00000000e7842c48) 
thrown [s\open\src\hotspot\share\prims\jni.cpp, line 1107]
Event: 2.245 Thread 0x000001a71dfb6d90 Exception <a 'java/lang/NoSuchMethodError'{0x00000000e7862138}: static Lorg/gradle/api/internal/tasks/testing/filter/TestFilterSpec;.<clinit>()V> (0x00000000e7862138) 
thrown [s\open\src\hotspot\share\prims\jni.cpp, line 1107]
Event: 2.482 Thread 0x000001a71dfb6d90 Exception <a 'java/lang/NoSuchMethodError'{0x00000000e71ed3a8}: 'java.lang.Object java.lang.invoke.DirectMethodHandle$Holder.invokeVirtual(java.lang.Object, java.lang.Object, java.lang.Object, java.lang.Object, java.lang.Object, java.lang.Object, java.lang.Object)'> (0x00000000e71ed3a8) 
thrown [s\open\src\hotspot\share\interpreter\linkResolver.cpp, line 759]
Event: 2.490 Thread 0x000001a71dfb6d90 Exception <a 'java/lang/NoSuchMethodError'{0x00000000e701d3a0}: 'java.lang.Object java.lang.invoke.Invokers$Holder.invoker(java.lang.Object, java.lang.Object, java.lang.Object)'> (0x00000000e701d3a0) 
thrown [s\open\src\hotspot\share\interpreter\linkResolver.cpp, line 759]
Event: 2.494 Thread 0x000001a71dfb6d90 Exception <a 'java/lang/NoSuchMethodError'{0x00000000e702a640}: 'java.lang.Object java.lang.invoke.DirectMethodHandle$Holder.invokeStatic(java.lang.Object, java.lang.Object, int)'> (0x00000000e702a640) 
thrown [s\open\src\hotspot\share\interpreter\linkResolver.cpp, line 759]
Event: 2.496 Thread 0x000001a71dfb6d90 Exception <a 'java/lang/NoSuchMethodError'{0x00000000e7036238}: 'void java.lang.invoke.DelegatingMethodHandle$Holder.delegate(java.lang.Object, java.lang.Object, int, java.lang.Object)'> (0x00000000e7036238) 
thrown [s\open\src\hotspot\share\interpreter\linkResolver.cpp, line 759]
Event: 2.497 Thread 0x000001a71dfb6d90 Exception <a 'java/lang/NoSuchMethodError'{0x00000000e703a0d0}: 'int java.lang.invoke.DirectMethodHandle$Holder.invokeSpecial(java.lang.Object, java.lang.Object, java.lang.Object)'> (0x00000000e703a0d0) 
thrown [s\open\src\hotspot\share\interpreter\linkResolver.cpp, line 759]
Event: 2.500 Thread 0x000001a71dfb6d90 Exception <a 'java/lang/NoSuchMethodError'{0x00000000e704ddf0}: 'java.lang.Object java.lang.invoke.Invokers$Holder.invokeExact_MT(java.lang.Object, java.lang.Object, java.lang.Object, java.lang.Object)'> (0x00000000e704ddf0) 
thrown [s\open\src\hotspot\share\interpreter\linkResolver.cpp, line 759]
Event: 2.593 Thread 0x000001a71dfb6d90 Exception <a 'java/lang/NoSuchMethodError'{0x00000000e6eeda70}: 'java.lang.Object java.lang.invoke.DirectMethodHandle$Holder.invokeStaticInit(java.lang.Object, java.lang.Object, java.lang.Object, java.lang.Object)'> (0x00000000e6eeda70) 
thrown [s\open\src\hotspot\share\interpreter\linkResolver.cpp, line 759]
Event: 2.594 Thread 0x000001a71dfb6d90 Exception <a 'java/lang/NoSuchMethodError'{0x00000000e6ef3f90}: 'java.lang.Object java.lang.invoke.Invokers$Holder.invoke_MT(java.lang.Object, java.lang.Object, java.lang.Object, java.lang.Object, java.lang.Object)'> (0x00000000e6ef3f90) 
thrown [s\open\src\hotspot\share\interpreter\linkResolver.cpp, line 759]
Event: 3.047 Thread 0x000001a71dfb6d90 Exception <a 'java/lang/NoSuchMethodError'{0x00000000e7920918}: 'java.lang.Object java.lang.invoke.DirectMethodHandle$Holder.invokeStaticInit(java.lang.Object, int, int, int, int)'> (0x00000000e7920918) 
thrown [s\open\src\hotspot\share\interpreter\linkResolver.cpp, line 759]

VM Operations (20 events):
Event: 1.430 Executing VM operation: HandshakeAllThreads
Event: 1.430 Executing VM operation: HandshakeAllThreads done
Event: 1.430 Executing VM operation: Cleanup
Event: 1.431 Executing VM operation: Cleanup done
Event: 1.551 Executing VM operation: HandshakeAllThreads
Event: 1.551 Executing VM operation: HandshakeAllThreads done
Event: 1.795 Executing VM operation: HandshakeAllThreads
Event: 1.796 Executing VM operation: HandshakeAllThreads done
Event: 2.060 Executing VM operation: ICBufferFull
Event: 2.060 Executing VM operation: ICBufferFull done
Event: 2.097 Executing VM operation: G1CollectForAllocation
Event: 2.112 Executing VM operation: G1CollectForAllocation done
Event: 2.160 Executing VM operation: HandshakeAllThreads
Event: 2.160 Executing VM operation: HandshakeAllThreads done
Event: 2.522 Executing VM operation: HandshakeAllThreads
Event: 2.522 Executing VM operation: HandshakeAllThreads done
Event: 2.959 Executing VM operation: G1CollectForAllocation
Event: 2.976 Executing VM operation: G1CollectForAllocation done
Event: 3.083 Executing VM operation: HandshakeAllThreads
Event: 3.083 Executing VM operation: HandshakeAllThreads done

Events (20 events):
Event: 3.207 loading class com/sun/security/sasl/Provider$ProviderService
Event: 3.208 loading class com/sun/security/sasl/Provider$ProviderService done
Event: 3.208 loading class sun/security/provider/certpath/ldap/JdkLDAP
Event: 3.209 loading class sun/security/provider/certpath/ldap/JdkLDAP done
Event: 3.210 loading class sun/security/provider/certpath/ldap/JdkLDAP$ProviderService
Event: 3.211 loading class sun/security/provider/certpath/ldap/JdkLDAP$ProviderService done
Event: 3.226 loading class sun/nio/ch/ServerSocketChannelImpl
Event: 3.227 loading class sun/nio/ch/ServerSocketChannelImpl done
Event: 3.227 loading class java/security/DrbgParameters$NextBytes
Event: 3.227 loading class java/security/DrbgParameters$NextBytes done
Event: 3.227 loading class sun/security/provider/AbstractDrbg$SeederHolder
Event: 3.227 loading class sun/security/provider/AbstractDrbg$SeederHolder done
Event: 3.227 loading class sun/security/provider/SeedGenerator
Event: 3.228 loading class sun/security/provider/SeedGenerator done
Event: 3.228 loading class sun/security/provider/NativeSeedGenerator
Event: 3.228 loading class sun/security/provider/NativeSeedGenerator done
Event: 3.247 loading class sun/security/provider/SeedGenerator$1
Event: 3.247 loading class sun/security/provider/SeedGenerator$1 done
Event: 3.342 loading class java/net/NetworkInterface$1
Event: 3.342 loading class java/net/NetworkInterface$1 done


Dynamic libraries:
0x00007ff76f5e0000 - 0x00007ff76f5f0000 	C:\Program Files\Java\jdk-17\bin\java.exe
0x00007ffa2a970000 - 0x00007ffa2ab68000 	C:\Windows\SYSTEM32\ntdll.dll
0x00007ffa2a870000 - 0x00007ffa2a92d000 	C:\Windows\System32\KERNEL32.DLL
0x00007ffa280a0000 - 0x00007ffa28396000 	C:\Windows\System32\KERNELBASE.dll
0x00007ffa28830000 - 0x00007ffa28930000 	C:\Windows\System32\ucrtbase.dll
0x00007ffa20ee0000 - 0x00007ffa20ef9000 	C:\Program Files\Java\jdk-17\bin\jli.dll
0x00007ffa29ea0000 - 0x00007ffa29f50000 	C:\Windows\System32\ADVAPI32.dll
0x00007ffa20ec0000 - 0x00007ffa20edb000 	C:\Program Files\Java\jdk-17\bin\VCRUNTIME140.dll
0x00007ffa2a190000 - 0x00007ffa2a22e000 	C:\Windows\System32\msvcrt.dll
0x00007ffa29f50000 - 0x00007ffa29ff0000 	C:\Windows\System32\sechost.dll
0x00007ffa289b0000 - 0x00007ffa28ad3000 	C:\Windows\System32\RPCRT4.dll
0x00007ffa286a0000 - 0x00007ffa286c7000 	C:\Windows\System32\bcrypt.dll
0x00007ffa29ff0000 - 0x00007ffa2a18f000 	C:\Windows\System32\USER32.dll
0x00007ffa28980000 - 0x00007ffa289a2000 	C:\Windows\System32\win32u.dll
0x00007ffa2a690000 - 0x00007ffa2a6bb000 	C:\Windows\System32\GDI32.dll
0x00007ffa28580000 - 0x00007ffa28697000 	C:\Windows\System32\gdi32full.dll
0x00007ffa28450000 - 0x00007ffa284ed000 	C:\Windows\System32\msvcp_win.dll
0x00007ffa0fea0000 - 0x00007ffa1013a000 	C:\Windows\WinSxS\amd64_microsoft.windows.common-controls_6595b64144ccf1df_6.0.19041.4355_none_60b8b9eb71f62e16\COMCTL32.dll
0x00007ffa1fd60000 - 0x00007ffa1fd6a000 	C:\Windows\SYSTEM32\VERSION.dll
0x00007ffa28ae0000 - 0x00007ffa28b0f000 	C:\Windows\System32\IMM32.DLL
0x00007ffa20eb0000 - 0x00007ffa20ebc000 	C:\Program Files\Java\jdk-17\bin\vcruntime140_1.dll
0x00007ff9d2cf0000 - 0x00007ff9d2d7e000 	C:\Program Files\Java\jdk-17\bin\msvcp140.dll
0x00007ff9b1f80000 - 0x00007ff9b2b5f000 	C:\Program Files\Java\jdk-17\bin\server\jvm.dll
0x00007ffa29de0000 - 0x00007ffa29de8000 	C:\Windows\System32\PSAPI.DLL
0x00007ff9fa050000 - 0x00007ff9fa059000 	C:\Windows\SYSTEM32\WSOCK32.dll
0x00007ffa2a230000 - 0x00007ffa2a29b000 	C:\Windows\System32\WS2_32.dll
0x00007ffa02cf0000 - 0x00007ffa02d17000 	C:\Windows\SYSTEM32\WINMM.dll
0x00007ffa26850000 - 0x00007ffa26862000 	C:\Windows\SYSTEM32\kernel.appcore.dll
0x00007ffa20ea0000 - 0x00007ffa20eaa000 	C:\Program Files\Java\jdk-17\bin\jimage.dll
0x00007ffa26390000 - 0x00007ffa26574000 	C:\Windows\SYSTEM32\DBGHELP.DLL
0x00007ffa26350000 - 0x00007ffa26384000 	C:\Windows\SYSTEM32\dbgcore.DLL
0x00007ffa284f0000 - 0x00007ffa28572000 	C:\Windows\System32\bcryptPrimitives.dll
0x00007ffa20e90000 - 0x00007ffa20e9e000 	C:\Program Files\Java\jdk-17\bin\instrument.dll
0x00007ffa20e60000 - 0x00007ffa20e85000 	C:\Program Files\Java\jdk-17\bin\java.dll
0x00007ff9d1590000 - 0x00007ff9d1667000 	C:\Program Files\Java\jdk-17\bin\jsvml.dll
0x00007ffa29240000 - 0x00007ffa299ac000 	C:\Windows\System32\SHELL32.dll
0x00007ffa25960000 - 0x00007ffa260fd000 	C:\Windows\SYSTEM32\windows.storage.dll
0x00007ffa299b0000 - 0x00007ffa29d03000 	C:\Windows\System32\combase.dll
0x00007ffa27a50000 - 0x00007ffa27a7e000 	C:\Windows\SYSTEM32\Wldp.dll
0x00007ffa29d10000 - 0x00007ffa29ddd000 	C:\Windows\System32\OLEAUT32.dll
0x00007ffa2a3b0000 - 0x00007ffa2a45d000 	C:\Windows\System32\SHCORE.dll
0x00007ffa2a620000 - 0x00007ffa2a675000 	C:\Windows\System32\shlwapi.dll
0x00007ffa27f60000 - 0x00007ffa27f84000 	C:\Windows\SYSTEM32\profapi.dll
0x00007ff9fe2c0000 - 0x00007ff9fe2d8000 	C:\Program Files\Java\jdk-17\bin\zip.dll
0x00007ff9f4320000 - 0x00007ff9f4339000 	C:\Program Files\Java\jdk-17\bin\net.dll
0x00007ffa26110000 - 0x00007ffa2621a000 	C:\Windows\SYSTEM32\WINHTTP.dll
0x00007ffa277b0000 - 0x00007ffa2781a000 	C:\Windows\system32\mswsock.dll
0x00007ff9f4260000 - 0x00007ff9f4276000 	C:\Program Files\Java\jdk-17\bin\nio.dll
0x00007ffa20e50000 - 0x00007ffa20e60000 	C:\Program Files\Java\jdk-17\bin\verify.dll
0x00007ffa10290000 - 0x00007ffa102a7000 	C:\Windows\system32\napinsp.dll
0x00007ffa10270000 - 0x00007ffa1028b000 	C:\Windows\system32\pnrpnsp.dll
0x00007ffa236e0000 - 0x00007ffa236f5000 	C:\Windows\system32\wshbth.dll
0x00007ffa23700000 - 0x00007ffa2371d000 	C:\Windows\system32\NLAapi.dll
0x00007ffa27420000 - 0x00007ffa2745b000 	C:\Windows\SYSTEM32\IPHLPAPI.DLL
0x00007ffa27460000 - 0x00007ffa2752a000 	C:\Windows\SYSTEM32\DNSAPI.dll
0x00007ffa2a680000 - 0x00007ffa2a688000 	C:\Windows\System32\NSI.dll
0x00007ffa10250000 - 0x00007ffa10262000 	C:\Windows\System32\winrnr.dll
0x0000000063560000 - 0x0000000063569000 	C:\Program Files\National Instruments\Shared\mDNS Responder\nimdnsNSP.dll
0x0000000063550000 - 0x000000006355e000 	C:\Windows\SYSTEM32\nimdnsResponder.dll
0x0000000050750000 - 0x00000000507f3000 	C:\Windows\WinSxS\amd64_microsoft.vc90.crt_1fc8b3b9a1e18e3b_9.0.30729.9625_none_08e1c10da83fbc83\MSVCR90.dll
0x00007ffa1fd50000 - 0x00007ffa1fd5a000 	C:\Windows\System32\rasadhlp.dll
0x00007ffa1e490000 - 0x00007ffa1e510000 	C:\Windows\System32\fwpuclnt.dll
0x00007ffa01f90000 - 0x00007ffa01f9e000 	C:\Program Files\Java\jdk-17\bin\sunmscapi.dll
0x00007ffa286d0000 - 0x00007ffa2882e000 	C:\Windows\System32\CRYPT32.dll
0x00007ffa27ac0000 - 0x00007ffa27ae9000 	C:\Windows\SYSTEM32\ncrypt.dll
0x00007ffa27a80000 - 0x00007ffa27abb000 	C:\Windows\SYSTEM32\NTASN1.dll
0x00007ff9b74f0000 - 0x00007ff9b74f7000 	C:\Windows\system32\wshunix.dll
0x00007ffa279a0000 - 0x00007ffa279b8000 	C:\Windows\SYSTEM32\CRYPTSP.dll
0x00007ffa27030000 - 0x00007ffa27064000 	C:\Windows\system32\rsaenh.dll
0x00007ffa27ed0000 - 0x00007ffa27efe000 	C:\Windows\SYSTEM32\USERENV.dll
0x00007ffa279c0000 - 0x00007ffa279cc000 	C:\Windows\SYSTEM32\CRYPTBASE.dll
0x00007ffa209b0000 - 0x00007ffa209c7000 	C:\Windows\SYSTEM32\dhcpcsvc6.DLL
0x00007ffa20800000 - 0x00007ffa2081d000 	C:\Windows\SYSTEM32\dhcpcsvc.DLL

dbghelp: loaded successfully - version: 4.0.5 - missing functions: none
symbol engine: initialized successfully - sym options: 0x614 - pdb path: .;C:\Program Files\Java\jdk-17\bin;C:\Windows\SYSTEM32;C:\Windows\WinSxS\amd64_microsoft.windows.common-controls_6595b64144ccf1df_6.0.19041.4355_none_60b8b9eb71f62e16;C:\Program Files\Java\jdk-17\bin\server;C:\Program Files\National Instruments\Shared\mDNS Responder;C:\Windows\WinSxS\amd64_microsoft.vc90.crt_1fc8b3b9a1e18e3b_9.0.30729.9625_none_08e1c10da83fbc83

VM Arguments:
jvm_args: -Dorg.gradle.internal.worker.tmpdir=D:\Users\82106\Desktop\SSAFY\CS\c4-cometrue-assignment\build\tmp\test\work -Dorg.gradle.native=false -javaagent:D:\Users\82106\Desktop\SSAFY\CS\c4-cometrue-assignment\build\tmp\.cache\expanded\zip_0bd0851504e6286cb5fc6f37a81e25cc\jacocoagent.jar=destfile=build/jacoco/test.exec,append=true,inclnolocationclasses=false,dumponexit=true,output=file,jmx=false -Xmx512m -Dfile.encoding=UTF-8 -Duser.country=KR -Duser.language=ko -Duser.variant -ea 
java_command: worker.org.gradle.process.internal.worker.GradleWorkerMain 'Gradle Test Executor 2'
java_class_path (initial): C:\\Users\\82106\\.gradle\\caches\\8.5\\workerMain\\gradle-worker.jar;D:\\Users\\82106\\Desktop\\SSAFY\\CS\\c4-cometrue-assignment\\build\\classes\\java\\test;D:\\Users\\82106\\Desktop\\SSAFY\\CS\\c4-cometrue-assignment\\build\\classes\\java\\main;D:\\Users\\82106\\Desktop\\SSAFY\\CS\\c4-cometrue-assignment\\build\\resources\\main;C:\\Users\\82106\\.gradle\\caches\\modules-2\\files-2.1\\org.springframework.boot\\spring-boot-starter-web\\3.1.4\\a0da0751207173c93f9e92e74cae430b53544576\\spring-boot-starter-web-3.1.4.jar;C:\\Users\\82106\\.gradle\\caches\\modules-2\\files-2.1\\org.apache.commons\\commons-lang3\\3.13.0\\b7263237aa89c1f99b327197c41d0669707a462e\\commons-lang3-3.13.0.jar;C:\\Users\\82106\\.gradle\\caches\\modules-2\\files-2.1\\org.apache.commons\\commons-collections4\\4.4\\62ebe7544cb7164d87e0637a2a6a2bdc981395e8\\commons-collections4-4.4.jar;C:\\Users\\82106\\.gradle\\caches\\modules-2\\files-2.1\\com.mysql\\mysql-connector-j\\8.4.0\\b1bc0f47bcad26ad5f9bceefb63fcb920d868fca\\mysql-connector-j-8.4.0.jar;C:\\Users\\82106\\.gradle\\caches\\modules-2\\files-2.1\\org.springframework.boot\\spring-boot-starter-data-jpa\\3.3.0\\daa6f75f99e68f11f473a5681955764ff4d4b024\\spring-boot-starter-data-jpa-3.3.0.jar;C:\\Users\\82106\\.gradle\\caches\\modules-2\\files-2.1\\org.springframework.integration\\spring-integration-core\\6.3.0\\4f1aefe2abd4bb7936b836946acc0c8cb841b034\\spring-integration-core-6.3.0.jar;C:\\Users\\82106\\.gradle\\caches\\modules-2\\files-2.1\\org.redisson\\redisson-spring-boot-starter\\3.27.0\\1c3f94e6361a850911613fbb44505a8a1970b048\\redisson-spring-boot-starter-3.27.0.jar;C:\\Users\\82106\\.gradle\\caches\\modules-2\\files-2.1\\org.springframework.boot\\spring-boot-starter-test\\3.1.4\\1990ee664a265366b09ac723002f72697ebd0925\\spring-boot-starter-test-3.1.4.jar;C:\\Users\\82106\\.gradle\\caches\\modules-2\\files-2.1\\org.springframework.boot\\spring-boot-starter-json\\3.1.4\\2dafafeb1ca78678a970947c51def69723c7442c\\
Launcher Type: SUN_STANDARD

[Global flags]
     intx CICompilerCount                          = 4                                         {product} {ergonomic}
     uint ConcGCThreads                            = 2                                         {product} {ergonomic}
     uint G1ConcRefinementThreads                  = 8                                         {product} {ergonomic}
   size_t G1HeapRegionSize                         = 1048576                                   {product} {ergonomic}
    uintx GCDrainStackTargetSize                   = 64                                        {product} {ergonomic}
   size_t InitialHeapSize                          = 130023424                                 {product} {ergonomic}
   size_t MarkStackSize                            = 4194304                                   {product} {ergonomic}
   size_t MaxHeapSize                              = 536870912                                 {product} {command line}
   size_t MaxNewSize                               = 321912832                                 {product} {ergonomic}
   size_t MinHeapDeltaBytes                        = 1048576                                   {product} {ergonomic}
   size_t MinHeapSize                              = 8388608                                   {product} {ergonomic}
    uintx NonNMethodCodeHeapSize                   = 5839372                                {pd product} {ergonomic}
    uintx NonProfiledCodeHeapSize                  = 122909434                              {pd product} {ergonomic}
    uintx ProfiledCodeHeapSize                     = 122909434                              {pd product} {ergonomic}
    uintx ReservedCodeCacheSize                    = 251658240                              {pd product} {ergonomic}
     bool SegmentedCodeCache                       = true                                      {product} {ergonomic}
   size_t SoftMaxHeapSize                          = 536870912                              {manageable} {ergonomic}
     bool UseCompressedClassPointers               = true                           {product lp64_product} {ergonomic}
     bool UseCompressedOops                        = true                           {product lp64_product} {ergonomic}
     bool UseG1GC                                  = true                                      {product} {ergonomic}
     bool UseLargePagesIndividualAllocation        = false                                  {pd product} {ergonomic}

Logging:
Log output configuration:
 #0: stdout all=warning uptime,level,tags
 #1: stderr all=off uptime,level,tags

Environment Variables:
JAVA_HOME=C:\Program Files\Amazon Corretto\jdk11.0.18_10
CLASSPATH=%classpath%;.;.;.
PATH=C:\Program Files\Common Files\Oracle\Java\javapath;C:\Program Files\Amazon Corretto\jdk11.0.18_10\bin;C:\Program Files\Eclipse Adoptium\jdk-11.0.17.8-hotspot\bin;C:\Program Files (x86)\VMware\VMware Workstation\bin\;C:\Program Files (x86)\Common Files\Oracle\Java\javapath;C:\Windows\system32;C:\Windows;C:\Windows\System32\Wbem;C:\Windows\System32\WindowsPowerShell\v1.0\;C:\Windows\System32\OpenSSH\;C:\Program Files\dotnet\;C:\Program Files (x86)\dotnet\;C:\Program Files\MATLAB\R2021b\bin;C:\Program Files\Microsoft SQL Server\130\Tools\Binn\;C:\Program Files\Git\cmd;C:\Program Files\Graphviz\bin;C:\Program Files\nodejs\;C:\Program Files\Docker\Docker\resources\bin;D:\curl-8.8.0_1-win64-mingw\curl-8.8.0_1-win64-mingw\bin;C:\Program Files\Java\scripts;C:\Program Files\Java\jdk1.8.0_301;C:\Program Files\Java\jdk-17;C:\Program Files\Amazon Corretto\jdk11.0.18_10;C:\Program Files\MySQL\MySQL Server 8.0\bin;C:\Users\82106\AppData\Local\Programs\Microsoft VS Code\bin;C:\Program Files\JetBrains\IntelliJ IDEA 2022.3.1\bin;C:\Users\82106\AppData\Local\gitkraken\bin;C:\Users\82106\AppData\Roaming\npm
USERNAME=82106
OS=Windows_NT
PROCESSOR_IDENTIFIER=Intel64 Family 6 Model 126 Stepping 5, GenuineIntel



---------------  S Y S T E M  ---------------

OS:
 Windows 10 , 64 bit Build 19041 (10.0.19041.3636)
OS uptime: 0 days 2:15 hours
Hyper-V role detected

CPU: total 8 (initial active 8) (4 cores per cpu, 2 threads per core) family 6 model 126 stepping 5 microcode 0x96, cx8, cmov, fxsr, ht, mmx, 3dnowpref, sse, sse2, sse3, ssse3, sse4.1, sse4.2, popcnt, lzcnt, tsc, tscinvbit, avx, avx2, aes, erms, clmul, bmi1, bmi2, adx, avx512f, avx512dq, avx512cd, avx512bw, avx512vl, sha, fma, vzeroupper, avx512_vpopcntdq, avx512_vpclmulqdq, avx512_vaes, avx512_vnni, clflush, clflushopt, avx512_vbmi2, avx512_vbmi, hv

Memory: 4k page, system-wide physical 7901M (317M free)
TotalPageFile size 16093M (AvailPageFile size 5M)
current process WorkingSet (physical memory assigned to process): 117M, peak: 117M
current process commit charge ("private bytes"): 249M, peak: 251M

vm_info: Java HotSpot(TM) 64-Bit Server VM (17.0.10+11-LTS-240) for windows-amd64 JRE (17.0.10+11-LTS-240), built on Dec 19 2023 21:47:25 by "mach5one" with MS VC++ 17.1 (VS2022)

END.
