#
# There is insufficient memory for the Java Runtime Environment to continue.
# Native memory allocation (mmap) failed to map 130023424 bytes for G1 virtual space
# Possible reasons:
#   The system is out of physical RAM or swap space
#   The process is running with CompressedOops enabled, and the Java Heap may be blocking the growth of the native heap
# Possible solutions:
#   Reduce memory load on the system
#   Increase physical memory or swap space
#   Check if swap backing store is full
#   Decrease Java heap size (-Xmx/-Xms)
#   Decrease number of Java threads
#   Decrease Java thread stack sizes (-Xss)
#   Set larger code cache with -XX:ReservedCodeCacheSize=
#   JVM is running with Unscaled Compressed Oops mode in which the Java heap is
#     placed in the first 4GB address space. The Java Heap base address is the
#     maximum limit for the native heap growth. Please use -XX:HeapBaseMinAddress
#     to set the Java Heap base and to place the Java Heap above 4GB virtual address.
# This output file may be truncated or incomplete.
#
#  Out of Memory Error (os_windows.cpp:3548), pid=20908, tid=10128
#
# JRE version:  (17.0.10+11) (build )
# Java VM: Java HotSpot(TM) 64-Bit Server VM (17.0.10+11-LTS-240, mixed mode, sharing, tiered, compressed oops, compressed class ptrs, g1 gc, windows-amd64)
# No core dump will be written. Minidumps are not enabled by default on client versions of Windows
#

---------------  S U M M A R Y ------------

Command Line: -Dnet.bytebuddy.agent.attacher.dump= net.bytebuddy.agent.Attacher com.sun.tools.attach.VirtualMachine 17456 C:\Users\82106\.gradle\caches\modules-2\files-2.1\net.bytebuddy\byte-buddy-agent\1.14.8\ae6ebe485f3bcd0a1e20241488a32e6400a501ef\byte-buddy-agent-1.14.8.jar false 

Host: Intel(R) Core(TM) i5-1035G4 CPU @ 1.10GHz, 8 cores, 7G,  Windows 10 , 64 bit Build 19041 (10.0.19041.3636)
Time: Wed Jun 26 22:46:26 2024  Windows 10 , 64 bit Build 19041 (10.0.19041.3636) elapsed time: 0.042996 seconds (0d 0h 0m 0s)

---------------  T H R E A D  ---------------

Current thread (0x000001d4114f5480):  JavaThread "Unknown thread" [_thread_in_vm, id=10128, stack(0x000000d324700000,0x000000d324800000)]

Stack: [0x000000d324700000,0x000000d324800000]
Native frames: (J=compiled Java code, j=interpreted, Vv=VM code, C=native code)
V  [jvm.dll+0x677a5a]
V  [jvm.dll+0x7d8b2d]
V  [jvm.dll+0x7da48e]
V  [jvm.dll+0x7daaf3]
V  [jvm.dll+0x2455ff]
V  [jvm.dll+0x6749b9]
V  [jvm.dll+0x669382]
V  [jvm.dll+0x302e96]
V  [jvm.dll+0x30a416]
V  [jvm.dll+0x359cbe]
V  [jvm.dll+0x359eef]
V  [jvm.dll+0x2d9e88]
V  [jvm.dll+0x2dadf4]
V  [jvm.dll+0x7aa551]
V  [jvm.dll+0x367911]
V  [jvm.dll+0x789639]
V  [jvm.dll+0x3eb30f]
V  [jvm.dll+0x3ecd91]
C  [jli.dll+0x5297]
C  [ucrtbase.dll+0x21bb2]
C  [KERNEL32.DLL+0x17344]
C  [ntdll.dll+0x4cc91]


---------------  P R O C E S S  ---------------

Threads class SMR info:
_java_thread_list=0x00007ff9b9ac6a18, length=0, elements={
}

Java Threads: ( => current thread )

Other Threads:
  0x000001d41154d1e0 GCTaskThread "GC Thread#0" [stack: 0x000000d324800000,0x000000d324900000] [id=18836]
  0x000001d41155f760 ConcurrentGCThread "G1 Main Marker" [stack: 0x000000d324900000,0x000000d324a00000] [id=16488]
  0x000001d411560820 ConcurrentGCThread "G1 Conc#0" [stack: 0x000000d324a00000,0x000000d324b00000] [id=27408]

[error occurred during error reporting (printing all threads), id 0xc0000005, EXCEPTION_ACCESS_VIOLATION (0xc0000005) at pc=0x00007ff9b92faae7]

VM state: not at safepoint (not fully initialized)

VM Mutex/Monitor currently owned by a thread:  ([mutex/lock_event])
[0x000001d4114ef220] Heap_lock - owner thread: 0x000001d4114f5480

Heap address: 0x0000000084800000, size: 1976 MB, Compressed Oops mode: 32-bit

CDS archive(s) mapped at: [0x0000000000000000-0x0000000000000000-0x0000000000000000), size 0, SharedBaseAddress: 0x0000000800000000, ArchiveRelocationMode: 1.
Narrow klass base: 0x0000000000000000, Narrow klass shift: 0, Narrow klass range: 0x0

GC Precious Log:
<Empty>

Heap:
 garbage-first heap   total 0K, used 0K [0x0000000084800000, 0x0000000100000000)
  region size 1024K, 0 young (0K), 0 survivors (0K)

[error occurred during error reporting (printing heap information), id 0xc0000005, EXCEPTION_ACCESS_VIOLATION (0xc0000005) at pc=0x00007ff9b96e1249]

GC Heap History (0 events):
No events

Deoptimization events (0 events):
No events

Classes unloaded (0 events):
No events

Classes redefined (0 events):
No events

Internal exceptions (0 events):
No events

VM Operations (0 events):
No events

Events (1 events):
Event: 0.023 Loaded shared library C:\Program Files\Java\jdk-17\bin\java.dll


Dynamic libraries:
0x00007ff738750000 - 0x00007ff738760000 	C:\Program Files\Java\jdk-17\bin\java.exe
0x00007ffa1a410000 - 0x00007ffa1a608000 	C:\Windows\SYSTEM32\ntdll.dll
0x00007ffa19230000 - 0x00007ffa192ed000 	C:\Windows\System32\KERNEL32.DLL
0x00007ffa17ce0000 - 0x00007ffa17fd6000 	C:\Windows\System32\KERNELBASE.dll
0x00007ffa17b00000 - 0x00007ffa17c00000 	C:\Windows\System32\ucrtbase.dll
0x00007ff9fae30000 - 0x00007ff9fae49000 	C:\Program Files\Java\jdk-17\bin\jli.dll
0x00007ff9fad10000 - 0x00007ff9fad2b000 	C:\Program Files\Java\jdk-17\bin\VCRUNTIME140.dll
0x00007ffa19020000 - 0x00007ffa190d0000 	C:\Windows\System32\ADVAPI32.dll
0x00007ffa1a330000 - 0x00007ffa1a3ce000 	C:\Windows\System32\msvcrt.dll
0x00007ffa19160000 - 0x00007ffa19200000 	C:\Windows\System32\sechost.dll
0x00007ffa18bc0000 - 0x00007ffa18ce3000 	C:\Windows\System32\RPCRT4.dll
0x00007ffa17cb0000 - 0x00007ffa17cd7000 	C:\Windows\System32\bcrypt.dll
0x00007ffa198a0000 - 0x00007ffa19a3f000 	C:\Windows\System32\USER32.dll
0x00007ffa17ad0000 - 0x00007ffa17af2000 	C:\Windows\System32\win32u.dll
0x00007ffa193e0000 - 0x00007ffa1940b000 	C:\Windows\System32\GDI32.dll
0x00007ffa18250000 - 0x00007ffa18367000 	C:\Windows\System32\gdi32full.dll
0x00007ffa18050000 - 0x00007ffa180ed000 	C:\Windows\System32\msvcp_win.dll
0x00007ff9ff130000 - 0x00007ff9ff3ca000 	C:\Windows\WinSxS\amd64_microsoft.windows.common-controls_6595b64144ccf1df_6.0.19041.4355_none_60b8b9eb71f62e16\COMCTL32.dll
0x00007ffa0fab0000 - 0x00007ffa0faba000 	C:\Windows\SYSTEM32\VERSION.dll
0x00007ffa19200000 - 0x00007ffa1922f000 	C:\Windows\System32\IMM32.DLL
0x00007ffa11cc0000 - 0x00007ffa11ccc000 	C:\Program Files\Java\jdk-17\bin\vcruntime140_1.dll
0x00007ff9c6000000 - 0x00007ff9c608e000 	C:\Program Files\Java\jdk-17\bin\msvcp140.dll
0x00007ff9b9010000 - 0x00007ff9b9bef000 	C:\Program Files\Java\jdk-17\bin\server\jvm.dll
0x00007ffa1a110000 - 0x00007ffa1a118000 	C:\Windows\System32\PSAPI.DLL
0x00007ff9f41b0000 - 0x00007ff9f41d7000 	C:\Windows\SYSTEM32\WINMM.dll
0x00007ff9e6680000 - 0x00007ff9e6689000 	C:\Windows\SYSTEM32\WSOCK32.dll
0x00007ffa19370000 - 0x00007ffa193db000 	C:\Windows\System32\WS2_32.dll
0x00007ffa16540000 - 0x00007ffa16552000 	C:\Windows\SYSTEM32\kernel.appcore.dll
0x00007ffa0d5f0000 - 0x00007ffa0d5fa000 	C:\Program Files\Java\jdk-17\bin\jimage.dll
0x00007ffa15e30000 - 0x00007ffa16014000 	C:\Windows\SYSTEM32\DBGHELP.DLL
0x00007ffa15df0000 - 0x00007ffa15e24000 	C:\Windows\SYSTEM32\dbgcore.DLL
0x00007ffa18370000 - 0x00007ffa183f2000 	C:\Windows\System32\bcryptPrimitives.dll
0x00007ff9ec4f0000 - 0x00007ff9ec515000 	C:\Program Files\Java\jdk-17\bin\java.dll

dbghelp: loaded successfully - version: 4.0.5 - missing functions: none
symbol engine: initialized successfully - sym options: 0x614 - pdb path: .;C:\Program Files\Java\jdk-17\bin;C:\Windows\SYSTEM32;C:\Windows\WinSxS\amd64_microsoft.windows.common-controls_6595b64144ccf1df_6.0.19041.4355_none_60b8b9eb71f62e16;C:\Program Files\Java\jdk-17\bin\server

VM Arguments:
jvm_args: -Dnet.bytebuddy.agent.attacher.dump= 
java_command: net.bytebuddy.agent.Attacher com.sun.tools.attach.VirtualMachine 17456 C:\Users\82106\.gradle\caches\modules-2\files-2.1\net.bytebuddy\byte-buddy-agent\1.14.8\ae6ebe485f3bcd0a1e20241488a32e6400a501ef\byte-buddy-agent-1.14.8.jar false 
java_class_path (initial): C:\Users\82106\.gradle\caches\modules-2\files-2.1\net.bytebuddy\byte-buddy-agent\1.14.8\ae6ebe485f3bcd0a1e20241488a32e6400a501ef\byte-buddy-agent-1.14.8.jar
Launcher Type: SUN_STANDARD

[Global flags]
     intx CICompilerCount                          = 4                                         {product} {ergonomic}
     uint ConcGCThreads                            = 2                                         {product} {ergonomic}
     uint G1ConcRefinementThreads                  = 8                                         {product} {ergonomic}
   size_t G1HeapRegionSize                         = 1048576                                   {product} {ergonomic}
    uintx GCDrainStackTargetSize                   = 64                                        {product} {ergonomic}
   size_t InitialHeapSize                          = 130023424                                 {product} {ergonomic}
   size_t MarkStackSize                            = 4194304                                   {product} {ergonomic}
   size_t MaxHeapSize                              = 2071986176                                {product} {ergonomic}
   size_t MinHeapDeltaBytes                        = 1048576                                   {product} {ergonomic}
   size_t MinHeapSize                              = 8388608                                   {product} {ergonomic}
    uintx NonNMethodCodeHeapSize                   = 5839372                                {pd product} {ergonomic}
    uintx NonProfiledCodeHeapSize                  = 122909434                              {pd product} {ergonomic}
    uintx ProfiledCodeHeapSize                     = 122909434                              {pd product} {ergonomic}
    uintx ReservedCodeCacheSize                    = 251658240                              {pd product} {ergonomic}
     bool SegmentedCodeCache                       = true                                      {product} {ergonomic}
   size_t SoftMaxHeapSize                          = 2071986176                             {manageable} {ergonomic}
     bool UseCompressedClassPointers               = true                           {product lp64_product} {ergonomic}
     bool UseCompressedOops                        = true                           {product lp64_product} {ergonomic}
     bool UseG1GC                                  = true                                      {product} {ergonomic}
     bool UseLargePagesIndividualAllocation        = false                                  {pd product} {ergonomic}

Logging:
Log output configuration:
 #0: stdout all=warning uptime,level,tags
 #1: stderr all=off uptime,level,tags

Environment Variables:
JAVA_HOME=C:\Program Files\Amazon Corretto\jdk11.0.18_10
CLASSPATH=%classpath%;.;.;.
PATH=C:\Program Files\Common Files\Oracle\Java\javapath;C:\Program Files\Amazon Corretto\jdk11.0.18_10\bin;C:\Program Files\Eclipse Adoptium\jdk-11.0.17.8-hotspot\bin;C:\Program Files (x86)\VMware\VMware Workstation\bin\;C:\Program Files (x86)\Common Files\Oracle\Java\javapath;C:\Windows\system32;C:\Windows;C:\Windows\System32\Wbem;C:\Windows\System32\WindowsPowerShell\v1.0\;C:\Windows\System32\OpenSSH\;C:\Program Files\dotnet\;C:\Program Files (x86)\dotnet\;C:\Program Files\MATLAB\R2021b\bin;C:\Program Files\Microsoft SQL Server\130\Tools\Binn\;C:\Program Files\Git\cmd;C:\Program Files\Graphviz\bin;C:\Program Files\nodejs\;C:\Program Files\Docker\Docker\resources\bin;D:\curl-8.8.0_1-win64-mingw\curl-8.8.0_1-win64-mingw\bin;C:\Program Files\Java\scripts;C:\Program Files\Java\jdk1.8.0_301;C:\Program Files\Java\jdk-17;C:\Program Files\Amazon Corretto\jdk11.0.18_10;C:\Program Files\MySQL\MySQL Server 8.0\bin;C:\Users\82106\AppData\Local\Programs\Microsoft VS Code\bin;C:\Program Files\JetBrains\IntelliJ IDEA 2022.3.1\bin;C:\Users\82106\AppData\Local\gitkraken\bin;C:\Users\82106\AppData\Roaming\npm
USERNAME=82106
OS=Windows_NT
PROCESSOR_IDENTIFIER=Intel64 Family 6 Model 126 Stepping 5, GenuineIntel



---------------  S Y S T E M  ---------------

OS:
 Windows 10 , 64 bit Build 19041 (10.0.19041.3636)
OS uptime: 0 days 0:52 hours
Hyper-V role detected

CPU: total 8 (initial active 8) (4 cores per cpu, 2 threads per core) family 6 model 126 stepping 5 microcode 0x96, cx8, cmov, fxsr, ht, mmx, 3dnowpref, sse, sse2, sse3, ssse3, sse4.1, sse4.2, popcnt, lzcnt, tsc, tscinvbit, avx, avx2, aes, erms, clmul, bmi1, bmi2, adx, avx512f, avx512dq, avx512cd, avx512bw, avx512vl, sha, fma, vzeroupper, avx512_vpopcntdq, avx512_vpclmulqdq, avx512_vaes, avx512_vnni, clflush, clflushopt, avx512_vbmi2, avx512_vbmi, hv

Memory: 4k page, system-wide physical 7901M (338M free)
TotalPageFile size 16093M (AvailPageFile size 17M)
current process WorkingSet (physical memory assigned to process): 10M, peak: 10M
current process commit charge ("private bytes"): 60M, peak: 184M

vm_info: Java HotSpot(TM) 64-Bit Server VM (17.0.10+11-LTS-240) for windows-amd64 JRE (17.0.10+11-LTS-240), built on Dec 19 2023 21:47:25 by "mach5one" with MS VC++ 17.1 (VS2022)

END.
