#
# There is insufficient memory for the Java Runtime Environment to continue.
# Native memory allocation (malloc) failed to allocate 2168864 bytes for Chunk::new
# Possible reasons:
#   The system is out of physical RAM or swap space
#   The process is running with CompressedOops enabled, and the Java Heap may be blocking the growth of the native heap
# Possible solutions:
#   Reduce memory load on the system
#   Increase physical memory or swap space
#   Check if swap backing store is full
#   Decrease Java heap size (-Xmx/-Xms)
#   Decrease number of Java threads
#   Decrease Java thread stack sizes (-Xss)
#   Set larger code cache with -XX:ReservedCodeCacheSize=
#   JVM is running with Unscaled Compressed Oops mode in which the Java heap is
#     placed in the first 4GB address space. The Java Heap base address is the
#     maximum limit for the native heap growth. Please use -XX:HeapBaseMinAddress
#     to set the Java Heap base and to place the Java Heap above 4GB virtual address.
# This output file may be truncated or incomplete.
#
#  Out of Memory Error (arena.cpp:189), pid=35372, tid=38164
#
# JRE version: Java(TM) SE Runtime Environment (17.0.10+11) (build 17.0.10+11-LTS-240)
# Java VM: Java HotSpot(TM) 64-Bit Server VM (17.0.10+11-LTS-240, mixed mode, sharing, tiered, compressed oops, compressed class ptrs, g1 gc, windows-amd64)
# No core dump will be written. Minidumps are not enabled by default on client versions of Windows
#

---------------  S U M M A R Y ------------

Command Line: --add-opens=java.base/java.util=ALL-UNNAMED --add-opens=java.base/java.lang=ALL-UNNAMED --add-opens=java.base/java.lang.invoke=ALL-UNNAMED --add-opens=java.prefs/java.util.prefs=ALL-UNNAMED --add-opens=java.base/java.nio.charset=ALL-UNNAMED --add-opens=java.base/java.net=ALL-UNNAMED --add-opens=java.base/java.util.concurrent.atomic=ALL-UNNAMED -XX:MaxMetaspaceSize=384m -XX:+HeapDumpOnOutOfMemoryError -Xms256m -Xmx512m -Dfile.encoding=UTF-8 -Duser.country=KR -Duser.language=ko -Duser.variant -javaagent:C:\Users\82106\.gradle\wrapper\dists\gradle-8.5-bin\5t9huq95ubn472n8rpzujfbqh\gradle-8.5\lib\agents\gradle-instrumentation-agent-8.5.jar org.gradle.launcher.daemon.bootstrap.GradleDaemon 8.5

Host: Intel(R) Core(TM) i5-1035G4 CPU @ 1.10GHz, 8 cores, 7G,  Windows 10 , 64 bit Build 19041 (10.0.19041.3636)
Time: Fri Jun 14 17:32:41 2024  Windows 10 , 64 bit Build 19041 (10.0.19041.3636) elapsed time: 9.257208 seconds (0d 0h 0m 9s)

---------------  T H R E A D  ---------------

Current thread (0x000001cfd5f20970):  JavaThread "C2 CompilerThread0" daemon [_thread_in_native, id=38164, stack(0x0000001147d00000,0x0000001147e00000)]


Current CompileTask:
C2:   9257 2182       4       jdk.internal.org.objectweb.asm.Frame::execute (2305 bytes)

Stack: [0x0000001147d00000,0x0000001147e00000]
Native frames: (J=compiled Java code, j=interpreted, Vv=VM code, C=native code)
V  [jvm.dll+0x677a5a]
V  [jvm.dll+0x7d8b2d]
V  [jvm.dll+0x7da48e]
V  [jvm.dll+0x7daaf3]
V  [jvm.dll+0x2455ff]
V  [jvm.dll+0xaaafb]
V  [jvm.dll+0xab09c]
V  [jvm.dll+0x361bae]
V  [jvm.dll+0x32c211]
V  [jvm.dll+0x32b6aa]
V  [jvm.dll+0x21794f]
V  [jvm.dll+0x216d81]
V  [jvm.dll+0x1a3410]
V  [jvm.dll+0x226aeb]
V  [jvm.dll+0x224cab]
V  [jvm.dll+0x78e45c]
V  [jvm.dll+0x78888a]
V  [jvm.dll+0x676935]
C  [ucrtbase.dll+0x21bb2]
C  [KERNEL32.DLL+0x17344]
C  [ntdll.dll+0x4cc91]


---------------  P R O C E S S  ---------------

Threads class SMR info:
_java_thread_list=0x000001cfefa112f0, length=22, elements={
0x000001cfbb5f8ed0, 0x000001cfd5eee630, 0x000001cfd5eefeb0, 0x000001cfd5f0d6d0,
0x000001cfd5f0e1a0, 0x000001cfd5f133a0, 0x000001cfd5f1cc00, 0x000001cfd5f20970,
0x000001cfd5f21330, 0x000001cfd5f1c1e0, 0x000001cfd5f1c6f0, 0x000001cfd5f1d110,
0x000001cfd5f1e040, 0x000001cfd5f1d620, 0x000001cfd5f1db30, 0x000001cfd5f1e550,
0x000001cfd5f1ea60, 0x000001cfd5f1ef70, 0x000001cfd5f1f480, 0x000001cfd5f1f990,
0x000001cfefa0d5d0, 0x000001cfefa09e20
}

Java Threads: ( => current thread )
  0x000001cfbb5f8ed0 JavaThread "main" [_thread_blocked, id=19060, stack(0x0000001147000000,0x0000001147100000)]
  0x000001cfd5eee630 JavaThread "Reference Handler" daemon [_thread_blocked, id=40388, stack(0x0000001147700000,0x0000001147800000)]
  0x000001cfd5eefeb0 JavaThread "Finalizer" daemon [_thread_blocked, id=36700, stack(0x0000001147800000,0x0000001147900000)]
  0x000001cfd5f0d6d0 JavaThread "Signal Dispatcher" daemon [_thread_blocked, id=38852, stack(0x0000001147900000,0x0000001147a00000)]
  0x000001cfd5f0e1a0 JavaThread "Attach Listener" daemon [_thread_blocked, id=35872, stack(0x0000001147a00000,0x0000001147b00000)]
  0x000001cfd5f133a0 JavaThread "Service Thread" daemon [_thread_blocked, id=42788, stack(0x0000001147b00000,0x0000001147c00000)]
  0x000001cfd5f1cc00 JavaThread "Monitor Deflation Thread" daemon [_thread_blocked, id=40876, stack(0x0000001147c00000,0x0000001147d00000)]
=>0x000001cfd5f20970 JavaThread "C2 CompilerThread0" daemon [_thread_in_native, id=38164, stack(0x0000001147d00000,0x0000001147e00000)]
  0x000001cfd5f21330 JavaThread "C1 CompilerThread0" daemon [_thread_blocked, id=40672, stack(0x0000001147e00000,0x0000001147f00000)]
  0x000001cfd5f1c1e0 JavaThread "Sweeper thread" daemon [_thread_blocked, id=41272, stack(0x0000001147f00000,0x0000001148000000)]
  0x000001cfd5f1c6f0 JavaThread "Common-Cleaner" daemon [_thread_blocked, id=38280, stack(0x0000001148000000,0x0000001148100000)]
  0x000001cfd5f1d110 JavaThread "Notification Thread" daemon [_thread_blocked, id=40296, stack(0x0000001148100000,0x0000001148200000)]
  0x000001cfd5f1e040 JavaThread "Daemon health stats" [_thread_blocked, id=40196, stack(0x0000001148400000,0x0000001148500000)]
  0x000001cfd5f1d620 JavaThread "Incoming local TCP Connector on port 63914" [_thread_in_native, id=38572, stack(0x0000001148300000,0x0000001148400000)]
  0x000001cfd5f1db30 JavaThread "Daemon periodic checks" [_thread_blocked, id=40536, stack(0x0000001148a00000,0x0000001148b00000)]
  0x000001cfd5f1e550 JavaThread "Daemon" [_thread_blocked, id=30240, stack(0x0000001148b00000,0x0000001148c00000)]
  0x000001cfd5f1ea60 JavaThread "Handler for socket connection from /127.0.0.1:63914 to /127.0.0.1:63915" [_thread_in_native, id=40640, stack(0x0000001148c00000,0x0000001148d00000)]
  0x000001cfd5f1ef70 JavaThread "Cancel handler" [_thread_blocked, id=41280, stack(0x0000001148d00000,0x0000001148e00000)]
  0x000001cfd5f1f480 JavaThread "Daemon worker" [_thread_in_vm, id=41332, stack(0x0000001148e00000,0x0000001148f00000)]
  0x000001cfd5f1f990 JavaThread "Asynchronous log dispatcher for DefaultDaemonConnection: socket connection from /127.0.0.1:63914 to /127.0.0.1:63915" [_thread_blocked, id=42748, stack(0x0000001148f00000,0x0000001149000000)]
  0x000001cfefa0d5d0 JavaThread "Stdin handler" [_thread_blocked, id=42976, stack(0x0000001149000000,0x0000001149100000)]
  0x000001cfefa09e20 JavaThread "Daemon client event forwarder" [_thread_blocked, id=29916, stack(0x0000001149100000,0x0000001149200000)]

Other Threads:
  0x000001cfd5ee9c20 VMThread "VM Thread" [stack: 0x0000001147600000,0x0000001147700000] [id=42308]
  0x000001cfbb5f9e90 WatcherThread [stack: 0x0000001148200000,0x0000001148300000] [id=41204]
  0x000001cfbb626cf0 GCTaskThread "GC Thread#0" [stack: 0x0000001147100000,0x0000001147200000] [id=36476]
  0x000001cff0121a00 GCTaskThread "GC Thread#1" [stack: 0x0000001148500000,0x0000001148600000] [id=35076]
  0x000001cfefa8c3e0 GCTaskThread "GC Thread#2" [stack: 0x0000001148600000,0x0000001148700000] [id=34648]
  0x000001cfefa8f3d0 GCTaskThread "GC Thread#3" [stack: 0x0000001148700000,0x0000001148800000] [id=40580]
  0x000001cfefeb3650 GCTaskThread "GC Thread#4" [stack: 0x0000001148800000,0x0000001148900000] [id=41676]
  0x000001cfefbfdfa0 GCTaskThread "GC Thread#5" [stack: 0x0000001148900000,0x0000001148a00000] [id=38148]
  0x000001cfbb62cb70 ConcurrentGCThread "G1 Main Marker" [stack: 0x0000001147200000,0x0000001147300000] [id=40200]
  0x000001cfbb62dc30 ConcurrentGCThread "G1 Conc#0" [stack: 0x0000001147300000,0x0000001147400000] [id=42372]
  0x000001cfbb6cec30 ConcurrentGCThread "G1 Refine#0" [stack: 0x0000001147400000,0x0000001147500000] [id=40996]
  0x000001cfd5dac750 ConcurrentGCThread "G1 Service" [stack: 0x0000001147500000,0x0000001147600000] [id=17084]

Threads with active compile tasks:
C2 CompilerThread0     9453 2182       4       jdk.internal.org.objectweb.asm.Frame::execute (2305 bytes)

VM state: not at safepoint (normal execution)

VM Mutex/Monitor currently owned by a thread: None

Heap address: 0x00000000e0000000, size: 512 MB, Compressed Oops mode: 32-bit

CDS archive(s) mapped at: [0x000001cfd6000000-0x000001cfd6bd0000-0x000001cfd6bd0000), size 12386304, SharedBaseAddress: 0x000001cfd6000000, ArchiveRelocationMode: 1.
Compressed class space mapped at: 0x000001cfd7000000-0x000001cfeb000000, reserved size: 335544320
Narrow klass base: 0x000001cfd6000000, Narrow klass shift: 0, Narrow klass range: 0x100000000

GC Precious Log:
 CPUs: 8 total, 8 available
 Memory: 7901M
 Large Page Support: Disabled
 NUMA Support: Disabled
 Compressed Oops: Enabled (32-bit)
 Heap Region Size: 1M
 Heap Min Capacity: 256M
 Heap Initial Capacity: 256M
 Heap Max Capacity: 512M
 Pre-touch: Disabled
 Parallel Workers: 8
 Concurrent Workers: 2
 Concurrent Refinement Workers: 8
 Periodic GC: Disabled

Heap:
 garbage-first heap   total 262144K, used 74285K [0x00000000e0000000, 0x0000000100000000)
  region size 1024K, 62 young (63488K), 1 survivors (1024K)
 Metaspace       used 13507K, committed 13824K, reserved 393216K
  class space    used 1882K, committed 2048K, reserved 327680K

Heap Regions: E=young(eden), S=young(survivor), O=old, HS=humongous(starts), HC=humongous(continues), CS=collection set, F=free, OA=open archive, CA=closed archive, TAMS=top-at-mark-start (previous, next)
|   0|0x00000000e0000000, 0x00000000e0100000, 0x00000000e0100000|100%|HS|  |TAMS 0x00000000e0000000, 0x00000000e0000000| Complete 
|   1|0x00000000e0100000, 0x00000000e0200000, 0x00000000e0200000|100%|HC|  |TAMS 0x00000000e0100000, 0x00000000e0100000| Complete 
|   2|0x00000000e0200000, 0x00000000e0300000, 0x00000000e0300000|100%|HC|  |TAMS 0x00000000e0200000, 0x00000000e0200000| Complete 
|   3|0x00000000e0300000, 0x00000000e0400000, 0x00000000e0400000|100%|HC|  |TAMS 0x00000000e0300000, 0x00000000e0300000| Complete 
|   4|0x00000000e0400000, 0x00000000e0500000, 0x00000000e0500000|100%| O|  |TAMS 0x00000000e0400000, 0x00000000e0400000| Untracked 
|   5|0x00000000e0500000, 0x00000000e0600000, 0x00000000e0600000|100%| O|  |TAMS 0x00000000e0500000, 0x00000000e0500000| Untracked 
|   6|0x00000000e0600000, 0x00000000e0700000, 0x00000000e0700000|100%| O|  |TAMS 0x00000000e0600000, 0x00000000e0600000| Untracked 
|   7|0x00000000e0700000, 0x00000000e0800000, 0x00000000e0800000|100%| O|  |TAMS 0x00000000e0700000, 0x00000000e0700000| Untracked 
|   8|0x00000000e0800000, 0x00000000e0900000, 0x00000000e0900000|100%| O|  |TAMS 0x00000000e0800000, 0x00000000e0800000| Untracked 
|   9|0x00000000e0900000, 0x00000000e0a00000, 0x00000000e0a00000|100%| O|  |TAMS 0x00000000e0900000, 0x00000000e0900000| Untracked 
|  10|0x00000000e0a00000, 0x00000000e0ac2c00, 0x00000000e0b00000| 76%| O|  |TAMS 0x00000000e0a00000, 0x00000000e0a00000| Untracked 
|  11|0x00000000e0b00000, 0x00000000e0c00000, 0x00000000e0c00000|100%|HS|  |TAMS 0x00000000e0b00000, 0x00000000e0b00000| Complete 
|  12|0x00000000e0c00000, 0x00000000e0c00000, 0x00000000e0d00000|  0%| F|  |TAMS 0x00000000e0c00000, 0x00000000e0c00000| Untracked 
|  13|0x00000000e0d00000, 0x00000000e0d00000, 0x00000000e0e00000|  0%| F|  |TAMS 0x00000000e0d00000, 0x00000000e0d00000| Untracked 
|  14|0x00000000e0e00000, 0x00000000e0e00000, 0x00000000e0f00000|  0%| F|  |TAMS 0x00000000e0e00000, 0x00000000e0e00000| Untracked 
|  15|0x00000000e0f00000, 0x00000000e0f00000, 0x00000000e1000000|  0%| F|  |TAMS 0x00000000e0f00000, 0x00000000e0f00000| Untracked 
|  16|0x00000000e1000000, 0x00000000e1000000, 0x00000000e1100000|  0%| F|  |TAMS 0x00000000e1000000, 0x00000000e1000000| Untracked 
|  17|0x00000000e1100000, 0x00000000e1100000, 0x00000000e1200000|  0%| F|  |TAMS 0x00000000e1100000, 0x00000000e1100000| Untracked 
|  18|0x00000000e1200000, 0x00000000e1200000, 0x00000000e1300000|  0%| F|  |TAMS 0x00000000e1200000, 0x00000000e1200000| Untracked 
|  19|0x00000000e1300000, 0x00000000e1300000, 0x00000000e1400000|  0%| F|  |TAMS 0x00000000e1300000, 0x00000000e1300000| Untracked 
|  20|0x00000000e1400000, 0x00000000e1400000, 0x00000000e1500000|  0%| F|  |TAMS 0x00000000e1400000, 0x00000000e1400000| Untracked 
|  21|0x00000000e1500000, 0x00000000e1500000, 0x00000000e1600000|  0%| F|  |TAMS 0x00000000e1500000, 0x00000000e1500000| Untracked 
|  22|0x00000000e1600000, 0x00000000e1600000, 0x00000000e1700000|  0%| F|  |TAMS 0x00000000e1600000, 0x00000000e1600000| Untracked 
|  23|0x00000000e1700000, 0x00000000e1700000, 0x00000000e1800000|  0%| F|  |TAMS 0x00000000e1700000, 0x00000000e1700000| Untracked 
|  24|0x00000000e1800000, 0x00000000e1800000, 0x00000000e1900000|  0%| F|  |TAMS 0x00000000e1800000, 0x00000000e1800000| Untracked 
|  25|0x00000000e1900000, 0x00000000e1900000, 0x00000000e1a00000|  0%| F|  |TAMS 0x00000000e1900000, 0x00000000e1900000| Untracked 
|  26|0x00000000e1a00000, 0x00000000e1a00000, 0x00000000e1b00000|  0%| F|  |TAMS 0x00000000e1a00000, 0x00000000e1a00000| Untracked 
|  27|0x00000000e1b00000, 0x00000000e1b00000, 0x00000000e1c00000|  0%| F|  |TAMS 0x00000000e1b00000, 0x00000000e1b00000| Untracked 
|  28|0x00000000e1c00000, 0x00000000e1c00000, 0x00000000e1d00000|  0%| F|  |TAMS 0x00000000e1c00000, 0x00000000e1c00000| Untracked 
|  29|0x00000000e1d00000, 0x00000000e1d00000, 0x00000000e1e00000|  0%| F|  |TAMS 0x00000000e1d00000, 0x00000000e1d00000| Untracked 
|  30|0x00000000e1e00000, 0x00000000e1e00000, 0x00000000e1f00000|  0%| F|  |TAMS 0x00000000e1e00000, 0x00000000e1e00000| Untracked 
|  31|0x00000000e1f00000, 0x00000000e1f00000, 0x00000000e2000000|  0%| F|  |TAMS 0x00000000e1f00000, 0x00000000e1f00000| Untracked 
|  32|0x00000000e2000000, 0x00000000e2000000, 0x00000000e2100000|  0%| F|  |TAMS 0x00000000e2000000, 0x00000000e2000000| Untracked 
|  33|0x00000000e2100000, 0x00000000e2100000, 0x00000000e2200000|  0%| F|  |TAMS 0x00000000e2100000, 0x00000000e2100000| Untracked 
|  34|0x00000000e2200000, 0x00000000e2200000, 0x00000000e2300000|  0%| F|  |TAMS 0x00000000e2200000, 0x00000000e2200000| Untracked 
|  35|0x00000000e2300000, 0x00000000e2300000, 0x00000000e2400000|  0%| F|  |TAMS 0x00000000e2300000, 0x00000000e2300000| Untracked 
|  36|0x00000000e2400000, 0x00000000e2400000, 0x00000000e2500000|  0%| F|  |TAMS 0x00000000e2400000, 0x00000000e2400000| Untracked 
|  37|0x00000000e2500000, 0x00000000e2500000, 0x00000000e2600000|  0%| F|  |TAMS 0x00000000e2500000, 0x00000000e2500000| Untracked 
|  38|0x00000000e2600000, 0x00000000e2600000, 0x00000000e2700000|  0%| F|  |TAMS 0x00000000e2600000, 0x00000000e2600000| Untracked 
|  39|0x00000000e2700000, 0x00000000e2700000, 0x00000000e2800000|  0%| F|  |TAMS 0x00000000e2700000, 0x00000000e2700000| Untracked 
|  40|0x00000000e2800000, 0x00000000e2800000, 0x00000000e2900000|  0%| F|  |TAMS 0x00000000e2800000, 0x00000000e2800000| Untracked 
|  41|0x00000000e2900000, 0x00000000e2900000, 0x00000000e2a00000|  0%| F|  |TAMS 0x00000000e2900000, 0x00000000e2900000| Untracked 
|  42|0x00000000e2a00000, 0x00000000e2a00000, 0x00000000e2b00000|  0%| F|  |TAMS 0x00000000e2a00000, 0x00000000e2a00000| Untracked 
|  43|0x00000000e2b00000, 0x00000000e2b00000, 0x00000000e2c00000|  0%| F|  |TAMS 0x00000000e2b00000, 0x00000000e2b00000| Untracked 
|  44|0x00000000e2c00000, 0x00000000e2c00000, 0x00000000e2d00000|  0%| F|  |TAMS 0x00000000e2c00000, 0x00000000e2c00000| Untracked 
|  45|0x00000000e2d00000, 0x00000000e2d00000, 0x00000000e2e00000|  0%| F|  |TAMS 0x00000000e2d00000, 0x00000000e2d00000| Untracked 
|  46|0x00000000e2e00000, 0x00000000e2e00000, 0x00000000e2f00000|  0%| F|  |TAMS 0x00000000e2e00000, 0x00000000e2e00000| Untracked 
|  47|0x00000000e2f00000, 0x00000000e2f00000, 0x00000000e3000000|  0%| F|  |TAMS 0x00000000e2f00000, 0x00000000e2f00000| Untracked 
|  48|0x00000000e3000000, 0x00000000e3000000, 0x00000000e3100000|  0%| F|  |TAMS 0x00000000e3000000, 0x00000000e3000000| Untracked 
|  49|0x00000000e3100000, 0x00000000e3100000, 0x00000000e3200000|  0%| F|  |TAMS 0x00000000e3100000, 0x00000000e3100000| Untracked 
|  50|0x00000000e3200000, 0x00000000e3200000, 0x00000000e3300000|  0%| F|  |TAMS 0x00000000e3200000, 0x00000000e3200000| Untracked 
|  51|0x00000000e3300000, 0x00000000e3300000, 0x00000000e3400000|  0%| F|  |TAMS 0x00000000e3300000, 0x00000000e3300000| Untracked 
|  52|0x00000000e3400000, 0x00000000e3400000, 0x00000000e3500000|  0%| F|  |TAMS 0x00000000e3400000, 0x00000000e3400000| Untracked 
|  53|0x00000000e3500000, 0x00000000e3500000, 0x00000000e3600000|  0%| F|  |TAMS 0x00000000e3500000, 0x00000000e3500000| Untracked 
|  54|0x00000000e3600000, 0x00000000e3600000, 0x00000000e3700000|  0%| F|  |TAMS 0x00000000e3600000, 0x00000000e3600000| Untracked 
|  55|0x00000000e3700000, 0x00000000e3700000, 0x00000000e3800000|  0%| F|  |TAMS 0x00000000e3700000, 0x00000000e3700000| Untracked 
|  56|0x00000000e3800000, 0x00000000e3800000, 0x00000000e3900000|  0%| F|  |TAMS 0x00000000e3800000, 0x00000000e3800000| Untracked 
|  57|0x00000000e3900000, 0x00000000e3900000, 0x00000000e3a00000|  0%| F|  |TAMS 0x00000000e3900000, 0x00000000e3900000| Untracked 
|  58|0x00000000e3a00000, 0x00000000e3a00000, 0x00000000e3b00000|  0%| F|  |TAMS 0x00000000e3a00000, 0x00000000e3a00000| Untracked 
|  59|0x00000000e3b00000, 0x00000000e3b00000, 0x00000000e3c00000|  0%| F|  |TAMS 0x00000000e3b00000, 0x00000000e3b00000| Untracked 
|  60|0x00000000e3c00000, 0x00000000e3c00000, 0x00000000e3d00000|  0%| F|  |TAMS 0x00000000e3c00000, 0x00000000e3c00000| Untracked 
|  61|0x00000000e3d00000, 0x00000000e3d00000, 0x00000000e3e00000|  0%| F|  |TAMS 0x00000000e3d00000, 0x00000000e3d00000| Untracked 
|  62|0x00000000e3e00000, 0x00000000e3e00000, 0x00000000e3f00000|  0%| F|  |TAMS 0x00000000e3e00000, 0x00000000e3e00000| Untracked 
|  63|0x00000000e3f00000, 0x00000000e3f00000, 0x00000000e4000000|  0%| F|  |TAMS 0x00000000e3f00000, 0x00000000e3f00000| Untracked 
|  64|0x00000000e4000000, 0x00000000e4000000, 0x00000000e4100000|  0%| F|  |TAMS 0x00000000e4000000, 0x00000000e4000000| Untracked 
|  65|0x00000000e4100000, 0x00000000e4100000, 0x00000000e4200000|  0%| F|  |TAMS 0x00000000e4100000, 0x00000000e4100000| Untracked 
|  66|0x00000000e4200000, 0x00000000e4200000, 0x00000000e4300000|  0%| F|  |TAMS 0x00000000e4200000, 0x00000000e4200000| Untracked 
|  67|0x00000000e4300000, 0x00000000e4300000, 0x00000000e4400000|  0%| F|  |TAMS 0x00000000e4300000, 0x00000000e4300000| Untracked 
|  68|0x00000000e4400000, 0x00000000e4400000, 0x00000000e4500000|  0%| F|  |TAMS 0x00000000e4400000, 0x00000000e4400000| Untracked 
|  69|0x00000000e4500000, 0x00000000e4500000, 0x00000000e4600000|  0%| F|  |TAMS 0x00000000e4500000, 0x00000000e4500000| Untracked 
|  70|0x00000000e4600000, 0x00000000e4600000, 0x00000000e4700000|  0%| F|  |TAMS 0x00000000e4600000, 0x00000000e4600000| Untracked 
|  71|0x00000000e4700000, 0x00000000e4700000, 0x00000000e4800000|  0%| F|  |TAMS 0x00000000e4700000, 0x00000000e4700000| Untracked 
|  72|0x00000000e4800000, 0x00000000e4800000, 0x00000000e4900000|  0%| F|  |TAMS 0x00000000e4800000, 0x00000000e4800000| Untracked 
|  73|0x00000000e4900000, 0x00000000e4900000, 0x00000000e4a00000|  0%| F|  |TAMS 0x00000000e4900000, 0x00000000e4900000| Untracked 
|  74|0x00000000e4a00000, 0x00000000e4a00000, 0x00000000e4b00000|  0%| F|  |TAMS 0x00000000e4a00000, 0x00000000e4a00000| Untracked 
|  75|0x00000000e4b00000, 0x00000000e4b00000, 0x00000000e4c00000|  0%| F|  |TAMS 0x00000000e4b00000, 0x00000000e4b00000| Untracked 
|  76|0x00000000e4c00000, 0x00000000e4c00000, 0x00000000e4d00000|  0%| F|  |TAMS 0x00000000e4c00000, 0x00000000e4c00000| Untracked 
|  77|0x00000000e4d00000, 0x00000000e4d00000, 0x00000000e4e00000|  0%| F|  |TAMS 0x00000000e4d00000, 0x00000000e4d00000| Untracked 
|  78|0x00000000e4e00000, 0x00000000e4e00000, 0x00000000e4f00000|  0%| F|  |TAMS 0x00000000e4e00000, 0x00000000e4e00000| Untracked 
|  79|0x00000000e4f00000, 0x00000000e4f00000, 0x00000000e5000000|  0%| F|  |TAMS 0x00000000e4f00000, 0x00000000e4f00000| Untracked 
|  80|0x00000000e5000000, 0x00000000e5000000, 0x00000000e5100000|  0%| F|  |TAMS 0x00000000e5000000, 0x00000000e5000000| Untracked 
|  81|0x00000000e5100000, 0x00000000e5100000, 0x00000000e5200000|  0%| F|  |TAMS 0x00000000e5100000, 0x00000000e5100000| Untracked 
|  82|0x00000000e5200000, 0x00000000e5200000, 0x00000000e5300000|  0%| F|  |TAMS 0x00000000e5200000, 0x00000000e5200000| Untracked 
|  83|0x00000000e5300000, 0x00000000e5300000, 0x00000000e5400000|  0%| F|  |TAMS 0x00000000e5300000, 0x00000000e5300000| Untracked 
|  84|0x00000000e5400000, 0x00000000e5400000, 0x00000000e5500000|  0%| F|  |TAMS 0x00000000e5400000, 0x00000000e5400000| Untracked 
|  85|0x00000000e5500000, 0x00000000e5500000, 0x00000000e5600000|  0%| F|  |TAMS 0x00000000e5500000, 0x00000000e5500000| Untracked 
|  86|0x00000000e5600000, 0x00000000e5600000, 0x00000000e5700000|  0%| F|  |TAMS 0x00000000e5600000, 0x00000000e5600000| Untracked 
|  87|0x00000000e5700000, 0x00000000e5700000, 0x00000000e5800000|  0%| F|  |TAMS 0x00000000e5700000, 0x00000000e5700000| Untracked 
|  88|0x00000000e5800000, 0x00000000e5800000, 0x00000000e5900000|  0%| F|  |TAMS 0x00000000e5800000, 0x00000000e5800000| Untracked 
|  89|0x00000000e5900000, 0x00000000e5900000, 0x00000000e5a00000|  0%| F|  |TAMS 0x00000000e5900000, 0x00000000e5900000| Untracked 
|  90|0x00000000e5a00000, 0x00000000e5a00000, 0x00000000e5b00000|  0%| F|  |TAMS 0x00000000e5a00000, 0x00000000e5a00000| Untracked 
|  91|0x00000000e5b00000, 0x00000000e5b00000, 0x00000000e5c00000|  0%| F|  |TAMS 0x00000000e5b00000, 0x00000000e5b00000| Untracked 
|  92|0x00000000e5c00000, 0x00000000e5c00000, 0x00000000e5d00000|  0%| F|  |TAMS 0x00000000e5c00000, 0x00000000e5c00000| Untracked 
|  93|0x00000000e5d00000, 0x00000000e5d00000, 0x00000000e5e00000|  0%| F|  |TAMS 0x00000000e5d00000, 0x00000000e5d00000| Untracked 
|  94|0x00000000e5e00000, 0x00000000e5e00000, 0x00000000e5f00000|  0%| F|  |TAMS 0x00000000e5e00000, 0x00000000e5e00000| Untracked 
|  95|0x00000000e5f00000, 0x00000000e5f00000, 0x00000000e6000000|  0%| F|  |TAMS 0x00000000e5f00000, 0x00000000e5f00000| Untracked 
|  96|0x00000000e6000000, 0x00000000e6000000, 0x00000000e6100000|  0%| F|  |TAMS 0x00000000e6000000, 0x00000000e6000000| Untracked 
|  97|0x00000000e6100000, 0x00000000e6100000, 0x00000000e6200000|  0%| F|  |TAMS 0x00000000e6100000, 0x00000000e6100000| Untracked 
|  98|0x00000000e6200000, 0x00000000e6200000, 0x00000000e6300000|  0%| F|  |TAMS 0x00000000e6200000, 0x00000000e6200000| Untracked 
|  99|0x00000000e6300000, 0x00000000e6300000, 0x00000000e6400000|  0%| F|  |TAMS 0x00000000e6300000, 0x00000000e6300000| Untracked 
| 100|0x00000000e6400000, 0x00000000e6400000, 0x00000000e6500000|  0%| F|  |TAMS 0x00000000e6400000, 0x00000000e6400000| Untracked 
| 101|0x00000000e6500000, 0x00000000e6500000, 0x00000000e6600000|  0%| F|  |TAMS 0x00000000e6500000, 0x00000000e6500000| Untracked 
| 102|0x00000000e6600000, 0x00000000e6600000, 0x00000000e6700000|  0%| F|  |TAMS 0x00000000e6600000, 0x00000000e6600000| Untracked 
| 103|0x00000000e6700000, 0x00000000e6700000, 0x00000000e6800000|  0%| F|  |TAMS 0x00000000e6700000, 0x00000000e6700000| Untracked 
| 104|0x00000000e6800000, 0x00000000e6800000, 0x00000000e6900000|  0%| F|  |TAMS 0x00000000e6800000, 0x00000000e6800000| Untracked 
| 105|0x00000000e6900000, 0x00000000e6900000, 0x00000000e6a00000|  0%| F|  |TAMS 0x00000000e6900000, 0x00000000e6900000| Untracked 
| 106|0x00000000e6a00000, 0x00000000e6a00000, 0x00000000e6b00000|  0%| F|  |TAMS 0x00000000e6a00000, 0x00000000e6a00000| Untracked 
| 107|0x00000000e6b00000, 0x00000000e6b00000, 0x00000000e6c00000|  0%| F|  |TAMS 0x00000000e6b00000, 0x00000000e6b00000| Untracked 
| 108|0x00000000e6c00000, 0x00000000e6c00000, 0x00000000e6d00000|  0%| F|  |TAMS 0x00000000e6c00000, 0x00000000e6c00000| Untracked 
| 109|0x00000000e6d00000, 0x00000000e6d00000, 0x00000000e6e00000|  0%| F|  |TAMS 0x00000000e6d00000, 0x00000000e6d00000| Untracked 
| 110|0x00000000e6e00000, 0x00000000e6e00000, 0x00000000e6f00000|  0%| F|  |TAMS 0x00000000e6e00000, 0x00000000e6e00000| Untracked 
| 111|0x00000000e6f00000, 0x00000000e6f00000, 0x00000000e7000000|  0%| F|  |TAMS 0x00000000e6f00000, 0x00000000e6f00000| Untracked 
| 112|0x00000000e7000000, 0x00000000e7000000, 0x00000000e7100000|  0%| F|  |TAMS 0x00000000e7000000, 0x00000000e7000000| Untracked 
| 113|0x00000000e7100000, 0x00000000e7100000, 0x00000000e7200000|  0%| F|  |TAMS 0x00000000e7100000, 0x00000000e7100000| Untracked 
| 114|0x00000000e7200000, 0x00000000e7200000, 0x00000000e7300000|  0%| F|  |TAMS 0x00000000e7200000, 0x00000000e7200000| Untracked 
| 115|0x00000000e7300000, 0x00000000e7300000, 0x00000000e7400000|  0%| F|  |TAMS 0x00000000e7300000, 0x00000000e7300000| Untracked 
| 116|0x00000000e7400000, 0x00000000e7400000, 0x00000000e7500000|  0%| F|  |TAMS 0x00000000e7400000, 0x00000000e7400000| Untracked 
| 117|0x00000000e7500000, 0x00000000e7500000, 0x00000000e7600000|  0%| F|  |TAMS 0x00000000e7500000, 0x00000000e7500000| Untracked 
| 118|0x00000000e7600000, 0x00000000e7600000, 0x00000000e7700000|  0%| F|  |TAMS 0x00000000e7600000, 0x00000000e7600000| Untracked 
| 119|0x00000000e7700000, 0x00000000e7700000, 0x00000000e7800000|  0%| F|  |TAMS 0x00000000e7700000, 0x00000000e7700000| Untracked 
| 120|0x00000000e7800000, 0x00000000e7800000, 0x00000000e7900000|  0%| F|  |TAMS 0x00000000e7800000, 0x00000000e7800000| Untracked 
| 121|0x00000000e7900000, 0x00000000e7900000, 0x00000000e7a00000|  0%| F|  |TAMS 0x00000000e7900000, 0x00000000e7900000| Untracked 
| 122|0x00000000e7a00000, 0x00000000e7a00000, 0x00000000e7b00000|  0%| F|  |TAMS 0x00000000e7a00000, 0x00000000e7a00000| Untracked 
| 123|0x00000000e7b00000, 0x00000000e7b00000, 0x00000000e7c00000|  0%| F|  |TAMS 0x00000000e7b00000, 0x00000000e7b00000| Untracked 
| 124|0x00000000e7c00000, 0x00000000e7c00000, 0x00000000e7d00000|  0%| F|  |TAMS 0x00000000e7c00000, 0x00000000e7c00000| Untracked 
| 125|0x00000000e7d00000, 0x00000000e7d00000, 0x00000000e7e00000|  0%| F|  |TAMS 0x00000000e7d00000, 0x00000000e7d00000| Untracked 
| 126|0x00000000e7e00000, 0x00000000e7e00000, 0x00000000e7f00000|  0%| F|  |TAMS 0x00000000e7e00000, 0x00000000e7e00000| Untracked 
| 127|0x00000000e7f00000, 0x00000000e7f00000, 0x00000000e8000000|  0%| F|  |TAMS 0x00000000e7f00000, 0x00000000e7f00000| Untracked 
| 128|0x00000000e8000000, 0x00000000e8000000, 0x00000000e8100000|  0%| F|  |TAMS 0x00000000e8000000, 0x00000000e8000000| Untracked 
| 129|0x00000000e8100000, 0x00000000e8100000, 0x00000000e8200000|  0%| F|  |TAMS 0x00000000e8100000, 0x00000000e8100000| Untracked 
| 130|0x00000000e8200000, 0x00000000e8200000, 0x00000000e8300000|  0%| F|  |TAMS 0x00000000e8200000, 0x00000000e8200000| Untracked 
| 131|0x00000000e8300000, 0x00000000e8300000, 0x00000000e8400000|  0%| F|  |TAMS 0x00000000e8300000, 0x00000000e8300000| Untracked 
| 132|0x00000000e8400000, 0x00000000e8400000, 0x00000000e8500000|  0%| F|  |TAMS 0x00000000e8400000, 0x00000000e8400000| Untracked 
| 133|0x00000000e8500000, 0x00000000e8500000, 0x00000000e8600000|  0%| F|  |TAMS 0x00000000e8500000, 0x00000000e8500000| Untracked 
| 134|0x00000000e8600000, 0x00000000e8600000, 0x00000000e8700000|  0%| F|  |TAMS 0x00000000e8600000, 0x00000000e8600000| Untracked 
| 135|0x00000000e8700000, 0x00000000e8700000, 0x00000000e8800000|  0%| F|  |TAMS 0x00000000e8700000, 0x00000000e8700000| Untracked 
| 136|0x00000000e8800000, 0x00000000e8800000, 0x00000000e8900000|  0%| F|  |TAMS 0x00000000e8800000, 0x00000000e8800000| Untracked 
| 137|0x00000000e8900000, 0x00000000e8900000, 0x00000000e8a00000|  0%| F|  |TAMS 0x00000000e8900000, 0x00000000e8900000| Untracked 
| 138|0x00000000e8a00000, 0x00000000e8a00000, 0x00000000e8b00000|  0%| F|  |TAMS 0x00000000e8a00000, 0x00000000e8a00000| Untracked 
| 139|0x00000000e8b00000, 0x00000000e8b00000, 0x00000000e8c00000|  0%| F|  |TAMS 0x00000000e8b00000, 0x00000000e8b00000| Untracked 
| 140|0x00000000e8c00000, 0x00000000e8c00000, 0x00000000e8d00000|  0%| F|  |TAMS 0x00000000e8c00000, 0x00000000e8c00000| Untracked 
| 141|0x00000000e8d00000, 0x00000000e8d00000, 0x00000000e8e00000|  0%| F|  |TAMS 0x00000000e8d00000, 0x00000000e8d00000| Untracked 
| 142|0x00000000e8e00000, 0x00000000e8e00000, 0x00000000e8f00000|  0%| F|  |TAMS 0x00000000e8e00000, 0x00000000e8e00000| Untracked 
| 143|0x00000000e8f00000, 0x00000000e8f00000, 0x00000000e9000000|  0%| F|  |TAMS 0x00000000e8f00000, 0x00000000e8f00000| Untracked 
| 144|0x00000000e9000000, 0x00000000e9000000, 0x00000000e9100000|  0%| F|  |TAMS 0x00000000e9000000, 0x00000000e9000000| Untracked 
| 145|0x00000000e9100000, 0x00000000e9100000, 0x00000000e9200000|  0%| F|  |TAMS 0x00000000e9100000, 0x00000000e9100000| Untracked 
| 146|0x00000000e9200000, 0x00000000e9200000, 0x00000000e9300000|  0%| F|  |TAMS 0x00000000e9200000, 0x00000000e9200000| Untracked 
| 147|0x00000000e9300000, 0x00000000e9300000, 0x00000000e9400000|  0%| F|  |TAMS 0x00000000e9300000, 0x00000000e9300000| Untracked 
| 148|0x00000000e9400000, 0x00000000e9400000, 0x00000000e9500000|  0%| F|  |TAMS 0x00000000e9400000, 0x00000000e9400000| Untracked 
| 149|0x00000000e9500000, 0x00000000e9500000, 0x00000000e9600000|  0%| F|  |TAMS 0x00000000e9500000, 0x00000000e9500000| Untracked 
| 150|0x00000000e9600000, 0x00000000e9600000, 0x00000000e9700000|  0%| F|  |TAMS 0x00000000e9600000, 0x00000000e9600000| Untracked 
| 151|0x00000000e9700000, 0x00000000e9700000, 0x00000000e9800000|  0%| F|  |TAMS 0x00000000e9700000, 0x00000000e9700000| Untracked 
| 152|0x00000000e9800000, 0x00000000e9800000, 0x00000000e9900000|  0%| F|  |TAMS 0x00000000e9800000, 0x00000000e9800000| Untracked 
| 153|0x00000000e9900000, 0x00000000e9900000, 0x00000000e9a00000|  0%| F|  |TAMS 0x00000000e9900000, 0x00000000e9900000| Untracked 
| 154|0x00000000e9a00000, 0x00000000e9a00000, 0x00000000e9b00000|  0%| F|  |TAMS 0x00000000e9a00000, 0x00000000e9a00000| Untracked 
| 155|0x00000000e9b00000, 0x00000000e9b00000, 0x00000000e9c00000|  0%| F|  |TAMS 0x00000000e9b00000, 0x00000000e9b00000| Untracked 
| 156|0x00000000e9c00000, 0x00000000e9c00000, 0x00000000e9d00000|  0%| F|  |TAMS 0x00000000e9c00000, 0x00000000e9c00000| Untracked 
| 157|0x00000000e9d00000, 0x00000000e9d00000, 0x00000000e9e00000|  0%| F|  |TAMS 0x00000000e9d00000, 0x00000000e9d00000| Untracked 
| 158|0x00000000e9e00000, 0x00000000e9e00000, 0x00000000e9f00000|  0%| F|  |TAMS 0x00000000e9e00000, 0x00000000e9e00000| Untracked 
| 159|0x00000000e9f00000, 0x00000000e9f00000, 0x00000000ea000000|  0%| F|  |TAMS 0x00000000e9f00000, 0x00000000e9f00000| Untracked 
| 160|0x00000000ea000000, 0x00000000ea000000, 0x00000000ea100000|  0%| F|  |TAMS 0x00000000ea000000, 0x00000000ea000000| Untracked 
| 161|0x00000000ea100000, 0x00000000ea100000, 0x00000000ea200000|  0%| F|  |TAMS 0x00000000ea100000, 0x00000000ea100000| Untracked 
| 162|0x00000000ea200000, 0x00000000ea200000, 0x00000000ea300000|  0%| F|  |TAMS 0x00000000ea200000, 0x00000000ea200000| Untracked 
| 163|0x00000000ea300000, 0x00000000ea300000, 0x00000000ea400000|  0%| F|  |TAMS 0x00000000ea300000, 0x00000000ea300000| Untracked 
| 164|0x00000000ea400000, 0x00000000ea400000, 0x00000000ea500000|  0%| F|  |TAMS 0x00000000ea400000, 0x00000000ea400000| Untracked 
| 165|0x00000000ea500000, 0x00000000ea500000, 0x00000000ea600000|  0%| F|  |TAMS 0x00000000ea500000, 0x00000000ea500000| Untracked 
| 166|0x00000000ea600000, 0x00000000ea600000, 0x00000000ea700000|  0%| F|  |TAMS 0x00000000ea600000, 0x00000000ea600000| Untracked 
| 167|0x00000000ea700000, 0x00000000ea700000, 0x00000000ea800000|  0%| F|  |TAMS 0x00000000ea700000, 0x00000000ea700000| Untracked 
| 168|0x00000000ea800000, 0x00000000ea800000, 0x00000000ea900000|  0%| F|  |TAMS 0x00000000ea800000, 0x00000000ea800000| Untracked 
| 169|0x00000000ea900000, 0x00000000ea900000, 0x00000000eaa00000|  0%| F|  |TAMS 0x00000000ea900000, 0x00000000ea900000| Untracked 
| 170|0x00000000eaa00000, 0x00000000eaa00000, 0x00000000eab00000|  0%| F|  |TAMS 0x00000000eaa00000, 0x00000000eaa00000| Untracked 
| 171|0x00000000eab00000, 0x00000000eab00000, 0x00000000eac00000|  0%| F|  |TAMS 0x00000000eab00000, 0x00000000eab00000| Untracked 
| 172|0x00000000eac00000, 0x00000000eac00000, 0x00000000ead00000|  0%| F|  |TAMS 0x00000000eac00000, 0x00000000eac00000| Untracked 
| 173|0x00000000ead00000, 0x00000000ead00000, 0x00000000eae00000|  0%| F|  |TAMS 0x00000000ead00000, 0x00000000ead00000| Untracked 
| 174|0x00000000eae00000, 0x00000000eae00000, 0x00000000eaf00000|  0%| F|  |TAMS 0x00000000eae00000, 0x00000000eae00000| Untracked 
| 175|0x00000000eaf00000, 0x00000000eaf00000, 0x00000000eb000000|  0%| F|  |TAMS 0x00000000eaf00000, 0x00000000eaf00000| Untracked 
| 176|0x00000000eb000000, 0x00000000eb000000, 0x00000000eb100000|  0%| F|  |TAMS 0x00000000eb000000, 0x00000000eb000000| Untracked 
| 177|0x00000000eb100000, 0x00000000eb100000, 0x00000000eb200000|  0%| F|  |TAMS 0x00000000eb100000, 0x00000000eb100000| Untracked 
| 178|0x00000000eb200000, 0x00000000eb200000, 0x00000000eb300000|  0%| F|  |TAMS 0x00000000eb200000, 0x00000000eb200000| Untracked 
| 179|0x00000000eb300000, 0x00000000eb300000, 0x00000000eb400000|  0%| F|  |TAMS 0x00000000eb300000, 0x00000000eb300000| Untracked 
| 180|0x00000000eb400000, 0x00000000eb400000, 0x00000000eb500000|  0%| F|  |TAMS 0x00000000eb400000, 0x00000000eb400000| Untracked 
| 181|0x00000000eb500000, 0x00000000eb500000, 0x00000000eb600000|  0%| F|  |TAMS 0x00000000eb500000, 0x00000000eb500000| Untracked 
| 182|0x00000000eb600000, 0x00000000eb600000, 0x00000000eb700000|  0%| F|  |TAMS 0x00000000eb600000, 0x00000000eb600000| Untracked 
| 183|0x00000000eb700000, 0x00000000eb700000, 0x00000000eb800000|  0%| F|  |TAMS 0x00000000eb700000, 0x00000000eb700000| Untracked 
| 184|0x00000000eb800000, 0x00000000eb800000, 0x00000000eb900000|  0%| F|  |TAMS 0x00000000eb800000, 0x00000000eb800000| Untracked 
| 185|0x00000000eb900000, 0x00000000eb900000, 0x00000000eba00000|  0%| F|  |TAMS 0x00000000eb900000, 0x00000000eb900000| Untracked 
| 186|0x00000000eba00000, 0x00000000eba00000, 0x00000000ebb00000|  0%| F|  |TAMS 0x00000000eba00000, 0x00000000eba00000| Untracked 
| 187|0x00000000ebb00000, 0x00000000ebb00000, 0x00000000ebc00000|  0%| F|  |TAMS 0x00000000ebb00000, 0x00000000ebb00000| Untracked 
| 188|0x00000000ebc00000, 0x00000000ebc00000, 0x00000000ebd00000|  0%| F|  |TAMS 0x00000000ebc00000, 0x00000000ebc00000| Untracked 
| 189|0x00000000ebd00000, 0x00000000ebd00000, 0x00000000ebe00000|  0%| F|  |TAMS 0x00000000ebd00000, 0x00000000ebd00000| Untracked 
| 190|0x00000000ebe00000, 0x00000000ebe00000, 0x00000000ebf00000|  0%| F|  |TAMS 0x00000000ebe00000, 0x00000000ebe00000| Untracked 
| 191|0x00000000ebf00000, 0x00000000ebf00000, 0x00000000ec000000|  0%| F|  |TAMS 0x00000000ebf00000, 0x00000000ebf00000| Untracked 
| 192|0x00000000ec000000, 0x00000000ec000000, 0x00000000ec100000|  0%| F|  |TAMS 0x00000000ec000000, 0x00000000ec000000| Untracked 
| 193|0x00000000ec100000, 0x00000000ec180800, 0x00000000ec200000| 50%| E|  |TAMS 0x00000000ec100000, 0x00000000ec100000| Complete 
| 194|0x00000000ec200000, 0x00000000ec300000, 0x00000000ec300000|100%| E|CS|TAMS 0x00000000ec200000, 0x00000000ec200000| Complete 
| 195|0x00000000ec300000, 0x00000000ec400000, 0x00000000ec400000|100%| E|CS|TAMS 0x00000000ec300000, 0x00000000ec300000| Complete 
| 196|0x00000000ec400000, 0x00000000ec500000, 0x00000000ec500000|100%| E|CS|TAMS 0x00000000ec400000, 0x00000000ec400000| Complete 
| 197|0x00000000ec500000, 0x00000000ec600000, 0x00000000ec600000|100%| E|CS|TAMS 0x00000000ec500000, 0x00000000ec500000| Complete 
| 198|0x00000000ec600000, 0x00000000ec700000, 0x00000000ec700000|100%| E|CS|TAMS 0x00000000ec600000, 0x00000000ec600000| Complete 
| 199|0x00000000ec700000, 0x00000000ec800000, 0x00000000ec800000|100%| E|CS|TAMS 0x00000000ec700000, 0x00000000ec700000| Complete 
| 200|0x00000000ec800000, 0x00000000ec900000, 0x00000000ec900000|100%| E|CS|TAMS 0x00000000ec800000, 0x00000000ec800000| Complete 
| 201|0x00000000ec900000, 0x00000000eca00000, 0x00000000eca00000|100%| E|CS|TAMS 0x00000000ec900000, 0x00000000ec900000| Complete 
| 202|0x00000000eca00000, 0x00000000ecb00000, 0x00000000ecb00000|100%| E|CS|TAMS 0x00000000eca00000, 0x00000000eca00000| Complete 
| 203|0x00000000ecb00000, 0x00000000ecc00000, 0x00000000ecc00000|100%| E|CS|TAMS 0x00000000ecb00000, 0x00000000ecb00000| Complete 
| 204|0x00000000ecc00000, 0x00000000ecd00000, 0x00000000ecd00000|100%| E|CS|TAMS 0x00000000ecc00000, 0x00000000ecc00000| Complete 
| 205|0x00000000ecd00000, 0x00000000ece00000, 0x00000000ece00000|100%| E|CS|TAMS 0x00000000ecd00000, 0x00000000ecd00000| Complete 
| 206|0x00000000ece00000, 0x00000000ecf00000, 0x00000000ecf00000|100%| E|CS|TAMS 0x00000000ece00000, 0x00000000ece00000| Complete 
| 207|0x00000000ecf00000, 0x00000000ed000000, 0x00000000ed000000|100%| E|CS|TAMS 0x00000000ecf00000, 0x00000000ecf00000| Complete 
| 208|0x00000000ed000000, 0x00000000ed100000, 0x00000000ed100000|100%| E|CS|TAMS 0x00000000ed000000, 0x00000000ed000000| Complete 
| 209|0x00000000ed100000, 0x00000000ed200000, 0x00000000ed200000|100%| E|CS|TAMS 0x00000000ed100000, 0x00000000ed100000| Complete 
| 210|0x00000000ed200000, 0x00000000ed300000, 0x00000000ed300000|100%| E|CS|TAMS 0x00000000ed200000, 0x00000000ed200000| Complete 
| 211|0x00000000ed300000, 0x00000000ed400000, 0x00000000ed400000|100%| E|CS|TAMS 0x00000000ed300000, 0x00000000ed300000| Complete 
| 212|0x00000000ed400000, 0x00000000ed500000, 0x00000000ed500000|100%| E|CS|TAMS 0x00000000ed400000, 0x00000000ed400000| Complete 
| 213|0x00000000ed500000, 0x00000000ed600000, 0x00000000ed600000|100%| E|CS|TAMS 0x00000000ed500000, 0x00000000ed500000| Complete 
| 214|0x00000000ed600000, 0x00000000ed700000, 0x00000000ed700000|100%| E|CS|TAMS 0x00000000ed600000, 0x00000000ed600000| Complete 
| 215|0x00000000ed700000, 0x00000000ed800000, 0x00000000ed800000|100%| E|CS|TAMS 0x00000000ed700000, 0x00000000ed700000| Complete 
| 216|0x00000000ed800000, 0x00000000ed900000, 0x00000000ed900000|100%| E|CS|TAMS 0x00000000ed800000, 0x00000000ed800000| Complete 
| 217|0x00000000ed900000, 0x00000000eda00000, 0x00000000eda00000|100%| E|CS|TAMS 0x00000000ed900000, 0x00000000ed900000| Complete 
| 218|0x00000000eda00000, 0x00000000edb00000, 0x00000000edb00000|100%| E|CS|TAMS 0x00000000eda00000, 0x00000000eda00000| Complete 
| 219|0x00000000edb00000, 0x00000000edc00000, 0x00000000edc00000|100%| E|CS|TAMS 0x00000000edb00000, 0x00000000edb00000| Complete 
| 220|0x00000000edc00000, 0x00000000edd00000, 0x00000000edd00000|100%| E|CS|TAMS 0x00000000edc00000, 0x00000000edc00000| Complete 
| 221|0x00000000edd00000, 0x00000000ede00000, 0x00000000ede00000|100%| E|CS|TAMS 0x00000000edd00000, 0x00000000edd00000| Complete 
| 222|0x00000000ede00000, 0x00000000edf00000, 0x00000000edf00000|100%| E|CS|TAMS 0x00000000ede00000, 0x00000000ede00000| Complete 
| 223|0x00000000edf00000, 0x00000000ee000000, 0x00000000ee000000|100%| E|CS|TAMS 0x00000000edf00000, 0x00000000edf00000| Complete 
| 224|0x00000000ee000000, 0x00000000ee100000, 0x00000000ee100000|100%| E|CS|TAMS 0x00000000ee000000, 0x00000000ee000000| Complete 
| 225|0x00000000ee100000, 0x00000000ee1c88c8, 0x00000000ee200000| 78%| S|CS|TAMS 0x00000000ee100000, 0x00000000ee100000| Complete 
| 226|0x00000000ee200000, 0x00000000ee300000, 0x00000000ee300000|100%| E|CS|TAMS 0x00000000ee200000, 0x00000000ee200000| Complete 
| 227|0x00000000ee300000, 0x00000000ee400000, 0x00000000ee400000|100%| E|CS|TAMS 0x00000000ee300000, 0x00000000ee300000| Complete 
| 228|0x00000000ee400000, 0x00000000ee500000, 0x00000000ee500000|100%| E|CS|TAMS 0x00000000ee400000, 0x00000000ee400000| Complete 
| 229|0x00000000ee500000, 0x00000000ee600000, 0x00000000ee600000|100%| E|CS|TAMS 0x00000000ee500000, 0x00000000ee500000| Complete 
| 230|0x00000000ee600000, 0x00000000ee700000, 0x00000000ee700000|100%| E|CS|TAMS 0x00000000ee600000, 0x00000000ee600000| Complete 
| 231|0x00000000ee700000, 0x00000000ee800000, 0x00000000ee800000|100%| E|CS|TAMS 0x00000000ee700000, 0x00000000ee700000| Complete 
| 232|0x00000000ee800000, 0x00000000ee900000, 0x00000000ee900000|100%| E|CS|TAMS 0x00000000ee800000, 0x00000000ee800000| Complete 
| 233|0x00000000ee900000, 0x00000000eea00000, 0x00000000eea00000|100%| E|CS|TAMS 0x00000000ee900000, 0x00000000ee900000| Complete 
| 234|0x00000000eea00000, 0x00000000eeb00000, 0x00000000eeb00000|100%| E|CS|TAMS 0x00000000eea00000, 0x00000000eea00000| Complete 
| 235|0x00000000eeb00000, 0x00000000eec00000, 0x00000000eec00000|100%| E|CS|TAMS 0x00000000eeb00000, 0x00000000eeb00000| Complete 
| 236|0x00000000eec00000, 0x00000000eed00000, 0x00000000eed00000|100%| E|CS|TAMS 0x00000000eec00000, 0x00000000eec00000| Complete 
| 237|0x00000000eed00000, 0x00000000eee00000, 0x00000000eee00000|100%| E|CS|TAMS 0x00000000eed00000, 0x00000000eed00000| Complete 
| 238|0x00000000eee00000, 0x00000000eef00000, 0x00000000eef00000|100%| E|CS|TAMS 0x00000000eee00000, 0x00000000eee00000| Complete 
| 239|0x00000000eef00000, 0x00000000ef000000, 0x00000000ef000000|100%| E|CS|TAMS 0x00000000eef00000, 0x00000000eef00000| Complete 
| 240|0x00000000ef000000, 0x00000000ef100000, 0x00000000ef100000|100%| E|CS|TAMS 0x00000000ef000000, 0x00000000ef000000| Complete 
| 241|0x00000000ef100000, 0x00000000ef200000, 0x00000000ef200000|100%| E|CS|TAMS 0x00000000ef100000, 0x00000000ef100000| Complete 
| 242|0x00000000ef200000, 0x00000000ef300000, 0x00000000ef300000|100%| E|CS|TAMS 0x00000000ef200000, 0x00000000ef200000| Complete 
| 243|0x00000000ef300000, 0x00000000ef400000, 0x00000000ef400000|100%| E|CS|TAMS 0x00000000ef300000, 0x00000000ef300000| Complete 
| 244|0x00000000ef400000, 0x00000000ef500000, 0x00000000ef500000|100%| E|CS|TAMS 0x00000000ef400000, 0x00000000ef400000| Complete 
| 245|0x00000000ef500000, 0x00000000ef600000, 0x00000000ef600000|100%| E|CS|TAMS 0x00000000ef500000, 0x00000000ef500000| Complete 
| 246|0x00000000ef600000, 0x00000000ef700000, 0x00000000ef700000|100%| E|CS|TAMS 0x00000000ef600000, 0x00000000ef600000| Complete 
| 247|0x00000000ef700000, 0x00000000ef800000, 0x00000000ef800000|100%| E|CS|TAMS 0x00000000ef700000, 0x00000000ef700000| Complete 
| 248|0x00000000ef800000, 0x00000000ef900000, 0x00000000ef900000|100%| E|CS|TAMS 0x00000000ef800000, 0x00000000ef800000| Complete 
| 249|0x00000000ef900000, 0x00000000efa00000, 0x00000000efa00000|100%| E|CS|TAMS 0x00000000ef900000, 0x00000000ef900000| Complete 
| 250|0x00000000efa00000, 0x00000000efb00000, 0x00000000efb00000|100%| E|CS|TAMS 0x00000000efa00000, 0x00000000efa00000| Complete 
| 251|0x00000000efb00000, 0x00000000efc00000, 0x00000000efc00000|100%| E|CS|TAMS 0x00000000efb00000, 0x00000000efb00000| Complete 
| 252|0x00000000efc00000, 0x00000000efd00000, 0x00000000efd00000|100%| E|CS|TAMS 0x00000000efc00000, 0x00000000efc00000| Complete 
| 253|0x00000000efd00000, 0x00000000efe00000, 0x00000000efe00000|100%| E|CS|TAMS 0x00000000efd00000, 0x00000000efd00000| Complete 
| 254|0x00000000efe00000, 0x00000000eff00000, 0x00000000eff00000|100%| E|CS|TAMS 0x00000000efe00000, 0x00000000efe00000| Complete 
| 255|0x00000000eff00000, 0x00000000f0000000, 0x00000000f0000000|100%| E|CS|TAMS 0x00000000eff00000, 0x00000000eff00000| Complete 

Card table byte_map: [0x000001cfd22f0000,0x000001cfd23f0000] _byte_map_base: 0x000001cfd1bf0000

Marking Bits (Prev, Next): (CMBitMap*) 0x000001cfbb628240, (CMBitMap*) 0x000001cfbb628280
 Prev Bits: [0x000001cfd24f0000, 0x000001cfd2cf0000)
 Next Bits: [0x000001cfd2cf0000, 0x000001cfd34f0000)

Polling page: 0x000001cfb9400000

Metaspace:

Usage:
  Non-class:     11.42 MB used.
      Class:      1.85 MB used.
       Both:     13.27 MB used.

Virtual space:
  Non-class space:       64.00 MB reserved,      11.56 MB ( 18%) committed,  1 nodes.
      Class space:      320.00 MB reserved,       2.00 MB ( <1%) committed,  1 nodes.
             Both:      384.00 MB reserved,      13.56 MB (  4%) committed. 

Chunk freelists:
   Non-Class:  3.92 MB
       Class:  14.01 MB
        Both:  17.93 MB

MaxMetaspaceSize: 384.00 MB
CompressedClassSpaceSize: 320.00 MB
Initial GC threshold: 21.00 MB
Current GC threshold: 21.00 MB
CDS: on
MetaspaceReclaimPolicy: balanced
 - commit_granule_bytes: 65536.
 - commit_granule_words: 8192.
 - virtual_space_node_default_size: 8388608.
 - enlarge_chunks_in_place: 1.
 - new_chunks_are_fully_committed: 0.
 - uncommit_free_chunks: 1.
 - use_allocation_guard: 0.
 - handle_deallocations: 1.


Internal statistics:

num_allocs_failed_limit: 0.
num_arena_births: 184.
num_arena_deaths: 0.
num_vsnodes_births: 2.
num_vsnodes_deaths: 0.
num_space_committed: 217.
num_space_uncommitted: 0.
num_chunks_returned_to_freelist: 0.
num_chunks_taken_from_freelist: 579.
num_chunk_merges: 0.
num_chunk_splits: 399.
num_chunks_enlarged: 309.
num_inconsistent_stats: 0.

CodeHeap 'non-profiled nmethods': size=120000Kb used=1144Kb max_used=1144Kb free=118855Kb
 bounds [0x000001cfca980000, 0x000001cfcabf0000, 0x000001cfd1eb0000]
CodeHeap 'profiled nmethods': size=120000Kb used=4541Kb max_used=4541Kb free=115458Kb
 bounds [0x000001cfc2eb0000, 0x000001cfc3320000, 0x000001cfca3e0000]
CodeHeap 'non-nmethods': size=5760Kb used=1234Kb max_used=1250Kb free=4525Kb
 bounds [0x000001cfca3e0000, 0x000001cfca650000, 0x000001cfca980000]
 total_blobs=2789 nmethods=2261 adapters=440
 compilation: enabled
              stopped_count=0, restarted_count=0
 full_count=0

Compilation events (20 events):
Event: 9.085 Thread 0x000001cfd5f21330 2216       3       org.gradle.internal.service.DefaultServiceRegistry$FactoryMethodService::<init> (22 bytes)
Event: 9.087 Thread 0x000001cfd5f21330 nmethod 2216 0x000001cfc32ff410 code [0x000001cfc32ff640, 0x000001cfc33000a8]
Event: 9.090 Thread 0x000001cfd5f21330 2217       3       java.util.concurrent.locks.LockSupport::setBlocker (12 bytes)
Event: 9.091 Thread 0x000001cfd5f21330 nmethod 2217 0x000001cfc3300410 code [0x000001cfc33005c0, 0x000001cfc33007c8]
Event: 9.105 Thread 0x000001cfd5f21330 2218       3       org.gradle.internal.service.ReflectionBasedServiceMethod::<init> (16 bytes)
Event: 9.107 Thread 0x000001cfd5f21330 nmethod 2218 0x000001cfc3300890 code [0x000001cfc3300ae0, 0x000001cfc33013f8]
Event: 9.107 Thread 0x000001cfd5f21330 2219       3       org.gradle.internal.reflect.JavaMethod::of (10 bytes)
Event: 9.109 Thread 0x000001cfd5f21330 nmethod 2219 0x000001cfc3301710 code [0x000001cfc3301940, 0x000001cfc3302108]
Event: 9.126 Thread 0x000001cfd5f21330 2221       3       org.gradle.internal.service.DefaultServiceRegistry$ClassInspector$ClassDetails::<init> (36 bytes)
Event: 9.127 Thread 0x000001cfd5f21330 nmethod 2221 0x000001cfc3302410 code [0x000001cfc3302620, 0x000001cfc3302dc8]
Event: 9.179 Thread 0x000001cfd5f21330 2222       3       java.util.AbstractList::listIterator (6 bytes)
Event: 9.180 Thread 0x000001cfd5f21330 nmethod 2222 0x000001cfc3303090 code [0x000001cfc3303240, 0x000001cfc3303408]
Event: 9.180 Thread 0x000001cfd5f21330 2223       3       java.util.LinkedList::listIterator (15 bytes)
Event: 9.181 Thread 0x000001cfd5f21330 nmethod 2223 0x000001cfc3303490 code [0x000001cfc3303680, 0x000001cfc3303ae8]
Event: 9.181 Thread 0x000001cfd5f21330 2224       1       org.gradle.internal.service.AbstractServiceMethod::getParameterTypes (5 bytes)
Event: 9.181 Thread 0x000001cfd5f21330 nmethod 2224 0x000001cfcaa9bd90 code [0x000001cfcaa9bf20, 0x000001cfcaa9bff8]
Event: 9.194 Thread 0x000001cfd5f21330 2225       1       org.gradle.initialization.DefaultLegacyTypesSupport::getClassesToMixInGroovyObject (5 bytes)
Event: 9.194 Thread 0x000001cfd5f21330 nmethod 2225 0x000001cfcaa9c090 code [0x000001cfcaa9c220, 0x000001cfcaa9c2f8]
Event: 9.194 Thread 0x000001cfd5f21330 2226       1       org.gradle.initialization.DefaultLegacyTypesSupport::getSyntheticClasses (5 bytes)
Event: 9.194 Thread 0x000001cfd5f21330 nmethod 2226 0x000001cfcaa9c390 code [0x000001cfcaa9c520, 0x000001cfcaa9c5f8]

GC Heap History (4 events):
Event: 1.802 GC heap before
{Heap before GC invocations=0 (full 0):
 garbage-first heap   total 262144K, used 26624K [0x00000000e0000000, 0x0000000100000000)
  region size 1024K, 23 young (23552K), 0 survivors (0K)
 Metaspace       used 3023K, committed 3136K, reserved 393216K
  class space    used 386K, committed 448K, reserved 327680K
}
Event: 1.809 GC heap after
{Heap after GC invocations=1 (full 0):
 garbage-first heap   total 262144K, used 11264K [0x00000000e0000000, 0x0000000100000000)
  region size 1024K, 3 young (3072K), 3 survivors (3072K)
 Metaspace       used 3023K, committed 3136K, reserved 393216K
  class space    used 386K, committed 448K, reserved 327680K
}
Event: 3.059 GC heap before
{Heap before GC invocations=1 (full 0):
 garbage-first heap   total 262144K, used 38912K [0x00000000e0000000, 0x0000000100000000)
  region size 1024K, 30 young (30720K), 3 survivors (3072K)
 Metaspace       used 4047K, committed 4224K, reserved 393216K
  class space    used 496K, committed 576K, reserved 327680K
}
Event: 3.067 GC heap after
{Heap after GC invocations=2 (full 0):
 garbage-first heap   total 262144K, used 11821K [0x00000000e0000000, 0x0000000100000000)
  region size 1024K, 1 young (1024K), 1 survivors (1024K)
 Metaspace       used 4047K, committed 4224K, reserved 393216K
  class space    used 496K, committed 576K, reserved 327680K
}

Deoptimization events (20 events):
Event: 6.775 Thread 0x000001cfd5f1ea60 DEOPT PACKING pc=0x000001cfca9b2970 sp=0x0000001148cfeaa0
Event: 6.776 Thread 0x000001cfd5f1ea60 DEOPT UNPACKING pc=0x000001cfca435ba3 sp=0x0000001148cfe9e0 mode 2
Event: 6.776 Thread 0x000001cfd5f1ea60 Uncommon trap: trap_request=0xffffff45 fr.pc=0x000001cfca997fb4 relative=0x0000000000000334
Event: 6.776 Thread 0x000001cfd5f1ea60 Uncommon trap: reason=unstable_if action=reinterpret pc=0x000001cfca997fb4 method=java.lang.StringUTF16.compress([CI[BII)I @ 20 c2
Event: 6.776 Thread 0x000001cfd5f1ea60 DEOPT PACKING pc=0x000001cfca997fb4 sp=0x0000001148cfe9a0
Event: 6.776 Thread 0x000001cfd5f1ea60 DEOPT UNPACKING pc=0x000001cfca435ba3 sp=0x0000001148cfe948 mode 2
Event: 6.894 Thread 0x000001cfd5f1f480 Uncommon trap: trap_request=0xffffff6e fr.pc=0x000001cfcaa278e4 relative=0x00000000000003c4
Event: 6.894 Thread 0x000001cfd5f1f480 Uncommon trap: reason=loop_limit_check action=maybe_recompile pc=0x000001cfcaa278e4 method=java.lang.StringLatin1.indexOf([BI[BII)I @ 37 c2
Event: 6.894 Thread 0x000001cfd5f1f480 DEOPT PACKING pc=0x000001cfcaa278e4 sp=0x0000001148efef30
Event: 6.894 Thread 0x000001cfd5f1f480 DEOPT UNPACKING pc=0x000001cfca435ba3 sp=0x0000001148efee90 mode 2
Event: 7.787 Thread 0x000001cfd5f1f480 Uncommon trap: trap_request=0xffffff45 fr.pc=0x000001cfca9bffb4 relative=0x00000000000003f4
Event: 7.788 Thread 0x000001cfd5f1f480 Uncommon trap: reason=unstable_if action=reinterpret pc=0x000001cfca9bffb4 method=java.util.HashMap.getNode(Ljava/lang/Object;)Ljava/util/HashMap$Node; @ 66 c2
Event: 7.788 Thread 0x000001cfd5f1f480 DEOPT PACKING pc=0x000001cfca9bffb4 sp=0x0000001148efc3d0
Event: 7.788 Thread 0x000001cfd5f1f480 DEOPT UNPACKING pc=0x000001cfca435ba3 sp=0x0000001148efc350 mode 2
Event: 7.999 Thread 0x000001cfd5f1f480 Uncommon trap: trap_request=0xffffff45 fr.pc=0x000001cfcaa601dc relative=0x000000000000023c
Event: 7.999 Thread 0x000001cfd5f1f480 Uncommon trap: reason=unstable_if action=reinterpret pc=0x000001cfcaa601dc method=java.util.concurrent.ConcurrentHashMap.get(Ljava/lang/Object;)Ljava/lang/Object; @ 76 c2
Event: 7.999 Thread 0x000001cfd5f1f480 DEOPT PACKING pc=0x000001cfcaa601dc sp=0x0000001148efb880
Event: 7.999 Thread 0x000001cfd5f1f480 DEOPT UNPACKING pc=0x000001cfca435ba3 sp=0x0000001148efb7e8 mode 2
Event: 8.279 Thread 0x000001cfd5f1f480 DEOPT PACKING pc=0x000001cfc327d87e sp=0x0000001148efb050
Event: 8.279 Thread 0x000001cfd5f1f480 DEOPT UNPACKING pc=0x000001cfca4366e3 sp=0x0000001148efa4c0 mode 0

Classes unloaded (0 events):
No events

Classes redefined (0 events):
No events

Internal exceptions (20 events):
Event: 2.342 Thread 0x000001cfbb5f8ed0 Exception <a 'java/lang/NoSuchMethodError'{0x00000000efbf15d8}: 'void java.lang.invoke.DirectMethodHandle$Holder.invokeInterface(java.lang.Object, java.lang.Object, java.lang.Object)'> (0x00000000efbf15d8) 
thrown [s\open\src\hotspot\share\interpreter\linkResolver.cpp, line 759]
Event: 3.602 Thread 0x000001cfbb5f8ed0 Exception <a 'java/lang/NoSuchMethodError'{0x00000000ef18fab8}: 'java.lang.Object java.lang.invoke.DirectMethodHandle$Holder.newInvokeSpecial(java.lang.Object, java.lang.Object, java.lang.Object, java.lang.Object, java.lang.Object)'> (0x00000000ef18fab8) 
thrown [s\open\src\hotspot\share\interpreter\linkResolver.cpp, line 759]
Event: 3.604 Thread 0x000001cfbb5f8ed0 Exception <a 'java/lang/NoSuchMethodError'{0x00000000ef194b20}: 'java.lang.Object java.lang.invoke.DirectMethodHandle$Holder.invokeStaticInit(java.lang.Object)'> (0x00000000ef194b20) 
thrown [s\open\src\hotspot\share\interpreter\linkResolver.cpp, line 759]
Event: 3.622 Thread 0x000001cfbb5f8ed0 Exception <a 'java/lang/NoSuchMethodError'{0x00000000ef1f73d0}: 'void java.lang.invoke.DirectMethodHandle$Holder.invokeSpecial(java.lang.Object, java.lang.Object, java.lang.Object)'> (0x00000000ef1f73d0) 
thrown [s\open\src\hotspot\share\interpreter\linkResolver.cpp, line 759]
Event: 4.169 Thread 0x000001cfbb5f8ed0 Exception <a 'java/lang/NoSuchMethodError'{0x00000000ee63aa78}: 'java.lang.Object java.lang.invoke.DirectMethodHandle$Holder.invokeInterface(java.lang.Object, java.lang.Object)'> (0x00000000ee63aa78) 
thrown [s\open\src\hotspot\share\interpreter\linkResolver.cpp, line 759]
Event: 4.572 Thread 0x000001cfbb5f8ed0 Exception <a 'java/lang/NoSuchMethodError'{0x00000000edf87280}: 'java.lang.Object java.lang.invoke.DirectMethodHandle$Holder.invokeStaticInit(java.lang.Object, int, int, int, int)'> (0x00000000edf87280) 
thrown [s\open\src\hotspot\share\interpreter\linkResolver.cpp, line 759]
Event: 4.811 Thread 0x000001cfbb5f8ed0 Exception <a 'java/lang/NoSuchMethodError'{0x00000000ede905e8}: 'java.lang.Object java.lang.invoke.DirectMethodHandle$Holder.invokeStaticInit(java.lang.Object, java.lang.Object, int, int, int, int)'> (0x00000000ede905e8) 
thrown [s\open\src\hotspot\share\interpreter\linkResolver.cpp, line 759]
Event: 6.210 Thread 0x000001cfbb5f8ed0 Exception <a 'java/lang/NoSuchMethodError'{0x00000000edb25e48}: 'void java.lang.invoke.DirectMethodHandle$Holder.invokeStatic(java.lang.Object, java.lang.Object, java.lang.Object)'> (0x00000000edb25e48) 
thrown [s\open\src\hotspot\share\interpreter\linkResolver.cpp, line 759]
Event: 6.284 Thread 0x000001cfbb5f8ed0 Exception <a 'java/io/IOException'{0x00000000edbe0b98}> (0x00000000edbe0b98) 
thrown [s\open\src\hotspot\share\prims\jni.cpp, line 516]
Event: 7.171 Thread 0x000001cfd5f1f480 Exception <a 'java/lang/NoSuchMethodError'{0x00000000ed393e00}: 'long java.lang.invoke.DirectMethodHandle$Holder.invokeInterface(java.lang.Object, java.lang.Object)'> (0x00000000ed393e00) 
thrown [s\open\src\hotspot\share\interpreter\linkResolver.cpp, line 759]
Event: 7.208 Thread 0x000001cfd5f1f480 Exception <a 'java/lang/NoSuchMethodError'{0x00000000ed3cb818}: 'java.lang.Object java.lang.invoke.DirectMethodHandle$Holder.invokeVirtual(java.lang.Object, java.lang.Object, java.lang.Object)'> (0x00000000ed3cb818) 
thrown [s\open\src\hotspot\share\interpreter\linkResolver.cpp, line 759]
Event: 7.525 Thread 0x000001cfd5f1f480 Exception <a 'java/lang/NoSuchMethodError'{0x00000000ecf7e140}: 'void java.lang.invoke.DirectMethodHandle$Holder.invokeStatic(java.lang.Object, java.lang.Object)'> (0x00000000ecf7e140) 
thrown [s\open\src\hotspot\share\interpreter\linkResolver.cpp, line 759]
Event: 8.279 Thread 0x000001cfd5f1f480 Exception <a 'java/lang/NoSuchMethodError'{0x00000000eca6ac30}: 'java.lang.Object java.lang.invoke.DirectMethodHandle$Holder.newInvokeSpecial(java.lang.Object, java.lang.Object, java.lang.Object, java.lang.Object, java.lang.Object, java.lang.Object)'> (0x00000000eca6ac30) 
thrown [s\open\src\hotspot\share\interpreter\linkResolver.cpp, line 759]
Event: 8.291 Thread 0x000001cfd5f1f480 Exception <a 'java/lang/NoSuchMethodError'{0x00000000eca82738}: 'void java.lang.invoke.DirectMethodHandle$Holder.invokeSpecial(java.lang.Object, java.lang.Object, java.lang.Object, java.lang.Object, java.lang.Object)'> (0x00000000eca82738) 
thrown [s\open\src\hotspot\share\interpreter\linkResolver.cpp, line 759]
Event: 8.296 Thread 0x000001cfd5f1f480 Exception <a 'java/lang/NoSuchMethodError'{0x00000000eca967b0}: 'void java.lang.invoke.DirectMethodHandle$Holder.invokeStaticInit(java.lang.Object, java.lang.Object)'> (0x00000000eca967b0) 
thrown [s\open\src\hotspot\share\interpreter\linkResolver.cpp, line 759]
Event: 8.406 Thread 0x000001cfd5f1f480 Exception <a 'java/lang/NoSuchMethodError'{0x00000000ec99ff18}: 'java.lang.Object java.lang.invoke.DirectMethodHandle$Holder.newInvokeSpecial(java.lang.Object, java.lang.Object, java.lang.Object, int, java.lang.Object, java.lang.Object)'> (0x00000000ec99ff18) 
thrown [s\open\src\hotspot\share\interpreter\linkResolver.cpp, line 759]
Event: 8.719 Thread 0x000001cfd5f1f480 Exception <a 'java/lang/NoSuchMethodError'{0x00000000ec760040}: 'void java.lang.invoke.DelegatingMethodHandle$Holder.reinvoke_L(java.lang.Object, java.lang.Object, java.lang.Object, java.lang.Object, java.lang.Object, java.lang.Object, java.lang.Object, java.lang.Object, java.lang.Object, java.lang.Object)'> (0x00000000ec760040) 
thrown [s\open\src\hotspot\share\interpreter\linkResolver.cpp, line 759]
Event: 8.722 Thread 0x000001cfd5f1f480 Exception <a 'java/lang/NoSuchMethodError'{0x00000000ec7684b0}: 'java.lang.Object java.lang.invoke.DirectMethodHandle$Holder.invokeSpecial(java.lang.Object, java.lang.Object, java.lang.Object, java.lang.Object, java.lang.Object, java.lang.Object, java.lang.Object, java.lang.Object, java.lang.Object, java.lang.Object)'> (0x00000000ec7684b0) 
thrown [s\open\src\hotspot\share\interpreter\linkResolver.cpp, line 759]
Event: 8.723 Thread 0x000001cfd5f1f480 Exception <a 'java/lang/NoSuchMethodError'{0x00000000ec76cd80}: 'java.lang.Object java.lang.invoke.Invokers$Holder.invoker(java.lang.Object, java.lang.Object, java.lang.Object, java.lang.Object, java.lang.Object, java.lang.Object, java.lang.Object, java.lang.Object, java.lang.Object, java.lang.Object)'> (0x00000000ec76cd80) 
thrown [s\open\src\hotspot\share\interpreter\linkResolver.cpp, line 759]
Event: 8.724 Thread 0x000001cfd5f1f480 Exception <a 'java/lang/NoSuchMethodError'{0x00000000ec772908}: 'java.lang.Object java.lang.invoke.DirectMethodHandle$Holder.invokeSpecial(java.lang.Object, java.lang.Object, java.lang.Object, java.lang.Object, java.lang.Object, java.lang.Object, java.lang.Object, java.lang.Object, java.lang.Object, java.lang.Object, java.lang.Object)'> (0x00000000ec772908) 
thrown [s\open\src\hotspot\share\interpreter\linkResolver.cpp, line 759]

VM Operations (20 events):
Event: 4.159 Executing VM operation: HandshakeAllThreads
Event: 4.159 Executing VM operation: HandshakeAllThreads done
Event: 4.371 Executing VM operation: HandshakeAllThreads
Event: 4.371 Executing VM operation: HandshakeAllThreads done
Event: 4.537 Executing VM operation: HandshakeAllThreads
Event: 4.537 Executing VM operation: HandshakeAllThreads done
Event: 4.736 Executing VM operation: HandshakeAllThreads
Event: 4.736 Executing VM operation: HandshakeAllThreads done
Event: 5.746 Executing VM operation: Cleanup
Event: 5.746 Executing VM operation: Cleanup done
Event: 6.207 Executing VM operation: HandshakeAllThreads
Event: 6.207 Executing VM operation: HandshakeAllThreads done
Event: 6.436 Executing VM operation: HandshakeAllThreads
Event: 6.436 Executing VM operation: HandshakeAllThreads done
Event: 7.440 Executing VM operation: Cleanup
Event: 7.441 Executing VM operation: Cleanup done
Event: 8.442 Executing VM operation: Cleanup
Event: 8.459 Executing VM operation: Cleanup done
Event: 8.522 Executing VM operation: HandshakeAllThreads
Event: 8.522 Executing VM operation: HandshakeAllThreads done

Events (20 events):
Event: 8.010 loading class java/util/stream/MatchOps$MatchKind
Event: 8.011 loading class java/util/stream/MatchOps$MatchKind done
Event: 8.012 loading class java/util/stream/MatchOps
Event: 8.013 loading class java/util/stream/MatchOps done
Event: 8.014 loading class java/util/stream/MatchOps$MatchOp
Event: 8.020 loading class java/util/stream/MatchOps$MatchOp done
Event: 8.021 loading class java/util/stream/MatchOps$BooleanTerminalSink
Event: 8.025 loading class java/util/stream/MatchOps$BooleanTerminalSink done
Event: 8.026 loading class java/util/stream/MatchOps$1MatchSink
Event: 8.028 loading class java/util/stream/MatchOps$1MatchSink done
Event: 8.331 loading class java/lang/invoke/MethodHandle$1
Event: 8.331 loading class java/lang/invoke/MethodHandle$1 done
Event: 8.372 loading class java/util/ConcurrentModificationException
Event: 8.373 loading class java/util/ConcurrentModificationException done
Event: 8.527 loading class sun/reflect/generics/scope/ConstructorScope
Event: 8.528 loading class sun/reflect/generics/scope/ConstructorScope done
Event: 8.528 loading class sun/reflect/generics/tree/VoidDescriptor
Event: 8.528 loading class sun/reflect/generics/tree/VoidDescriptor done
Event: 8.795 loading class java/io/UncheckedIOException
Event: 8.795 loading class java/io/UncheckedIOException done


Dynamic libraries:
0x00007ff7a1030000 - 0x00007ff7a1040000 	C:\Program Files\Java\jdk-17\bin\java.exe
0x00007ffb154d0000 - 0x00007ffb156c8000 	C:\Windows\SYSTEM32\ntdll.dll
0x00007ffb13750000 - 0x00007ffb1380d000 	C:\Windows\System32\KERNEL32.DLL
0x00007ffb13180000 - 0x00007ffb13476000 	C:\Windows\System32\KERNELBASE.dll
0x00007ffb12d20000 - 0x00007ffb12e20000 	C:\Windows\System32\ucrtbase.dll
0x00007ffb0a6e0000 - 0x00007ffb0a6f9000 	C:\Program Files\Java\jdk-17\bin\jli.dll
0x00007ffb0a230000 - 0x00007ffb0a24b000 	C:\Program Files\Java\jdk-17\bin\VCRUNTIME140.dll
0x00007ffb14f20000 - 0x00007ffb14fd0000 	C:\Windows\System32\ADVAPI32.dll
0x00007ffb151c0000 - 0x00007ffb1525e000 	C:\Windows\System32\msvcrt.dll
0x00007ffb15390000 - 0x00007ffb15430000 	C:\Windows\System32\sechost.dll
0x00007ffb15260000 - 0x00007ffb15383000 	C:\Windows\System32\RPCRT4.dll
0x00007ffb12f70000 - 0x00007ffb12f97000 	C:\Windows\System32\bcrypt.dll
0x00007ffb14b90000 - 0x00007ffb14d2f000 	C:\Windows\System32\USER32.dll
0x00007ffb12fa0000 - 0x00007ffb12fc2000 	C:\Windows\System32\win32u.dll
0x00007ffb14da0000 - 0x00007ffb14dcb000 	C:\Windows\System32\GDI32.dll
0x00007ffb12c00000 - 0x00007ffb12d17000 	C:\Windows\System32\gdi32full.dll
0x00007ffb12ed0000 - 0x00007ffb12f6d000 	C:\Windows\System32\msvcp_win.dll
0x00007ffafa600000 - 0x00007ffafa89a000 	C:\Windows\WinSxS\amd64_microsoft.windows.common-controls_6595b64144ccf1df_6.0.19041.4355_none_60b8b9eb71f62e16\COMCTL32.dll
0x00007ffb0af10000 - 0x00007ffb0af1a000 	C:\Windows\SYSTEM32\VERSION.dll
0x00007ffb14770000 - 0x00007ffb1479f000 	C:\Windows\System32\IMM32.DLL
0x00007ffb0a630000 - 0x00007ffb0a63c000 	C:\Program Files\Java\jdk-17\bin\vcruntime140_1.dll
0x00007ffadcf30000 - 0x00007ffadcfbe000 	C:\Program Files\Java\jdk-17\bin\msvcp140.dll
0x00007ffaa6060000 - 0x00007ffaa6c3f000 	C:\Program Files\Java\jdk-17\bin\server\jvm.dll
0x00007ffb13740000 - 0x00007ffb13748000 	C:\Windows\System32\PSAPI.DLL
0x00007ffaf0e80000 - 0x00007ffaf0ea7000 	C:\Windows\SYSTEM32\WINMM.dll
0x00007ffafd860000 - 0x00007ffafd869000 	C:\Windows\SYSTEM32\WSOCK32.dll
0x00007ffb14dd0000 - 0x00007ffb14e3b000 	C:\Windows\System32\WS2_32.dll
0x00007ffb113b0000 - 0x00007ffb113c2000 	C:\Windows\SYSTEM32\kernel.appcore.dll
0x00007ffb0a220000 - 0x00007ffb0a22a000 	C:\Program Files\Java\jdk-17\bin\jimage.dll
0x00007ffb10ef0000 - 0x00007ffb110d4000 	C:\Windows\SYSTEM32\DBGHELP.DLL
0x00007ffb10eb0000 - 0x00007ffb10ee4000 	C:\Windows\SYSTEM32\dbgcore.DLL
0x00007ffb13480000 - 0x00007ffb13502000 	C:\Windows\System32\bcryptPrimitives.dll
0x00007ffb0c7a0000 - 0x00007ffb0c7ae000 	C:\Program Files\Java\jdk-17\bin\instrument.dll
0x00007ffaf6440000 - 0x00007ffaf6465000 	C:\Program Files\Java\jdk-17\bin\java.dll
0x00007ffadce50000 - 0x00007ffadcf27000 	C:\Program Files\Java\jdk-17\bin\jsvml.dll
0x00007ffb13ef0000 - 0x00007ffb1465c000 	C:\Windows\System32\SHELL32.dll
0x00007ffb104c0000 - 0x00007ffb10c5d000 	C:\Windows\SYSTEM32\windows.storage.dll
0x00007ffb14830000 - 0x00007ffb14b83000 	C:\Windows\System32\combase.dll
0x00007ffb12540000 - 0x00007ffb1256e000 	C:\Windows\SYSTEM32\Wldp.dll
0x00007ffb150f0000 - 0x00007ffb151bd000 	C:\Windows\System32\OLEAUT32.dll
0x00007ffb13e40000 - 0x00007ffb13eed000 	C:\Windows\System32\SHCORE.dll
0x00007ffb14710000 - 0x00007ffb14765000 	C:\Windows\System32\shlwapi.dll
0x00007ffb12ac0000 - 0x00007ffb12ae4000 	C:\Windows\SYSTEM32\profapi.dll
0x00007ffaf6290000 - 0x00007ffaf62a8000 	C:\Program Files\Java\jdk-17\bin\zip.dll
0x00007ffb0a200000 - 0x00007ffb0a219000 	C:\Program Files\Java\jdk-17\bin\net.dll
0x00007ffb10c60000 - 0x00007ffb10d6a000 	C:\Windows\SYSTEM32\WINHTTP.dll
0x00007ffb12220000 - 0x00007ffb1228a000 	C:\Windows\system32\mswsock.dll
0x00007ffaf9ca0000 - 0x00007ffaf9cb6000 	C:\Program Files\Java\jdk-17\bin\nio.dll
0x00007ffb00cc0000 - 0x00007ffb00cd0000 	C:\Program Files\Java\jdk-17\bin\verify.dll
0x00007ffaf96f0000 - 0x00007ffaf9717000 	C:\Users\82106\.gradle\native\c067742578af261105cb4f569cf0c3c89f3d7b1fecec35dd04571415982c5e48\windows-amd64\native-platform.dll
0x00007ffadcd00000 - 0x00007ffadce44000 	C:\Users\82106\.gradle\native\38dada09dfb8b06ba9b0570ebf7e218e3eb74d4ef43ca46872605cf95ebc2f47\windows-amd64\native-platform-file-events.dll
0x00007ffb0a480000 - 0x00007ffb0a48a000 	C:\Program Files\Java\jdk-17\bin\management.dll
0x00007ffb06250000 - 0x00007ffb0625b000 	C:\Program Files\Java\jdk-17\bin\management_ext.dll
0x00007ffb12430000 - 0x00007ffb12448000 	C:\Windows\SYSTEM32\CRYPTSP.dll
0x00007ffb11b20000 - 0x00007ffb11b54000 	C:\Windows\system32\rsaenh.dll
0x00007ffb12a30000 - 0x00007ffb12a5e000 	C:\Windows\SYSTEM32\USERENV.dll
0x00007ffb12450000 - 0x00007ffb1245c000 	C:\Windows\SYSTEM32\CRYPTBASE.dll
0x00007ffb11ef0000 - 0x00007ffb11f2b000 	C:\Windows\SYSTEM32\IPHLPAPI.DLL
0x00007ffb13810000 - 0x00007ffb13818000 	C:\Windows\System32\NSI.dll
0x00007ffb0b390000 - 0x00007ffb0b3a7000 	C:\Windows\SYSTEM32\dhcpcsvc6.DLL
0x00007ffb0afa0000 - 0x00007ffb0afbd000 	C:\Windows\SYSTEM32\dhcpcsvc.DLL
0x00007ffb11f30000 - 0x00007ffb11ffa000 	C:\Windows\SYSTEM32\DNSAPI.dll
0x00007ffafc0b0000 - 0x00007ffafc0be000 	C:\Program Files\Java\jdk-17\bin\sunmscapi.dll
0x00007ffb12fd0000 - 0x00007ffb1312e000 	C:\Windows\System32\CRYPT32.dll
0x00007ffb125b0000 - 0x00007ffb125d9000 	C:\Windows\SYSTEM32\ncrypt.dll
0x00007ffb12570000 - 0x00007ffb125ab000 	C:\Windows\SYSTEM32\NTASN1.dll
0x00007ffb0a600000 - 0x00007ffb0a607000 	C:\Windows\system32\wshunix.dll

dbghelp: loaded successfully - version: 4.0.5 - missing functions: none
symbol engine: initialized successfully - sym options: 0x614 - pdb path: .;C:\Program Files\Java\jdk-17\bin;C:\Windows\SYSTEM32;C:\Windows\WinSxS\amd64_microsoft.windows.common-controls_6595b64144ccf1df_6.0.19041.4355_none_60b8b9eb71f62e16;C:\Program Files\Java\jdk-17\bin\server;C:\Users\82106\.gradle\native\c067742578af261105cb4f569cf0c3c89f3d7b1fecec35dd04571415982c5e48\windows-amd64;C:\Users\82106\.gradle\native\38dada09dfb8b06ba9b0570ebf7e218e3eb74d4ef43ca46872605cf95ebc2f47\windows-amd64

VM Arguments:
jvm_args: --add-opens=java.base/java.util=ALL-UNNAMED --add-opens=java.base/java.lang=ALL-UNNAMED --add-opens=java.base/java.lang.invoke=ALL-UNNAMED --add-opens=java.prefs/java.util.prefs=ALL-UNNAMED --add-opens=java.base/java.nio.charset=ALL-UNNAMED --add-opens=java.base/java.net=ALL-UNNAMED --add-opens=java.base/java.util.concurrent.atomic=ALL-UNNAMED -XX:MaxMetaspaceSize=384m -XX:+HeapDumpOnOutOfMemoryError -Xms256m -Xmx512m -Dfile.encoding=UTF-8 -Duser.country=KR -Duser.language=ko -Duser.variant -javaagent:C:\Users\82106\.gradle\wrapper\dists\gradle-8.5-bin\5t9huq95ubn472n8rpzujfbqh\gradle-8.5\lib\agents\gradle-instrumentation-agent-8.5.jar 
java_command: org.gradle.launcher.daemon.bootstrap.GradleDaemon 8.5
java_class_path (initial): C:\Users\82106\.gradle\wrapper\dists\gradle-8.5-bin\5t9huq95ubn472n8rpzujfbqh\gradle-8.5\lib\gradle-launcher-8.5.jar
Launcher Type: SUN_STANDARD

[Global flags]
     intx CICompilerCount                          = 4                                         {product} {ergonomic}
   size_t CompressedClassSpaceSize                 = 335544320                                 {product} {ergonomic}
     uint ConcGCThreads                            = 2                                         {product} {ergonomic}
     uint G1ConcRefinementThreads                  = 8                                         {product} {ergonomic}
   size_t G1HeapRegionSize                         = 1048576                                   {product} {ergonomic}
    uintx GCDrainStackTargetSize                   = 64                                        {product} {ergonomic}
     bool HeapDumpOnOutOfMemoryError               = true                                   {manageable} {command line}
   size_t InitialHeapSize                          = 268435456                                 {product} {command line}
   size_t MarkStackSize                            = 4194304                                   {product} {ergonomic}
   size_t MaxHeapSize                              = 536870912                                 {product} {command line}
   size_t MaxMetaspaceSize                         = 402653184                                 {product} {command line}
   size_t MaxNewSize                               = 321912832                                 {product} {ergonomic}
   size_t MinHeapDeltaBytes                        = 1048576                                   {product} {ergonomic}
   size_t MinHeapSize                              = 268435456                                 {product} {command line}
    uintx NonNMethodCodeHeapSize                   = 5839372                                {pd product} {ergonomic}
    uintx NonProfiledCodeHeapSize                  = 122909434                              {pd product} {ergonomic}
    uintx ProfiledCodeHeapSize                     = 122909434                              {pd product} {ergonomic}
    uintx ReservedCodeCacheSize                    = 251658240                              {pd product} {ergonomic}
     bool SegmentedCodeCache                       = true                                      {product} {ergonomic}
   size_t SoftMaxHeapSize                          = 536870912                              {manageable} {ergonomic}
     bool UseCompressedClassPointers               = true                           {product lp64_product} {ergonomic}
     bool UseCompressedOops                        = true                           {product lp64_product} {ergonomic}
     bool UseG1GC                                  = true                                      {product} {ergonomic}
     bool UseLargePagesIndividualAllocation        = false                                  {pd product} {ergonomic}

Logging:
Log output configuration:
 #0: stdout all=warning uptime,level,tags
 #1: stderr all=off uptime,level,tags

Environment Variables:
JAVA_HOME=C:\Program Files\Amazon Corretto\jdk11.0.18_10
CLASSPATH=%classpath%;.;.;.
PATH=C:\Program Files\Common Files\Oracle\Java\javapath;C:\Program Files\Amazon Corretto\jdk11.0.18_10\bin;C:\Program Files\Eclipse Adoptium\jdk-11.0.17.8-hotspot\bin;C:\Program Files (x86)\VMware\VMware Workstation\bin\;C:\Program Files (x86)\Common Files\Oracle\Java\javapath;C:\Windows\system32;C:\Windows;C:\Windows\System32\Wbem;C:\Windows\System32\WindowsPowerShell\v1.0\;C:\Windows\System32\OpenSSH\;C:\Program Files\dotnet\;C:\Program Files (x86)\dotnet\;C:\Program Files\MATLAB\R2021b\bin;C:\Program Files\Microsoft SQL Server\130\Tools\Binn\;C:\Program Files\Git\cmd;C:\Program Files\Graphviz\bin;C:\Program Files\nodejs\;C:\Program Files\Docker\Docker\resources\bin;D:\curl-8.8.0_1-win64-mingw\curl-8.8.0_1-win64-mingw\bin;C:\Program Files\MySQL\MySQL Server 8.0\bin;C:\Users\82106\AppData\Local\Programs\Microsoft VS Code\bin;C:\Program Files\JetBrains\IntelliJ IDEA 2022.3.1\bin;C:\Users\82106\AppData\Local\gitkraken\bin;C:\Users\82106\AppData\Roaming\npm
USERNAME=82106
OS=Windows_NT
PROCESSOR_IDENTIFIER=Intel64 Family 6 Model 126 Stepping 5, GenuineIntel



---------------  S Y S T E M  ---------------

OS:
 Windows 10 , 64 bit Build 19041 (10.0.19041.3636)
OS uptime: 0 days 8:34 hours
Hyper-V role detected

CPU: total 8 (initial active 8) (4 cores per cpu, 2 threads per core) family 6 model 126 stepping 5 microcode 0x96, cx8, cmov, fxsr, ht, mmx, 3dnowpref, sse, sse2, sse3, ssse3, sse4.1, sse4.2, popcnt, lzcnt, tsc, tscinvbit, avx, avx2, aes, erms, clmul, bmi1, bmi2, adx, avx512f, avx512dq, avx512cd, avx512bw, avx512vl, sha, fma, vzeroupper, avx512_vpopcntdq, avx512_vpclmulqdq, avx512_vaes, avx512_vnni, clflush, clflushopt, avx512_vbmi2, avx512_vbmi, hv

Memory: 4k page, system-wide physical 7901M (500M free)
TotalPageFile size 16093M (AvailPageFile size 6M)
current process WorkingSet (physical memory assigned to process): 162M, peak: 162M
current process commit charge ("private bytes"): 400M, peak: 401M

vm_info: Java HotSpot(TM) 64-Bit Server VM (17.0.10+11-LTS-240) for windows-amd64 JRE (17.0.10+11-LTS-240), built on Dec 19 2023 21:47:25 by "mach5one" with MS VC++ 17.1 (VS2022)

END.
