#
# There is insufficient memory for the Java Runtime Environment to continue.
# Native memory allocation (mmap) failed to map 130023424 bytes for G1 virtual space
# Possible reasons:
#   The system is out of physical RAM or swap space
#   The process is running with CompressedOops enabled, and the Java Heap may be blocking the growth of the native heap
# Possible solutions:
#   Reduce memory load on the system
#   Increase physical memory or swap space
#   Check if swap backing store is full
#   Decrease Java heap size (-Xmx/-Xms)
#   Decrease number of Java threads
#   Decrease Java thread stack sizes (-Xss)
#   Set larger code cache with -XX:ReservedCodeCacheSize=
#   JVM is running with Unscaled Compressed Oops mode in which the Java heap is
#     placed in the first 4GB address space. The Java Heap base address is the
#     maximum limit for the native heap growth. Please use -XX:HeapBaseMinAddress
#     to set the Java Heap base and to place the Java Heap above 4GB virtual address.
# This output file may be truncated or incomplete.
#
#  Out of Memory Error (os_windows.cpp:3548), pid=13884, tid=21112
#
# JRE version:  (17.0.10+11) (build )
# Java VM: Java HotSpot(TM) 64-Bit Server VM (17.0.10+11-LTS-240, mixed mode, emulated-client, sharing, tiered, compressed oops, compressed class ptrs, g1 gc, windows-amd64)
# No core dump will be written. Minidumps are not enabled by default on client versions of Windows
#

---------------  S U M M A R Y ------------

Command Line: -XX:TieredStopAtLevel=1 -Dspring.output.ansi.enabled=always -Dcom.sun.management.jmxremote -Dspring.jmx.enabled=true -Dspring.liveBeansView.mbeanDomain -Dspring.application.admin.enabled=true -Dmanagement.endpoints.jmx.exposure.include=* -javaagent:C:\Program Files\JetBrains\IntelliJ IDEA 2022.3.1\lib\idea_rt.jar=58320:C:\Program Files\JetBrains\IntelliJ IDEA 2022.3.1\bin -Dfile.encoding=UTF-8 org.c4marathon.assignment.AssignmentApplication

Host: Intel(R) Core(TM) i5-1035G4 CPU @ 1.10GHz, 8 cores, 7G,  Windows 10 , 64 bit Build 19041 (10.0.19041.3636)
Time: Thu Jun 20 20:46:08 2024  Windows 10 , 64 bit Build 19041 (10.0.19041.3636) elapsed time: 0.373122 seconds (0d 0h 0m 0s)

---------------  T H R E A D  ---------------

Current thread (0x00000284a9f4c1c0):  JavaThread "Unknown thread" [_thread_in_vm, id=21112, stack(0x000000df57300000,0x000000df57400000)]

Stack: [0x000000df57300000,0x000000df57400000]
Native frames: (J=compiled Java code, j=interpreted, Vv=VM code, C=native code)
V  [jvm.dll+0x677a5a]
V  [jvm.dll+0x7d8b2d]
V  [jvm.dll+0x7da48e]
V  [jvm.dll+0x7daaf3]
V  [jvm.dll+0x2455ff]
V  [jvm.dll+0x6749b9]
V  [jvm.dll+0x669382]
V  [jvm.dll+0x302e96]
V  [jvm.dll+0x30a416]
V  [jvm.dll+0x359cbe]
V  [jvm.dll+0x359eef]
V  [jvm.dll+0x2d9e88]
V  [jvm.dll+0x2dadf4]
V  [jvm.dll+0x7aa551]
V  [jvm.dll+0x367911]
V  [jvm.dll+0x789639]
V  [jvm.dll+0x3eb30f]
V  [jvm.dll+0x3ecd91]
C  [jli.dll+0x5297]
C  [ucrtbase.dll+0x21bb2]
C  [KERNEL32.DLL+0x17344]
C  [ntdll.dll+0x4cc91]


---------------  P R O C E S S  ---------------

Threads class SMR info:
_java_thread_list=0x00007ff971176a18, length=0, elements={
}

Java Threads: ( => current thread )

Other Threads:
  0x00000284a9fa5bc0 GCTaskThread "GC Thread#0" [stack: 0x000000df57400000,0x000000df57500000] [id=1744]
  0x00000284a9fb6210 ConcurrentGCThread "G1 Main Marker" [stack: 0x000000df57500000,0x000000df57600000] [id=16376]
  0x00000284a9fb6c20 ConcurrentGCThread "G1 Conc#0" [stack: 0x000000df57600000,0x000000df57700000] [id=12732]

[error occurred during error reporting (printing all threads), id 0xc0000005, EXCEPTION_ACCESS_VIOLATION (0xc0000005) at pc=0x00007ff9709aaae7]

VM state: not at safepoint (not fully initialized)

VM Mutex/Monitor currently owned by a thread:  ([mutex/lock_event])
[0x00000284a9f47960] Heap_lock - owner thread: 0x00000284a9f4c1c0

Heap address: 0x0000000084800000, size: 1976 MB, Compressed Oops mode: 32-bit

CDS archive(s) mapped at: [0x0000000000000000-0x0000000000000000-0x0000000000000000), size 0, SharedBaseAddress: 0x0000000800000000, ArchiveRelocationMode: 1.
Narrow klass base: 0x0000000000000000, Narrow klass shift: 0, Narrow klass range: 0x0

GC Precious Log:
<Empty>

Heap:
 garbage-first heap   total 0K, used 0K [0x0000000084800000, 0x0000000100000000)
  region size 1024K, 0 young (0K), 0 survivors (0K)

[error occurred during error reporting (printing heap information), id 0xc0000005, EXCEPTION_ACCESS_VIOLATION (0xc0000005) at pc=0x00007ff970d91249]

GC Heap History (0 events):
No events

Deoptimization events (0 events):
No events

Classes unloaded (0 events):
No events

Classes redefined (0 events):
No events

Internal exceptions (0 events):
No events

VM Operations (0 events):
No events

Events (1 events):
Event: 0.285 Loaded shared library C:\Program Files\Java\jdk-17\bin\java.dll


Dynamic libraries:
0x00007ff6c28d0000 - 0x00007ff6c28e0000 	C:\Program Files\Java\jdk-17\bin\java.exe
0x00007ff9d9950000 - 0x00007ff9d9b48000 	C:\Windows\SYSTEM32\ntdll.dll
0x00007ff9d7c40000 - 0x00007ff9d7cfd000 	C:\Windows\System32\KERNEL32.DLL
0x00007ff9d7550000 - 0x00007ff9d7846000 	C:\Windows\System32\KERNELBASE.dll
0x00007ff9d7220000 - 0x00007ff9d7320000 	C:\Windows\System32\ucrtbase.dll
0x00007ff9cf250000 - 0x00007ff9cf26b000 	C:\Program Files\Java\jdk-17\bin\VCRUNTIME140.dll
0x00007ff9cf360000 - 0x00007ff9cf379000 	C:\Program Files\Java\jdk-17\bin\jli.dll
0x00007ff9d8d60000 - 0x00007ff9d8e10000 	C:\Windows\System32\ADVAPI32.dll
0x00007ff9d8cc0000 - 0x00007ff9d8d5e000 	C:\Windows\System32\msvcrt.dll
0x00007ff9d7990000 - 0x00007ff9d7a30000 	C:\Windows\System32\sechost.dll
0x00007ff9d7f50000 - 0x00007ff9d8073000 	C:\Windows\System32\RPCRT4.dll
0x00007ff9d7520000 - 0x00007ff9d7547000 	C:\Windows\System32\bcrypt.dll
0x00007ff9d7d00000 - 0x00007ff9d7e9f000 	C:\Windows\System32\USER32.dll
0x00007ff9d70d0000 - 0x00007ff9d70f2000 	C:\Windows\System32\win32u.dll
0x00007ff9d85d0000 - 0x00007ff9d85fb000 	C:\Windows\System32\GDI32.dll
0x00007ff9d7100000 - 0x00007ff9d7217000 	C:\Windows\System32\gdi32full.dll
0x00007ff9d7480000 - 0x00007ff9d751d000 	C:\Windows\System32\msvcp_win.dll
0x00007ff9cde10000 - 0x00007ff9cde1a000 	C:\Windows\SYSTEM32\VERSION.dll
0x00007ff9c0540000 - 0x00007ff9c07da000 	C:\Windows\WinSxS\amd64_microsoft.windows.common-controls_6595b64144ccf1df_6.0.19041.4355_none_60b8b9eb71f62e16\COMCTL32.dll
0x00007ff9d7f20000 - 0x00007ff9d7f4f000 	C:\Windows\System32\IMM32.DLL
0x00007ff9d2660000 - 0x00007ff9d266c000 	C:\Program Files\Java\jdk-17\bin\vcruntime140_1.dll
0x00007ff9ca020000 - 0x00007ff9ca0ae000 	C:\Program Files\Java\jdk-17\bin\msvcp140.dll
0x00007ff9706c0000 - 0x00007ff97129f000 	C:\Program Files\Java\jdk-17\bin\server\jvm.dll
0x00007ff9d8be0000 - 0x00007ff9d8be8000 	C:\Windows\System32\PSAPI.DLL
0x00007ff9aa630000 - 0x00007ff9aa639000 	C:\Windows\SYSTEM32\WSOCK32.dll
0x00007ff9d8500000 - 0x00007ff9d856b000 	C:\Windows\System32\WS2_32.dll
0x00007ff9b5cd0000 - 0x00007ff9b5cf7000 	C:\Windows\SYSTEM32\WINMM.dll
0x00007ff9d5830000 - 0x00007ff9d5842000 	C:\Windows\SYSTEM32\kernel.appcore.dll
0x00007ff9cf350000 - 0x00007ff9cf35a000 	C:\Program Files\Java\jdk-17\bin\jimage.dll
0x00007ff9d5370000 - 0x00007ff9d5554000 	C:\Windows\SYSTEM32\DBGHELP.DLL
0x00007ff9d5330000 - 0x00007ff9d5364000 	C:\Windows\SYSTEM32\dbgcore.DLL
0x00007ff9d7900000 - 0x00007ff9d7982000 	C:\Windows\System32\bcryptPrimitives.dll
0x00007ff9c1c90000 - 0x00007ff9c1c9e000 	C:\Program Files\Java\jdk-17\bin\instrument.dll
0x00007ff9c9ff0000 - 0x00007ff9ca015000 	C:\Program Files\Java\jdk-17\bin\java.dll

dbghelp: loaded successfully - version: 4.0.5 - missing functions: none
symbol engine: initialized successfully - sym options: 0x614 - pdb path: .;C:\Program Files\Java\jdk-17\bin;C:\Windows\SYSTEM32;C:\Windows\WinSxS\amd64_microsoft.windows.common-controls_6595b64144ccf1df_6.0.19041.4355_none_60b8b9eb71f62e16;C:\Program Files\Java\jdk-17\bin\server

VM Arguments:
jvm_args: -XX:TieredStopAtLevel=1 -Dspring.output.ansi.enabled=always -Dcom.sun.management.jmxremote -Dspring.jmx.enabled=true -Dspring.liveBeansView.mbeanDomain -Dspring.application.admin.enabled=true -Dmanagement.endpoints.jmx.exposure.include=* -javaagent:C:\Program Files\JetBrains\IntelliJ IDEA 2022.3.1\lib\idea_rt.jar=58320:C:\Program Files\JetBrains\IntelliJ IDEA 2022.3.1\bin -Dfile.encoding=UTF-8 
java_command: org.c4marathon.assignment.AssignmentApplication
java_class_path (initial): D:\Users\82106\Desktop\SSAFY\CS\c4-cometrue-assignment\build\classes\java\main;D:\Users\82106\Desktop\SSAFY\CS\c4-cometrue-assignment\build\resources\main;C:\Users\82106\.gradle\caches\modules-2\files-2.1\org.projectlombok\lombok\1.18.30\f195ee86e6c896ea47a1d39defbe20eb59cd149d\lombok-1.18.30.jar;C:\Users\82106\.gradle\caches\modules-2\files-2.1\org.springframework.boot\spring-boot-starter-web\3.1.4\a0da0751207173c93f9e92e74cae430b53544576\spring-boot-starter-web-3.1.4.jar;C:\Users\82106\.gradle\caches\modules-2\files-2.1\org.apache.commons\commons-lang3\3.13.0\b7263237aa89c1f99b327197c41d0669707a462e\commons-lang3-3.13.0.jar;C:\Users\82106\.gradle\caches\modules-2\files-2.1\org.apache.commons\commons-collections4\4.4\62ebe7544cb7164d87e0637a2a6a2bdc981395e8\commons-collections4-4.4.jar;C:\Users\82106\.gradle\caches\modules-2\files-2.1\com.mysql\mysql-connector-j\8.4.0\b1bc0f47bcad26ad5f9bceefb63fcb920d868fca\mysql-connector-j-8.4.0.jar;C:\Users\82106\.gradle\caches\modules-2\files-2.1\org.springframework.boot\spring-boot-starter-data-jpa\3.3.0\daa6f75f99e68f11f473a5681955764ff4d4b024\spring-boot-starter-data-jpa-3.3.0.jar;C:\Users\82106\.gradle\caches\modules-2\files-2.1\org.springframework.integration\spring-integration-core\6.3.0\4f1aefe2abd4bb7936b836946acc0c8cb841b034\spring-integration-core-6.3.0.jar;C:\Users\82106\.gradle\caches\modules-2\files-2.1\org.springframework.boot\spring-boot-starter-json\3.1.4\2dafafeb1ca78678a970947c51def69723c7442c\spring-boot-starter-json-3.1.4.jar;C:\Users\82106\.gradle\caches\modules-2\files-2.1\org.springframework.boot\spring-boot-starter\3.1.4\8a615e53a9f45eecc4821917b1423daa68afcf19\spring-boot-starter-3.1.4.jar;C:\Users\82106\.gradle\caches\modules-2\files-2.1\org.springframework.boot\spring-boot-starter-tomcat\3.1.4\b8f55488574671d085f8d31c137c6f6d8d79cc24\spring-boot-starter-tomcat-3.1.4.jar;C:\Users\82106\.gradle\caches\modules-2\files-2.1\org.springframework\spring-webmvc\6.0.12\c7cf897d23da
Launcher Type: SUN_STANDARD

[Global flags]
     intx CICompilerCount                          = 4                                         {product} {ergonomic}
     uint ConcGCThreads                            = 2                                         {product} {ergonomic}
     uint G1ConcRefinementThreads                  = 8                                         {product} {ergonomic}
   size_t G1HeapRegionSize                         = 1048576                                   {product} {ergonomic}
    uintx GCDrainStackTargetSize                   = 64                                        {product} {ergonomic}
   size_t InitialHeapSize                          = 130023424                                 {product} {ergonomic}
     bool ManagementServer                         = true                                      {product} {command line}
   size_t MarkStackSize                            = 4194304                                   {product} {ergonomic}
   size_t MaxHeapSize                              = 2071986176                                {product} {ergonomic}
   size_t MinHeapDeltaBytes                        = 1048576                                   {product} {ergonomic}
   size_t MinHeapSize                              = 8388608                                   {product} {ergonomic}
    uintx NonProfiledCodeHeapSize                  = 0                                      {pd product} {ergonomic}
     bool ProfileInterpreter                       = false                                  {pd product} {command line}
    uintx ProfiledCodeHeapSize                     = 0                                      {pd product} {ergonomic}
   size_t SoftMaxHeapSize                          = 2071986176                             {manageable} {ergonomic}
     intx TieredStopAtLevel                        = 1                                         {product} {command line}
     bool UseCompressedClassPointers               = true                           {product lp64_product} {ergonomic}
     bool UseCompressedOops                        = true                           {product lp64_product} {ergonomic}
     bool UseG1GC                                  = true                                      {product} {ergonomic}
     bool UseLargePagesIndividualAllocation        = false                                  {pd product} {ergonomic}

Logging:
Log output configuration:
 #0: stdout all=warning uptime,level,tags
 #1: stderr all=off uptime,level,tags

Environment Variables:
JAVA_HOME=C:\Program Files\Amazon Corretto\jdk11.0.18_10
CLASSPATH=%classpath%;.;.;.
PATH=C:\Program Files\Common Files\Oracle\Java\javapath;C:\Program Files\Amazon Corretto\jdk11.0.18_10\bin;C:\Program Files\Eclipse Adoptium\jdk-11.0.17.8-hotspot\bin;C:\Program Files (x86)\VMware\VMware Workstation\bin\;C:\Program Files (x86)\Common Files\Oracle\Java\javapath;C:\Windows\system32;C:\Windows;C:\Windows\System32\Wbem;C:\Windows\System32\WindowsPowerShell\v1.0\;C:\Windows\System32\OpenSSH\;C:\Program Files\dotnet\;C:\Program Files (x86)\dotnet\;C:\Program Files\MATLAB\R2021b\bin;C:\Program Files\Microsoft SQL Server\130\Tools\Binn\;C:\Program Files\Git\cmd;C:\Program Files\Graphviz\bin;C:\Program Files\nodejs\;C:\Program Files\Docker\Docker\resources\bin;D:\curl-8.8.0_1-win64-mingw\curl-8.8.0_1-win64-mingw\bin;C:\Program Files\Java\scripts;C:\Program Files\Java\jdk1.8.0_301;C:\Program Files\Java\jdk-17;C:\Program Files\Amazon Corretto\jdk11.0.18_10;C:\Program Files\MySQL\MySQL Server 8.0\bin;C:\Users\82106\AppData\Local\Programs\Microsoft VS Code\bin;C:\Program Files\JetBrains\IntelliJ IDEA 2022.3.1\bin;C:\Users\82106\AppData\Local\gitkraken\bin;C:\Users\82106\AppData\Roaming\npm
USERNAME=82106
OS=Windows_NT
PROCESSOR_IDENTIFIER=Intel64 Family 6 Model 126 Stepping 5, GenuineIntel



---------------  S Y S T E M  ---------------

OS:
 Windows 10 , 64 bit Build 19041 (10.0.19041.3636)
OS uptime: 0 days 0:58 hours
Hyper-V role detected

CPU: total 8 (initial active 8) (4 cores per cpu, 2 threads per core) family 6 model 126 stepping 5 microcode 0x96, cx8, cmov, fxsr, ht, mmx, 3dnowpref, sse, sse2, sse3, ssse3, sse4.1, sse4.2, popcnt, lzcnt, tsc, tscinvbit, avx, avx2, aes, erms, clmul, bmi1, bmi2, adx, avx512f, avx512dq, avx512cd, avx512bw, avx512vl, sha, fma, vzeroupper, avx512_vpopcntdq, avx512_vpclmulqdq, avx512_vaes, avx512_vnni, clflush, clflushopt, avx512_vbmi2, avx512_vbmi, hv

Memory: 4k page, system-wide physical 7901M (270M free)
TotalPageFile size 16093M (AvailPageFile size 149M)
current process WorkingSet (physical memory assigned to process): 10M, peak: 10M
current process commit charge ("private bytes"): 55M, peak: 179M

vm_info: Java HotSpot(TM) 64-Bit Server VM (17.0.10+11-LTS-240) for windows-amd64 JRE (17.0.10+11-LTS-240), built on Dec 19 2023 21:47:25 by "mach5one" with MS VC++ 17.1 (VS2022)

END.
